4.1433 	WARNING 	unknown type:Age
4.1433 	WARNING 	unknown type:Gender
4.1434 	WARNING 	unknown type:Participant
4.7252 	EXP 	Created window1 = Window(allowGUI=False, allowStencil=False, autoLog=True, bitsMode=UNKNOWN, blendMode='avg', color=array([ 0.,  0.,  0.]), colorSpace='rgb', fullscr=UNKNOWN, gamma=None, lms=UNKNOWN, monitor=<psychopy.monitors.calibTools.Monitor object at 0x1136e6c50>, multiSample=False, name='window1', numSamples=2, pos=[0.0, 0.0], screen=0, size=array([1440,  900]), stereo=False, units=u'norm', useFBO=True, useRetina=True, viewOri=0.0, viewPos=None, viewScale=None, waitBlanking=True, winType='pyglet')
4.7253 	EXP 	window1: recordFrameIntervals = False
4.8914 	EXP 	window1: recordFrameIntervals = True
5.0754 	EXP 	window1: recordFrameIntervals = False
5.1604 	EXP 	Created instructFixed = TextStim(alignHoriz='center', alignVert='center', antialias=True, autoLog=True, bold=False, color='white', colorSpace='named', contrast=1.0, depth=0.0, flipHoriz=False, flipVert=False, font='Arial', fontFiles=[], height=0.1, italic=False, name='instructFixed', opacity=1.0, ori=0, pos=array([ 0. ,  0.6]), rgb=array([ 255.,  255.,  255.]), text=newstr(...), units='norm', win=Window(...), wrapWidth=1)
5.1772 	EXP 	Created instructChanging = TextStim(alignHoriz='center', alignVert='center', antialias=True, autoLog=True, bold=False, color='white', colorSpace='named', contrast=1.0, depth=-1.0, flipHoriz=False, flipVert=False, font='Arial', fontFiles=[], height=0.1, italic=False, name='instructChanging', opacity=1.0, ori=0, pos=array([ 0. , -0.1]), rgb=array([ 255.,  255.,  255.]), text='default text', units=u'norm', win=Window(...), wrapWidth=1)
5.1890 	EXP 	Created pushSpace = TextStim(alignHoriz='center', alignVert='center', antialias=True, autoLog=True, bold=False, color='white', colorSpace='named', contrast=1.0, depth=-2.0, flipHoriz=False, flipVert=False, font='Arial', fontFiles=[], height=0.1, italic=False, name='pushSpace', opacity=1.0, ori=0, pos=array([ 0. , -0.5]), rgb=array([ 255.,  255.,  255.]), text=newstr(...), units=u'norm', win=Window(...), wrapWidth=1)
5.1978 	EXP 	Created fixationPoint = TextStim(alignHoriz='center', alignVert='center', antialias=True, autoLog=True, bold=False, color='white', colorSpace='named', contrast=1.0, depth=0.0, flipHoriz=False, flipVert=False, font='Arial', fontFiles=[], height=0.4, italic=False, name='fixationPoint', opacity=1.0, ori=0, pos=array([ 0.   , -0.075]), rgb=array([ 255.,  255.,  255.]), text='*', units=u'norm', win=Window(...), wrapWidth=1)
5.2139 	EXP 	Created stroopText = TextStim(alignHoriz='center', alignVert='center', antialias=True, autoLog=True, bold=False, color=array([ 1.,  1.,  1.]), colorSpace='rgb', contrast=1.0, depth=-1.0, flipHoriz=False, flipVert=False, font='Arial', fontFiles=[], height=0.25, italic=False, name='stroopText', opacity=1.0, ori=0, pos=array([ 0.,  0.]), rgb=array([ 1.,  1.,  1.]), text='default text', units=u'norm', win=Window(...), wrapWidth=1)
5.2185 	EXP 	Created feedbackText = TextStim(alignHoriz='center', alignVert='center', antialias=True, autoLog=True, bold=False, color='white', colorSpace='named', contrast=1.0, depth=-1.0, flipHoriz=False, flipVert=False, font='Arial', fontFiles=[], height=0.1, italic=False, name='feedbackText', opacity=1.0, ori=0, pos=array([ 0.,  0.]), rgb=array([ 255.,  255.,  255.]), text='Feedback', units=u'norm', win=Window(...), wrapWidth=1)
5.2204 	EXP 	Imported block_order_instr.csv as conditions, 2 conditions, 2 params
5.2207 	EXP 	Created sequence: sequential, trialTypes=2, nReps=1, seed=None
5.2211 	EXP 	New trial (rep=0, index=0): OrderedDict([('language', u'English'), ('instructions', u'red = \u2190, green = \u2193, blue = \u2192')])
5.2567 	EXP 	instructChanging: text = u'red = \u2190, green = \u2193, blue = \u2192'
5.2567 	EXP 	instructFixed: autoDraw = True
5.2567 	EXP 	instructChanging: autoDraw = True
5.2567 	EXP 	pushSpace: autoDraw = True
5.6641 	DATA 	Keypress: right
8.0873 	DATA 	Keypress: space
8.1042 	EXP 	Imported English.xlsx as conditions, 9 conditions, 4 params
8.1048 	EXP 	Created sequence: random, trialTypes=9, nReps=10, seed=None
8.1052 	EXP 	New trial (rep=0, index=0): {u'congruent': 0L, u'word': u'green', u'corrAns': u'right', u'letterColor': u'blue'}
8.1150 	EXP 	instructFixed: autoDraw = False
8.1150 	EXP 	instructChanging: autoDraw = False
8.1150 	EXP 	pushSpace: autoDraw = False
8.1150 	EXP 	stroopText: color = u'blue (named)'
8.1150 	EXP 	stroopText: text = u'green'
8.1150 	EXP 	fixationPoint: autoDraw = True
8.6182 	EXP 	fixationPoint: autoDraw = False
8.6348 	EXP 	stroopText: autoDraw = True
8.9231 	DATA 	Keypress: right
8.9381 	EXP 	New trial (rep=0, index=1): {u'congruent': 0L, u'word': u'red', u'corrAns': u'down', u'letterColor': u'green'}
8.9523 	EXP 	fixationPoint: autoDraw = False
8.9523 	EXP 	stroopText: autoDraw = False
8.9523 	EXP 	stroopText: color = u'green (named)'
8.9523 	EXP 	stroopText: text = u'red'
8.9523 	EXP 	fixationPoint: autoDraw = True
9.4537 	EXP 	fixationPoint: autoDraw = False
9.4698 	EXP 	stroopText: autoDraw = True
9.7231 	DATA 	Keypress: left
9.7248 	EXP 	New trial (rep=0, index=2): {u'congruent': 0L, u'word': u'red', u'corrAns': u'right', u'letterColor': u'blue'}
9.7378 	EXP 	fixationPoint: autoDraw = False
9.7378 	EXP 	stroopText: autoDraw = False
9.7378 	EXP 	stroopText: color = u'blue (named)'
9.7378 	EXP 	stroopText: text = u'red'
9.7378 	EXP 	fixationPoint: autoDraw = True
10.2388 	EXP 	fixationPoint: autoDraw = False
10.2560 	EXP 	stroopText: autoDraw = True
10.4923 	DATA 	Keypress: left
10.4941 	EXP 	New trial (rep=0, index=3): {u'congruent': 1L, u'word': u'green', u'corrAns': u'down', u'letterColor': u'green'}
10.5064 	EXP 	fixationPoint: autoDraw = False
10.5064 	EXP 	stroopText: autoDraw = False
10.5064 	EXP 	stroopText: color = u'green (named)'
10.5064 	EXP 	stroopText: text = u'green'
10.5064 	EXP 	fixationPoint: autoDraw = True
11.0079 	EXP 	fixationPoint: autoDraw = False
11.0247 	EXP 	stroopText: autoDraw = True
11.1107 	DATA 	Keypress: down
11.1125 	EXP 	New trial (rep=0, index=4): {u'congruent': 0L, u'word': u'blue', u'corrAns': u'left', u'letterColor': u'red'}
11.1270 	EXP 	fixationPoint: autoDraw = False
11.1270 	EXP 	stroopText: autoDraw = False
11.1270 	EXP 	stroopText: color = u'red (named)'
11.1270 	EXP 	stroopText: text = u'blue'
11.1270 	EXP 	fixationPoint: autoDraw = True
11.6262 	EXP 	fixationPoint: autoDraw = False
11.6430 	EXP 	stroopText: autoDraw = True
11.8127 	DATA 	Keypress: right
11.8145 	EXP 	New trial (rep=0, index=5): {u'congruent': 1L, u'word': u'red', u'corrAns': u'left', u'letterColor': u'red'}
11.8267 	EXP 	fixationPoint: autoDraw = False
11.8267 	EXP 	stroopText: autoDraw = False
11.8267 	EXP 	stroopText: color = u'red (named)'
11.8267 	EXP 	stroopText: text = u'red'
11.8267 	EXP 	fixationPoint: autoDraw = True
12.3282 	EXP 	fixationPoint: autoDraw = False
12.3447 	EXP 	stroopText: autoDraw = True
12.5646 	DATA 	Keypress: right
12.5663 	EXP 	New trial (rep=0, index=6): {u'congruent': 1L, u'word': u'blue', u'corrAns': u'right', u'letterColor': u'blue'}
12.5786 	EXP 	fixationPoint: autoDraw = False
12.5786 	EXP 	stroopText: autoDraw = False
12.5786 	EXP 	stroopText: color = u'blue (named)'
12.5786 	EXP 	stroopText: text = u'blue'
12.5786 	EXP 	fixationPoint: autoDraw = True
13.0802 	EXP 	fixationPoint: autoDraw = False
13.0970 	EXP 	stroopText: autoDraw = True
13.2999 	DATA 	Keypress: right
13.3017 	EXP 	New trial (rep=0, index=7): {u'congruent': 0L, u'word': u'blue', u'corrAns': u'down', u'letterColor': u'green'}
13.3142 	EXP 	fixationPoint: autoDraw = False
13.3142 	EXP 	stroopText: autoDraw = False
13.3142 	EXP 	stroopText: color = u'green (named)'
13.3142 	EXP 	stroopText: text = u'blue'
13.3142 	EXP 	fixationPoint: autoDraw = True
13.5173 	DATA 	Keypress: escape
