4.7104 	EXP 	Created window1 = Window(allowGUI=False, allowStencil=False, autoLog=True, bitsMode=UNKNOWN, blendMode='avg', color=array([ 0.,  0.,  0.]), colorSpace='rgb', fullscr=UNKNOWN, gamma=None, lms=UNKNOWN, monitor=<psychopy.monitors.calibTools.Monitor object at 0x11219ccd0>, multiSample=False, name='window1', numSamples=2, pos=[0, 0], screen=0, size=array([2560, 1440]), stereo=False, units=u'norm', useFBO=True, useRetina=False, viewOri=0.0, viewPos=None, viewScale=None, waitBlanking=True, winType='pyglet')
4.7104 	EXP 	window1: recordFrameIntervals = False
4.8761 	EXP 	window1: recordFrameIntervals = True
5.0600 	EXP 	window1: recordFrameIntervals = False
5.2961 	EXP 	Created instructText = TextStim(alignHoriz='center', alignVert='center', antialias=True, autoLog=True, bold=False, color=u'white', colorSpace='named', contrast=1.0, depth=0.0, flipHoriz=False, flipVert=False, font=u'Arial', fontFiles=[], height=0.1, italic=False, name='instructText', opacity=1.0, ori=0, pos=array([ 0.,  0.]), rgb=array([ 255.,  255.,  255.]), text=unicode(...), units=u'norm', win=Window(...), wrapWidth=1)
5.3004 	EXP 	Created fixationITI = Polygon(autoDraw=False, autoLog=True, closeShape=True, contrast=1.0, depth=0.0, fillColor=array([ 1.,  1.,  1.]), fillColorSpace='rgb', fillRGB=array([ 1.,  1.,  1.]), interpolate=True, lineColor=array([ 1.,  1.,  1.]), lineColorSpace='rgb', lineRGB=array([ 1.,  1.,  1.]), lineWidth=1, name='fixationITI', opacity=1.0, ori=array(0.0), pos=array([ 0.,  0.]), size=array([ 5.,  5.]), units='pix', vertices=ndarray(...), win=Window(...))
5.3019 	EXP 	Created cue = ShapeStim(autoDraw=False, autoLog=True, closeShape=True, contrast=1.0, depth=0.0, fillColor=array([ 1.,  1.,  1.]), fillColorSpace='rgb', interpolate=True, lineColor=array([ 1.,  1.,  1.]), lineColorSpace='rgb', lineWidth=1, name='cue', opacity=1.0, ori=array(1.0), pos=array([ 0.,  0.]), size=array([ 1.,  1.]), units='pix', vertices=ndarray(...), win=Window(...), windingRule=None)
5.3024 	EXP 	<method-wrapper '__getattribute__' of attributeSetter object at 0x10fd65890>: vertices = array([[-100.,  100.],
       [ 100.,  100.],
       [ 100., -100.],
       [-100., -100.]])
5.3041 	EXP 	Created probe = Rect(autoDraw=False, autoLog=True, closeShape=True, contrast=1.0, depth=-1.0, fillColor=array([ 1.,  1.,  1.]), fillColorSpace='rgb', fillRGB=array([ 1.,  1.,  1.]), interpolate=True, lineColor=array([ 1.,  1.,  1.]), lineColorSpace='rgb', lineRGB=array([ 1.,  1.,  1.]), lineWidth=1, name='probe', opacity=1.0, ori=array(0.0), pos=array([ 0.,  0.]), size=array([ 1.,  1.]), units='pix', vertices=ndarray(...), win=Window(...))
5.3072 	EXP 	window1: blendMode = 'avg'
5.3261 	EXP 	instructText: autoDraw = True
5.3267 	EXP 	window1: blendMode = 'avg'
5.3436 	EXP 	window1: blendMode = 'avg'
5.3613 	EXP 	window1: blendMode = 'avg'
5.3772 	EXP 	window1: blendMode = 'avg'
5.3944 	EXP 	window1: blendMode = 'avg'
5.4113 	EXP 	window1: blendMode = 'avg'
5.4275 	EXP 	window1: blendMode = 'avg'
5.4445 	EXP 	window1: blendMode = 'avg'
5.4613 	EXP 	window1: blendMode = 'avg'
5.4773 	EXP 	window1: blendMode = 'avg'
5.4945 	EXP 	window1: blendMode = 'avg'
5.5112 	EXP 	window1: blendMode = 'avg'
5.5275 	EXP 	window1: blendMode = 'avg'
5.5443 	EXP 	window1: blendMode = 'avg'
5.5613 	EXP 	window1: blendMode = 'avg'
5.5781 	EXP 	window1: blendMode = 'avg'
5.5942 	EXP 	window1: blendMode = 'avg'
5.6106 	EXP 	window1: blendMode = 'avg'
5.6275 	EXP 	window1: blendMode = 'avg'
5.6445 	EXP 	window1: blendMode = 'avg'
5.6612 	EXP 	window1: blendMode = 'avg'
5.6772 	EXP 	window1: blendMode = 'avg'
5.6944 	EXP 	window1: blendMode = 'avg'
5.7125 	EXP 	window1: blendMode = 'avg'
5.7282 	EXP 	window1: blendMode = 'avg'
5.7444 	EXP 	window1: blendMode = 'avg'
5.7605 	EXP 	window1: blendMode = 'avg'
5.7778 	EXP 	window1: blendMode = 'avg'
5.7936 	EXP 	window1: blendMode = 'avg'
5.8112 	EXP 	window1: blendMode = 'avg'
5.8275 	EXP 	window1: blendMode = 'avg'
5.8436 	EXP 	window1: blendMode = 'avg'
5.8604 	EXP 	window1: blendMode = 'avg'
5.8774 	EXP 	window1: blendMode = 'avg'
5.8942 	EXP 	window1: blendMode = 'avg'
5.9105 	EXP 	window1: blendMode = 'avg'
5.9273 	EXP 	window1: blendMode = 'avg'
5.9441 	EXP 	window1: blendMode = 'avg'
5.9605 	EXP 	window1: blendMode = 'avg'
5.9776 	EXP 	window1: blendMode = 'avg'
5.9934 	EXP 	window1: blendMode = 'avg'
6.0104 	EXP 	window1: blendMode = 'avg'
6.0273 	EXP 	window1: blendMode = 'avg'
6.0442 	EXP 	window1: blendMode = 'avg'
6.0604 	EXP 	window1: blendMode = 'avg'
6.0775 	EXP 	window1: blendMode = 'avg'
6.0935 	EXP 	window1: blendMode = 'avg'
6.1104 	EXP 	window1: blendMode = 'avg'
6.1273 	EXP 	window1: blendMode = 'avg'
6.1443 	EXP 	window1: blendMode = 'avg'
6.1604 	EXP 	window1: blendMode = 'avg'
6.1774 	EXP 	window1: blendMode = 'avg'
6.1943 	EXP 	window1: blendMode = 'avg'
6.2104 	EXP 	window1: blendMode = 'avg'
6.2275 	EXP 	window1: blendMode = 'avg'
6.2443 	EXP 	window1: blendMode = 'avg'
6.2603 	EXP 	window1: blendMode = 'avg'
6.2775 	EXP 	window1: blendMode = 'avg'
6.2935 	EXP 	window1: blendMode = 'avg'
6.3105 	EXP 	window1: blendMode = 'avg'
6.3273 	EXP 	window1: blendMode = 'avg'
6.3445 	EXP 	window1: blendMode = 'avg'
6.3607 	EXP 	window1: blendMode = 'avg'
6.3775 	EXP 	window1: blendMode = 'avg'
6.3945 	EXP 	window1: blendMode = 'avg'
6.4104 	EXP 	window1: blendMode = 'avg'
6.4273 	EXP 	window1: blendMode = 'avg'
6.4443 	EXP 	window1: blendMode = 'avg'
6.4603 	EXP 	window1: blendMode = 'avg'
6.4774 	EXP 	window1: blendMode = 'avg'
6.4943 	EXP 	window1: blendMode = 'avg'
6.5103 	EXP 	window1: blendMode = 'avg'
6.5274 	EXP 	window1: blendMode = 'avg'
6.5443 	EXP 	window1: blendMode = 'avg'
6.5603 	EXP 	window1: blendMode = 'avg'
6.5775 	EXP 	window1: blendMode = 'avg'
6.5943 	EXP 	window1: blendMode = 'avg'
6.6105 	EXP 	window1: blendMode = 'avg'
6.6274 	EXP 	window1: blendMode = 'avg'
6.6443 	EXP 	window1: blendMode = 'avg'
6.6603 	EXP 	window1: blendMode = 'avg'
6.6775 	EXP 	window1: blendMode = 'avg'
6.6943 	EXP 	window1: blendMode = 'avg'
6.7105 	EXP 	window1: blendMode = 'avg'
6.7274 	EXP 	window1: blendMode = 'avg'
6.7445 	EXP 	window1: blendMode = 'avg'
6.7605 	EXP 	window1: blendMode = 'avg'
6.7776 	EXP 	window1: blendMode = 'avg'
6.7943 	EXP 	window1: blendMode = 'avg'
6.8102 	EXP 	window1: blendMode = 'avg'
6.8274 	EXP 	window1: blendMode = 'avg'
6.8445 	EXP 	window1: blendMode = 'avg'
6.8606 	EXP 	window1: blendMode = 'avg'
6.8775 	EXP 	window1: blendMode = 'avg'
6.8942 	EXP 	window1: blendMode = 'avg'
6.9106 	EXP 	window1: blendMode = 'avg'
6.9274 	EXP 	window1: blendMode = 'avg'
6.9443 	EXP 	window1: blendMode = 'avg'
6.9603 	EXP 	window1: blendMode = 'avg'
6.9775 	EXP 	window1: blendMode = 'avg'
6.9943 	EXP 	window1: blendMode = 'avg'
7.0106 	EXP 	window1: blendMode = 'avg'
7.0274 	EXP 	window1: blendMode = 'avg'
7.0444 	EXP 	window1: blendMode = 'avg'
7.0604 	EXP 	window1: blendMode = 'avg'
7.0777 	EXP 	window1: blendMode = 'avg'
7.0936 	EXP 	window1: blendMode = 'avg'
7.1105 	EXP 	window1: blendMode = 'avg'
7.1273 	EXP 	window1: blendMode = 'avg'
7.1443 	EXP 	window1: blendMode = 'avg'
7.1606 	EXP 	window1: blendMode = 'avg'
7.1775 	EXP 	window1: blendMode = 'avg'
7.1944 	EXP 	window1: blendMode = 'avg'
7.2113 	EXP 	window1: blendMode = 'avg'
7.2273 	EXP 	window1: blendMode = 'avg'
7.2445 	EXP 	window1: blendMode = 'avg'
7.2603 	EXP 	window1: blendMode = 'avg'
7.2775 	EXP 	window1: blendMode = 'avg'
7.2944 	EXP 	window1: blendMode = 'avg'
7.3105 	EXP 	window1: blendMode = 'avg'
7.3274 	EXP 	window1: blendMode = 'avg'
7.3445 	EXP 	window1: blendMode = 'avg'
7.3605 	EXP 	window1: blendMode = 'avg'
7.3774 	EXP 	window1: blendMode = 'avg'
7.3945 	EXP 	window1: blendMode = 'avg'
7.4104 	EXP 	window1: blendMode = 'avg'
7.4274 	EXP 	window1: blendMode = 'avg'
7.4444 	EXP 	window1: blendMode = 'avg'
7.4604 	EXP 	window1: blendMode = 'avg'
7.4775 	EXP 	window1: blendMode = 'avg'
7.4945 	EXP 	window1: blendMode = 'avg'
7.5105 	EXP 	window1: blendMode = 'avg'
7.5274 	EXP 	window1: blendMode = 'avg'
7.5446 	EXP 	window1: blendMode = 'avg'
7.5605 	EXP 	window1: blendMode = 'avg'
7.5775 	EXP 	window1: blendMode = 'avg'
7.5944 	EXP 	window1: blendMode = 'avg'
7.6104 	EXP 	window1: blendMode = 'avg'
7.6275 	EXP 	window1: blendMode = 'avg'
7.6444 	EXP 	window1: blendMode = 'avg'
7.6604 	EXP 	window1: blendMode = 'avg'
7.6774 	EXP 	window1: blendMode = 'avg'
7.6945 	EXP 	window1: blendMode = 'avg'
7.7104 	EXP 	window1: blendMode = 'avg'
7.7275 	EXP 	window1: blendMode = 'avg'
7.7444 	EXP 	window1: blendMode = 'avg'
7.7604 	EXP 	window1: blendMode = 'avg'
7.7775 	EXP 	window1: blendMode = 'avg'
7.7938 	EXP 	window1: blendMode = 'avg'
7.8106 	EXP 	window1: blendMode = 'avg'
7.8274 	EXP 	window1: blendMode = 'avg'
7.8444 	EXP 	window1: blendMode = 'avg'
7.8605 	EXP 	window1: blendMode = 'avg'
7.8776 	EXP 	window1: blendMode = 'avg'
7.8945 	EXP 	window1: blendMode = 'avg'
7.9104 	EXP 	window1: blendMode = 'avg'
7.9274 	EXP 	window1: blendMode = 'avg'
7.9444 	EXP 	window1: blendMode = 'avg'
7.9604 	EXP 	window1: blendMode = 'avg'
7.9774 	EXP 	window1: blendMode = 'avg'
7.9944 	EXP 	window1: blendMode = 'avg'
8.0104 	EXP 	window1: blendMode = 'avg'
8.0273 	EXP 	window1: blendMode = 'avg'
8.0444 	EXP 	window1: blendMode = 'avg'
8.0604 	EXP 	window1: blendMode = 'avg'
8.0776 	EXP 	window1: blendMode = 'avg'
8.0946 	EXP 	window1: blendMode = 'avg'
8.1114 	EXP 	window1: blendMode = 'avg'
8.1276 	EXP 	window1: blendMode = 'avg'
8.1446 	EXP 	window1: blendMode = 'avg'
8.1605 	EXP 	window1: blendMode = 'avg'
8.1775 	EXP 	window1: blendMode = 'avg'
8.1944 	EXP 	window1: blendMode = 'avg'
8.2104 	EXP 	window1: blendMode = 'avg'
8.2275 	EXP 	window1: blendMode = 'avg'
8.2446 	EXP 	window1: blendMode = 'avg'
8.2604 	EXP 	window1: blendMode = 'avg'
8.2776 	EXP 	window1: blendMode = 'avg'
8.2945 	EXP 	window1: blendMode = 'avg'
8.3105 	EXP 	window1: blendMode = 'avg'
8.3276 	EXP 	window1: blendMode = 'avg'
8.3446 	EXP 	window1: blendMode = 'avg'
8.3606 	EXP 	window1: blendMode = 'avg'
8.3776 	EXP 	window1: blendMode = 'avg'
8.3943 	EXP 	window1: blendMode = 'avg'
8.4114 	EXP 	window1: blendMode = 'avg'
8.4273 	EXP 	window1: blendMode = 'avg'
8.4444 	EXP 	window1: blendMode = 'avg'
8.4613 	EXP 	window1: blendMode = 'avg'
8.4774 	EXP 	window1: blendMode = 'avg'
8.4944 	EXP 	window1: blendMode = 'avg'
8.5114 	EXP 	window1: blendMode = 'avg'
8.5274 	EXP 	window1: blendMode = 'avg'
8.5444 	EXP 	window1: blendMode = 'avg'
8.5614 	EXP 	window1: blendMode = 'avg'
8.5777 	EXP 	window1: blendMode = 'avg'
8.5946 	EXP 	window1: blendMode = 'avg'
8.6105 	EXP 	window1: blendMode = 'avg'
8.6274 	EXP 	window1: blendMode = 'avg'
8.6444 	EXP 	window1: blendMode = 'avg'
8.6614 	EXP 	window1: blendMode = 'avg'
8.6775 	EXP 	window1: blendMode = 'avg'
8.6945 	EXP 	window1: blendMode = 'avg'
8.7115 	EXP 	window1: blendMode = 'avg'
8.7274 	EXP 	window1: blendMode = 'avg'
8.7445 	EXP 	window1: blendMode = 'avg'
8.7604 	EXP 	window1: blendMode = 'avg'
8.7775 	EXP 	window1: blendMode = 'avg'
8.7945 	EXP 	window1: blendMode = 'avg'
8.8114 	EXP 	window1: blendMode = 'avg'
8.8277 	EXP 	window1: blendMode = 'avg'
8.8446 	EXP 	window1: blendMode = 'avg'
8.8607 	EXP 	window1: blendMode = 'avg'
8.8775 	EXP 	window1: blendMode = 'avg'
8.8945 	EXP 	window1: blendMode = 'avg'
8.9105 	EXP 	window1: blendMode = 'avg'
8.9274 	EXP 	window1: blendMode = 'avg'
8.9444 	EXP 	window1: blendMode = 'avg'
8.9614 	EXP 	window1: blendMode = 'avg'
8.9778 	EXP 	window1: blendMode = 'avg'
8.9947 	EXP 	window1: blendMode = 'avg'
9.0106 	EXP 	window1: blendMode = 'avg'
9.0274 	EXP 	window1: blendMode = 'avg'
9.0445 	EXP 	window1: blendMode = 'avg'
9.0607 	EXP 	window1: blendMode = 'avg'
9.0785 	EXP 	window1: blendMode = 'avg'
9.0947 	EXP 	window1: blendMode = 'avg'
9.1114 	EXP 	window1: blendMode = 'avg'
9.1284 	EXP 	window1: blendMode = 'avg'
9.1446 	EXP 	window1: blendMode = 'avg'
9.1615 	EXP 	window1: blendMode = 'avg'
9.1784 	EXP 	window1: blendMode = 'avg'
9.1947 	EXP 	window1: blendMode = 'avg'
9.2115 	EXP 	window1: blendMode = 'avg'
9.2283 	EXP 	window1: blendMode = 'avg'
9.2447 	EXP 	window1: blendMode = 'avg'
9.2616 	EXP 	window1: blendMode = 'avg'
9.2789 	EXP 	window1: blendMode = 'avg'
9.2954 	EXP 	window1: blendMode = 'avg'
9.3126 	EXP 	window1: blendMode = 'avg'
9.3288 	EXP 	window1: blendMode = 'avg'
9.3448 	EXP 	window1: blendMode = 'avg'
9.3616 	EXP 	window1: blendMode = 'avg'
9.3785 	EXP 	window1: blendMode = 'avg'
9.3947 	EXP 	window1: blendMode = 'avg'
9.4116 	EXP 	window1: blendMode = 'avg'
9.4285 	EXP 	window1: blendMode = 'avg'
9.4454 	EXP 	window1: blendMode = 'avg'
9.4616 	EXP 	window1: blendMode = 'avg'
9.4785 	EXP 	window1: blendMode = 'avg'
9.4948 	EXP 	window1: blendMode = 'avg'
9.5116 	EXP 	window1: blendMode = 'avg'
9.5285 	EXP 	window1: blendMode = 'avg'
9.5456 	EXP 	window1: blendMode = 'avg'
9.5616 	EXP 	window1: blendMode = 'avg'
9.5792 	EXP 	window1: blendMode = 'avg'
9.5954 	EXP 	window1: blendMode = 'avg'
9.6117 	EXP 	window1: blendMode = 'avg'
9.6285 	EXP 	window1: blendMode = 'avg'
9.6454 	EXP 	window1: blendMode = 'avg'
9.6626 	EXP 	window1: blendMode = 'avg'
9.6785 	EXP 	window1: blendMode = 'avg'
9.6956 	EXP 	window1: blendMode = 'avg'
9.7116 	EXP 	window1: blendMode = 'avg'
9.7291 	EXP 	window1: blendMode = 'avg'
9.7456 	EXP 	window1: blendMode = 'avg'
9.7625 	EXP 	window1: blendMode = 'avg'
9.7789 	EXP 	window1: blendMode = 'avg'
9.7947 	EXP 	window1: blendMode = 'avg'
9.8115 	EXP 	window1: blendMode = 'avg'
9.8285 	EXP 	window1: blendMode = 'avg'
9.8455 	EXP 	window1: blendMode = 'avg'
9.8616 	EXP 	window1: blendMode = 'avg'
9.8785 	EXP 	window1: blendMode = 'avg'
9.8947 	EXP 	window1: blendMode = 'avg'
9.9128 	EXP 	window1: blendMode = 'avg'
9.9286 	EXP 	window1: blendMode = 'avg'
9.9454 	EXP 	window1: blendMode = 'avg'
9.9617 	EXP 	window1: blendMode = 'avg'
9.9787 	EXP 	window1: blendMode = 'avg'
9.9954 	EXP 	window1: blendMode = 'avg'
10.0116 	EXP 	window1: blendMode = 'avg'
10.0287 	EXP 	window1: blendMode = 'avg'
10.0454 	EXP 	window1: blendMode = 'avg'
10.0624 	EXP 	window1: blendMode = 'avg'
10.0786 	EXP 	window1: blendMode = 'avg'
10.0955 	EXP 	window1: blendMode = 'avg'
10.1116 	EXP 	window1: blendMode = 'avg'
10.1286 	EXP 	window1: blendMode = 'avg'
10.1454 	EXP 	window1: blendMode = 'avg'
10.1617 	EXP 	window1: blendMode = 'avg'
10.1786 	EXP 	window1: blendMode = 'avg'
10.1954 	EXP 	window1: blendMode = 'avg'
10.2117 	EXP 	window1: blendMode = 'avg'
10.2284 	EXP 	window1: blendMode = 'avg'
10.2455 	EXP 	window1: blendMode = 'avg'
10.2623 	EXP 	window1: blendMode = 'avg'
10.2786 	EXP 	window1: blendMode = 'avg'
10.2953 	EXP 	window1: blendMode = 'avg'
10.3118 	EXP 	window1: blendMode = 'avg'
10.3286 	EXP 	window1: blendMode = 'avg'
10.3455 	EXP 	window1: blendMode = 'avg'
10.3617 	EXP 	window1: blendMode = 'avg'
10.3801 	EXP 	window1: blendMode = 'avg'
10.3964 	EXP 	window1: blendMode = 'avg'
10.4127 	EXP 	window1: blendMode = 'avg'
10.4286 	EXP 	window1: blendMode = 'avg'
10.4455 	EXP 	window1: blendMode = 'avg'
10.4618 	EXP 	window1: blendMode = 'avg'
10.4786 	EXP 	window1: blendMode = 'avg'
10.4954 	EXP 	window1: blendMode = 'avg'
10.5127 	EXP 	window1: blendMode = 'avg'
10.5286 	EXP 	window1: blendMode = 'avg'
10.5456 	EXP 	window1: blendMode = 'avg'
10.5623 	EXP 	window1: blendMode = 'avg'
10.5786 	EXP 	window1: blendMode = 'avg'
10.5954 	EXP 	window1: blendMode = 'avg'
10.6118 	EXP 	window1: blendMode = 'avg'
10.6285 	EXP 	window1: blendMode = 'avg'
10.6455 	EXP 	window1: blendMode = 'avg'
10.6623 	EXP 	window1: blendMode = 'avg'
10.6787 	EXP 	window1: blendMode = 'avg'
10.6955 	EXP 	window1: blendMode = 'avg'
10.7124 	EXP 	window1: blendMode = 'avg'
10.7286 	EXP 	window1: blendMode = 'avg'
10.7455 	EXP 	window1: blendMode = 'avg'
10.7624 	EXP 	window1: blendMode = 'avg'
10.7786 	EXP 	window1: blendMode = 'avg'
10.7956 	EXP 	window1: blendMode = 'avg'
10.8119 	EXP 	window1: blendMode = 'avg'
10.8287 	EXP 	window1: blendMode = 'avg'
10.8456 	EXP 	window1: blendMode = 'avg'
10.8624 	EXP 	window1: blendMode = 'avg'
10.8785 	EXP 	window1: blendMode = 'avg'
10.8956 	EXP 	window1: blendMode = 'avg'
10.9118 	EXP 	window1: blendMode = 'avg'
10.9286 	EXP 	window1: blendMode = 'avg'
10.9455 	EXP 	window1: blendMode = 'avg'
10.9619 	EXP 	window1: blendMode = 'avg'
10.9787 	EXP 	window1: blendMode = 'avg'
10.9956 	EXP 	window1: blendMode = 'avg'
11.0124 	EXP 	window1: blendMode = 'avg'
11.0287 	EXP 	window1: blendMode = 'avg'
11.0456 	EXP 	window1: blendMode = 'avg'
11.0626 	EXP 	window1: blendMode = 'avg'
11.0789 	EXP 	window1: blendMode = 'avg'
11.0957 	EXP 	window1: blendMode = 'avg'
11.1125 	EXP 	window1: blendMode = 'avg'
11.1285 	EXP 	window1: blendMode = 'avg'
11.1456 	EXP 	window1: blendMode = 'avg'
11.1624 	EXP 	window1: blendMode = 'avg'
11.1788 	EXP 	window1: blendMode = 'avg'
11.1956 	EXP 	window1: blendMode = 'avg'
11.2118 	EXP 	window1: blendMode = 'avg'
11.2286 	EXP 	window1: blendMode = 'avg'
11.2455 	EXP 	window1: blendMode = 'avg'
11.2624 	EXP 	window1: blendMode = 'avg'
11.2787 	EXP 	window1: blendMode = 'avg'
11.2958 	EXP 	window1: blendMode = 'avg'
11.3118 	EXP 	window1: blendMode = 'avg'
11.3287 	EXP 	window1: blendMode = 'avg'
11.3456 	EXP 	window1: blendMode = 'avg'
11.3626 	EXP 	window1: blendMode = 'avg'
11.3786 	EXP 	window1: blendMode = 'avg'
11.3956 	EXP 	window1: blendMode = 'avg'
11.4125 	EXP 	window1: blendMode = 'avg'
11.4293 	EXP 	window1: blendMode = 'avg'
11.4456 	EXP 	window1: blendMode = 'avg'
11.4625 	EXP 	window1: blendMode = 'avg'
11.4789 	EXP 	window1: blendMode = 'avg'
11.4956 	EXP 	window1: blendMode = 'avg'
11.5125 	EXP 	window1: blendMode = 'avg'
11.5289 	EXP 	window1: blendMode = 'avg'
11.5457 	EXP 	window1: blendMode = 'avg'
11.5625 	EXP 	window1: blendMode = 'avg'
11.5795 	EXP 	window1: blendMode = 'avg'
11.5959 	EXP 	window1: blendMode = 'avg'
11.6126 	EXP 	window1: blendMode = 'avg'
11.6286 	EXP 	window1: blendMode = 'avg'
11.6456 	EXP 	window1: blendMode = 'avg'
11.6625 	EXP 	window1: blendMode = 'avg'
11.6788 	EXP 	window1: blendMode = 'avg'
11.6957 	EXP 	window1: blendMode = 'avg'
11.7125 	EXP 	window1: blendMode = 'avg'
11.7288 	EXP 	window1: blendMode = 'avg'
11.7457 	EXP 	window1: blendMode = 'avg'
11.7626 	EXP 	window1: blendMode = 'avg'
11.7786 	EXP 	window1: blendMode = 'avg'
11.7956 	EXP 	window1: blendMode = 'avg'
11.8125 	EXP 	window1: blendMode = 'avg'
11.8288 	EXP 	window1: blendMode = 'avg'
11.8457 	EXP 	window1: blendMode = 'avg'
11.8626 	EXP 	window1: blendMode = 'avg'
11.8786 	EXP 	window1: blendMode = 'avg'
11.8957 	EXP 	window1: blendMode = 'avg'
11.9126 	EXP 	window1: blendMode = 'avg'
11.9293 	EXP 	window1: blendMode = 'avg'
11.9455 	EXP 	window1: blendMode = 'avg'
11.9625 	EXP 	window1: blendMode = 'avg'
11.9789 	EXP 	window1: blendMode = 'avg'
11.9957 	EXP 	window1: blendMode = 'avg'
12.0126 	EXP 	window1: blendMode = 'avg'
12.0285 	EXP 	window1: blendMode = 'avg'
12.0456 	EXP 	window1: blendMode = 'avg'
12.0626 	EXP 	window1: blendMode = 'avg'
12.0790 	EXP 	window1: blendMode = 'avg'
12.0959 	EXP 	window1: blendMode = 'avg'
12.1126 	EXP 	window1: blendMode = 'avg'
12.1286 	EXP 	window1: blendMode = 'avg'
12.1456 	EXP 	window1: blendMode = 'avg'
12.1626 	EXP 	window1: blendMode = 'avg'
12.1794 	EXP 	window1: blendMode = 'avg'
12.1956 	EXP 	window1: blendMode = 'avg'
12.2126 	EXP 	window1: blendMode = 'avg'
12.2295 	EXP 	window1: blendMode = 'avg'
12.2456 	EXP 	window1: blendMode = 'avg'
12.2626 	EXP 	window1: blendMode = 'avg'
12.2789 	EXP 	window1: blendMode = 'avg'
12.2957 	EXP 	window1: blendMode = 'avg'
12.3127 	EXP 	window1: blendMode = 'avg'
12.3287 	EXP 	window1: blendMode = 'avg'
12.3458 	EXP 	window1: blendMode = 'avg'
12.3627 	EXP 	window1: blendMode = 'avg'
12.3787 	EXP 	window1: blendMode = 'avg'
12.3957 	EXP 	window1: blendMode = 'avg'
12.4126 	EXP 	window1: blendMode = 'avg'
12.4295 	EXP 	window1: blendMode = 'avg'
12.4457 	EXP 	window1: blendMode = 'avg'
12.4627 	EXP 	window1: blendMode = 'avg'
12.4786 	EXP 	window1: blendMode = 'avg'
12.4956 	EXP 	window1: blendMode = 'avg'
12.5126 	EXP 	window1: blendMode = 'avg'
12.5295 	EXP 	window1: blendMode = 'avg'
12.5456 	EXP 	window1: blendMode = 'avg'
12.5626 	EXP 	window1: blendMode = 'avg'
12.5795 	EXP 	window1: blendMode = 'avg'
12.5956 	EXP 	window1: blendMode = 'avg'
12.6127 	EXP 	window1: blendMode = 'avg'
12.6287 	EXP 	window1: blendMode = 'avg'
12.6457 	EXP 	window1: blendMode = 'avg'
12.6627 	EXP 	window1: blendMode = 'avg'
12.6787 	EXP 	window1: blendMode = 'avg'
12.6949 	EXP 	window1: blendMode = 'avg'
12.7127 	EXP 	window1: blendMode = 'avg'
12.7286 	EXP 	window1: blendMode = 'avg'
12.7457 	EXP 	window1: blendMode = 'avg'
12.7626 	EXP 	window1: blendMode = 'avg'
12.7794 	EXP 	window1: blendMode = 'avg'
12.7959 	EXP 	window1: blendMode = 'avg'
12.8127 	EXP 	window1: blendMode = 'avg'
12.8297 	EXP 	window1: blendMode = 'avg'
12.8457 	EXP 	window1: blendMode = 'avg'
12.8626 	EXP 	window1: blendMode = 'avg'
12.8794 	EXP 	window1: blendMode = 'avg'
12.8959 	EXP 	window1: blendMode = 'avg'
12.9128 	EXP 	window1: blendMode = 'avg'
12.9287 	EXP 	window1: blendMode = 'avg'
12.9457 	EXP 	window1: blendMode = 'avg'
12.9627 	EXP 	window1: blendMode = 'avg'
12.9786 	EXP 	window1: blendMode = 'avg'
12.9956 	EXP 	window1: blendMode = 'avg'
13.0126 	EXP 	window1: blendMode = 'avg'
13.0295 	EXP 	window1: blendMode = 'avg'
13.0456 	EXP 	window1: blendMode = 'avg'
13.0626 	EXP 	window1: blendMode = 'avg'
13.0798 	EXP 	window1: blendMode = 'avg'
13.0958 	EXP 	window1: blendMode = 'avg'
13.1127 	EXP 	window1: blendMode = 'avg'
13.1286 	EXP 	window1: blendMode = 'avg'
13.1457 	EXP 	window1: blendMode = 'avg'
13.1627 	EXP 	window1: blendMode = 'avg'
13.1788 	EXP 	window1: blendMode = 'avg'
13.1957 	EXP 	window1: blendMode = 'avg'
13.2126 	EXP 	window1: blendMode = 'avg'
13.2296 	EXP 	window1: blendMode = 'avg'
13.2457 	EXP 	window1: blendMode = 'avg'
13.2626 	EXP 	window1: blendMode = 'avg'
13.2796 	EXP 	window1: blendMode = 'avg'
13.2956 	EXP 	window1: blendMode = 'avg'
13.3120 	EXP 	window1: blendMode = 'avg'
13.3288 	EXP 	window1: blendMode = 'avg'
13.3458 	EXP 	window1: blendMode = 'avg'
13.3628 	EXP 	window1: blendMode = 'avg'
13.3788 	EXP 	window1: blendMode = 'avg'
13.3957 	EXP 	window1: blendMode = 'avg'
13.4127 	EXP 	window1: blendMode = 'avg'
13.4297 	EXP 	window1: blendMode = 'avg'
13.4456 	EXP 	window1: blendMode = 'avg'
13.4627 	EXP 	window1: blendMode = 'avg'
13.4798 	EXP 	window1: blendMode = 'avg'
13.4958 	EXP 	window1: blendMode = 'avg'
13.5127 	EXP 	window1: blendMode = 'avg'
13.5287 	EXP 	window1: blendMode = 'avg'
13.5467 	EXP 	window1: blendMode = 'avg'
13.5626 	EXP 	window1: blendMode = 'avg'
13.5796 	EXP 	window1: blendMode = 'avg'
13.5956 	EXP 	window1: blendMode = 'avg'
13.6126 	EXP 	window1: blendMode = 'avg'
13.6297 	EXP 	window1: blendMode = 'avg'
13.6456 	EXP 	window1: blendMode = 'avg'
13.6627 	EXP 	window1: blendMode = 'avg'
13.6797 	EXP 	window1: blendMode = 'avg'
13.6957 	EXP 	window1: blendMode = 'avg'
13.7127 	EXP 	window1: blendMode = 'avg'
13.7296 	EXP 	window1: blendMode = 'avg'
13.7457 	EXP 	window1: blendMode = 'avg'
13.7627 	EXP 	window1: blendMode = 'avg'
13.7796 	EXP 	window1: blendMode = 'avg'
13.7956 	EXP 	window1: blendMode = 'avg'
13.8133 	DATA 	Keypress: left
13.8168 	EXP 	Imported conditions.xlsx as conditions, 10 conditions, 4 params
13.8171 	EXP 	Created sequence: random, trialTypes=10, nReps=5, seed=None
13.8174 	EXP 	New trial (rep=0, index=0): {'cueSide': u'left', 'corrAns': u'right', 'targetX': 500, 'cueOri': -90}
13.8278 	EXP 	instructText: autoDraw = False
13.8278 	EXP 	fixationITI: autoDraw = True
14.8795 	EXP 	fixationITI: autoDraw = False
14.8795 	EXP 	fixationITI: autoDraw = False
14.8795 	EXP 	cue: ori = -90.0
14.8795 	EXP 	probe: pos = array([ 500.,    0.])
14.8795 	EXP 	cue: autoDraw = True
15.0795 	EXP 	cue: autoDraw = False
15.0795 	EXP 	probe: autoDraw = True
15.4802 	DATA 	Keypress: right
15.4809 	EXP 	New trial (rep=0, index=1): {'cueSide': u'left', 'corrAns': u'left', 'targetX': -500, 'cueOri': -90}
15.4974 	EXP 	cue: autoDraw = False
15.4974 	EXP 	probe: autoDraw = False
15.4974 	EXP 	fixationITI: autoDraw = True
16.6635 	EXP 	fixationITI: autoDraw = False
16.6635 	EXP 	fixationITI: autoDraw = False
16.6635 	EXP 	cue: ori = -90.0
16.6635 	EXP 	probe: pos = array([-500.,    0.])
16.6635 	EXP 	cue: autoDraw = True
16.8642 	EXP 	cue: autoDraw = False
16.8642 	EXP 	probe: autoDraw = True
17.1149 	DATA 	Keypress: left
17.1154 	EXP 	New trial (rep=0, index=2): {'cueSide': u'right', 'corrAns': u'right', 'targetX': 500, 'cueOri': 90}
17.1304 	EXP 	cue: autoDraw = False
17.1304 	EXP 	probe: autoDraw = False
17.1304 	EXP 	fixationITI: autoDraw = True
18.2306 	EXP 	fixationITI: autoDraw = False
18.2306 	EXP 	fixationITI: autoDraw = False
18.2306 	EXP 	cue: ori = 90.0
18.2306 	EXP 	probe: pos = array([ 500.,    0.])
18.2306 	EXP 	cue: autoDraw = True
18.4304 	EXP 	cue: autoDraw = False
18.4304 	EXP 	probe: autoDraw = True
18.6472 	DATA 	Keypress: right
18.6477 	EXP 	New trial (rep=0, index=3): {'cueSide': u'left', 'corrAns': u'left', 'targetX': -500, 'cueOri': -90}
18.6637 	EXP 	cue: autoDraw = False
18.6637 	EXP 	probe: autoDraw = False
18.6637 	EXP 	fixationITI: autoDraw = True
19.8645 	EXP 	fixationITI: autoDraw = False
19.8645 	EXP 	fixationITI: autoDraw = False
19.8645 	EXP 	cue: ori = -90.0
19.8645 	EXP 	probe: pos = array([-500.,    0.])
19.8645 	EXP 	cue: autoDraw = True
20.0646 	EXP 	cue: autoDraw = False
20.0646 	EXP 	probe: autoDraw = True
20.2653 	DATA 	Keypress: left
20.2658 	EXP 	New trial (rep=0, index=4): {'cueSide': u'right', 'corrAns': u'right', 'targetX': 500, 'cueOri': 90}
20.2816 	EXP 	cue: autoDraw = False
20.2816 	EXP 	probe: autoDraw = False
20.2816 	EXP 	fixationITI: autoDraw = True
21.3986 	EXP 	fixationITI: autoDraw = False
21.3986 	EXP 	fixationITI: autoDraw = False
21.3986 	EXP 	cue: ori = 90.0
21.3986 	EXP 	probe: pos = array([ 500.,    0.])
21.3986 	EXP 	cue: autoDraw = True
21.5986 	EXP 	cue: autoDraw = False
21.5986 	EXP 	probe: autoDraw = True
21.9325 	DATA 	Keypress: right
21.9330 	EXP 	New trial (rep=0, index=5): {'cueSide': u'right', 'corrAns': u'right', 'targetX': 500, 'cueOri': 90}
21.9487 	EXP 	cue: autoDraw = False
21.9487 	EXP 	probe: autoDraw = False
21.9487 	EXP 	fixationITI: autoDraw = True
23.0318 	EXP 	fixationITI: autoDraw = False
23.0318 	EXP 	fixationITI: autoDraw = False
23.0318 	EXP 	cue: ori = 90.0
23.0318 	EXP 	probe: pos = array([ 500.,    0.])
23.0318 	EXP 	cue: autoDraw = True
23.2317 	EXP 	cue: autoDraw = False
23.2317 	EXP 	probe: autoDraw = True
23.5323 	DATA 	Keypress: right
23.5328 	EXP 	New trial (rep=0, index=6): {'cueSide': u'right', 'corrAns': u'left', 'targetX': -500, 'cueOri': 90}
23.5487 	EXP 	cue: autoDraw = False
23.5487 	EXP 	probe: autoDraw = False
23.5487 	EXP 	fixationITI: autoDraw = True
24.6997 	EXP 	fixationITI: autoDraw = False
24.6997 	EXP 	fixationITI: autoDraw = False
24.6997 	EXP 	cue: ori = 90.0
24.6997 	EXP 	probe: pos = array([-500.,    0.])
24.6997 	EXP 	cue: autoDraw = True
24.8997 	EXP 	cue: autoDraw = False
24.8997 	EXP 	probe: autoDraw = True
25.2505 	DATA 	Keypress: left
25.2510 	EXP 	New trial (rep=0, index=7): {'cueSide': u'right', 'corrAns': u'right', 'targetX': 500, 'cueOri': 90}
25.2661 	EXP 	cue: autoDraw = False
25.2661 	EXP 	probe: autoDraw = False
25.2661 	EXP 	fixationITI: autoDraw = True
26.3660 	EXP 	fixationITI: autoDraw = False
26.3660 	EXP 	fixationITI: autoDraw = False
26.3660 	EXP 	cue: ori = 90.0
26.3660 	EXP 	probe: pos = array([ 500.,    0.])
26.3660 	EXP 	cue: autoDraw = True
26.5668 	EXP 	cue: autoDraw = False
26.5668 	EXP 	probe: autoDraw = True
26.8674 	DATA 	Keypress: right
26.8680 	EXP 	New trial (rep=0, index=8): {'cueSide': u'left', 'corrAns': u'left', 'targetX': -500, 'cueOri': -90}
26.8837 	EXP 	cue: autoDraw = False
26.8837 	EXP 	probe: autoDraw = False
26.8837 	EXP 	fixationITI: autoDraw = True
28.0501 	EXP 	fixationITI: autoDraw = False
28.0501 	EXP 	fixationITI: autoDraw = False
28.0501 	EXP 	cue: ori = -90.0
28.0501 	EXP 	probe: pos = array([-500.,    0.])
28.0501 	EXP 	cue: autoDraw = True
28.2502 	EXP 	cue: autoDraw = False
28.2502 	EXP 	probe: autoDraw = True
28.6175 	DATA 	Keypress: left
28.6180 	EXP 	New trial (rep=0, index=9): {'cueSide': u'left', 'corrAns': u'left', 'targetX': -500, 'cueOri': -90}
28.6340 	EXP 	cue: autoDraw = False
28.6340 	EXP 	probe: autoDraw = False
28.6340 	EXP 	fixationITI: autoDraw = True
29.9180 	EXP 	fixationITI: autoDraw = False
29.9180 	EXP 	fixationITI: autoDraw = False
29.9180 	EXP 	cue: ori = -90.0
29.9180 	EXP 	probe: pos = array([-500.,    0.])
29.9180 	EXP 	cue: autoDraw = True
30.1182 	EXP 	cue: autoDraw = False
30.1182 	EXP 	probe: autoDraw = True
30.5191 	DATA 	Keypress: left
30.5196 	EXP 	New trial (rep=1, index=0): {'cueSide': u'left', 'corrAns': u'left', 'targetX': -500, 'cueOri': -90}
30.5343 	EXP 	cue: autoDraw = False
30.5343 	EXP 	probe: autoDraw = False
30.5343 	EXP 	fixationITI: autoDraw = True
31.6344 	EXP 	fixationITI: autoDraw = False
31.6344 	EXP 	fixationITI: autoDraw = False
31.6344 	EXP 	cue: ori = -90.0
31.6344 	EXP 	probe: pos = array([-500.,    0.])
31.6344 	EXP 	cue: autoDraw = True
31.8351 	EXP 	cue: autoDraw = False
31.8351 	EXP 	probe: autoDraw = True
32.1690 	DATA 	Keypress: left
32.1696 	EXP 	New trial (rep=1, index=1): {'cueSide': u'right', 'corrAns': u'left', 'targetX': -500, 'cueOri': 90}
32.1852 	EXP 	cue: autoDraw = False
32.1852 	EXP 	probe: autoDraw = False
32.1852 	EXP 	fixationITI: autoDraw = True
33.2683 	EXP 	fixationITI: autoDraw = False
33.2683 	EXP 	fixationITI: autoDraw = False
33.2683 	EXP 	cue: ori = 90.0
33.2683 	EXP 	probe: pos = array([-500.,    0.])
33.2683 	EXP 	cue: autoDraw = True
33.4683 	EXP 	cue: autoDraw = False
33.4683 	EXP 	probe: autoDraw = True
33.8858 	DATA 	Keypress: left
33.8864 	EXP 	New trial (rep=1, index=2): {'cueSide': u'right', 'corrAns': u'right', 'targetX': 500, 'cueOri': 90}
33.9022 	EXP 	cue: autoDraw = False
33.9022 	EXP 	probe: autoDraw = False
33.9022 	EXP 	fixationITI: autoDraw = True
34.9362 	EXP 	fixationITI: autoDraw = False
34.9362 	EXP 	fixationITI: autoDraw = False
34.9362 	EXP 	cue: ori = 90.0
34.9362 	EXP 	probe: pos = array([ 500.,    0.])
34.9362 	EXP 	cue: autoDraw = True
35.1363 	EXP 	cue: autoDraw = False
35.1363 	EXP 	probe: autoDraw = True
35.5541 	DATA 	Keypress: right
35.5546 	EXP 	New trial (rep=1, index=3): {'cueSide': u'left', 'corrAns': u'left', 'targetX': -500, 'cueOri': -90}
35.5694 	EXP 	cue: autoDraw = False
35.5694 	EXP 	probe: autoDraw = False
35.5694 	EXP 	fixationITI: autoDraw = True
36.7035 	EXP 	fixationITI: autoDraw = False
36.7035 	EXP 	fixationITI: autoDraw = False
36.7035 	EXP 	cue: ori = -90.0
36.7035 	EXP 	probe: pos = array([-500.,    0.])
36.7035 	EXP 	cue: autoDraw = True
36.9034 	EXP 	cue: autoDraw = False
36.9034 	EXP 	probe: autoDraw = True
37.4040 	DATA 	Keypress: left
37.4045 	EXP 	New trial (rep=1, index=4): {'cueSide': u'left', 'corrAns': u'left', 'targetX': -500, 'cueOri': -90}
37.4204 	EXP 	cue: autoDraw = False
37.4204 	EXP 	probe: autoDraw = False
37.4204 	EXP 	fixationITI: autoDraw = True
38.5697 	EXP 	fixationITI: autoDraw = False
38.5697 	EXP 	fixationITI: autoDraw = False
38.5697 	EXP 	cue: ori = -90.0
38.5697 	EXP 	probe: pos = array([-500.,    0.])
38.5697 	EXP 	cue: autoDraw = True
38.7697 	EXP 	cue: autoDraw = False
38.7697 	EXP 	probe: autoDraw = True
39.2044 	DATA 	Keypress: left
39.2049 	EXP 	New trial (rep=1, index=5): {'cueSide': u'right', 'corrAns': u'right', 'targetX': 500, 'cueOri': 90}
39.2207 	EXP 	cue: autoDraw = False
39.2207 	EXP 	probe: autoDraw = False
39.2207 	EXP 	fixationITI: autoDraw = True
40.3877 	EXP 	fixationITI: autoDraw = False
40.3877 	EXP 	fixationITI: autoDraw = False
40.3877 	EXP 	cue: ori = 90.0
40.3877 	EXP 	probe: pos = array([ 500.,    0.])
40.3877 	EXP 	cue: autoDraw = True
40.5878 	EXP 	cue: autoDraw = False
40.5878 	EXP 	probe: autoDraw = True
40.8385 	DATA 	Keypress: right
40.8390 	EXP 	New trial (rep=1, index=6): {'cueSide': u'left', 'corrAns': u'left', 'targetX': -500, 'cueOri': -90}
40.8547 	EXP 	cue: autoDraw = False
40.8547 	EXP 	probe: autoDraw = False
40.8547 	EXP 	fixationITI: autoDraw = True
42.0548 	EXP 	fixationITI: autoDraw = False
42.0548 	EXP 	fixationITI: autoDraw = False
42.0548 	EXP 	cue: ori = -90.0
42.0548 	EXP 	probe: pos = array([-500.,    0.])
42.0548 	EXP 	cue: autoDraw = True
42.2547 	EXP 	cue: autoDraw = False
42.2547 	EXP 	probe: autoDraw = True
42.3723 	DATA 	Keypress: left
42.3728 	EXP 	New trial (rep=1, index=7): {'cueSide': u'left', 'corrAns': u'right', 'targetX': 500, 'cueOri': -90}
42.3886 	EXP 	cue: autoDraw = False
42.3886 	EXP 	probe: autoDraw = False
42.3886 	EXP 	fixationITI: autoDraw = True
43.4219 	EXP 	fixationITI: autoDraw = False
43.4219 	EXP 	fixationITI: autoDraw = False
43.4219 	EXP 	cue: ori = -90.0
43.4219 	EXP 	probe: pos = array([ 500.,    0.])
43.4219 	EXP 	cue: autoDraw = True
43.6217 	EXP 	cue: autoDraw = False
43.6217 	EXP 	probe: autoDraw = True
43.8393 	DATA 	Keypress: left
43.8400 	EXP 	New trial (rep=1, index=8): {'cueSide': u'right', 'corrAns': u'right', 'targetX': 500, 'cueOri': 90}
43.8549 	EXP 	cue: autoDraw = False
43.8549 	EXP 	probe: autoDraw = False
43.8549 	EXP 	fixationITI: autoDraw = True
45.0227 	EXP 	fixationITI: autoDraw = False
45.0227 	EXP 	fixationITI: autoDraw = False
45.0227 	EXP 	cue: ori = 90.0
45.0227 	EXP 	probe: pos = array([ 500.,    0.])
45.0227 	EXP 	cue: autoDraw = True
45.2227 	EXP 	cue: autoDraw = False
45.2227 	EXP 	probe: autoDraw = True
45.5406 	DATA 	Keypress: right
45.5411 	EXP 	New trial (rep=1, index=9): {'cueSide': u'right', 'corrAns': u'right', 'targetX': 500, 'cueOri': 90}
45.5567 	EXP 	cue: autoDraw = False
45.5567 	EXP 	probe: autoDraw = False
45.5567 	EXP 	fixationITI: autoDraw = True
46.5899 	EXP 	fixationITI: autoDraw = False
46.5899 	EXP 	fixationITI: autoDraw = False
46.5899 	EXP 	cue: ori = 90.0
46.5899 	EXP 	probe: pos = array([ 500.,    0.])
46.5899 	EXP 	cue: autoDraw = True
46.7890 	EXP 	cue: autoDraw = False
46.7890 	EXP 	probe: autoDraw = True
47.1235 	DATA 	Keypress: right
47.1240 	EXP 	New trial (rep=2, index=0): {'cueSide': u'left', 'corrAns': u'left', 'targetX': -500, 'cueOri': -90}
47.1399 	EXP 	cue: autoDraw = False
47.1399 	EXP 	probe: autoDraw = False
47.1399 	EXP 	fixationITI: autoDraw = True
48.4061 	EXP 	fixationITI: autoDraw = False
48.4061 	EXP 	fixationITI: autoDraw = False
48.4061 	EXP 	cue: ori = -90.0
48.4061 	EXP 	probe: pos = array([-500.,    0.])
48.4061 	EXP 	cue: autoDraw = True
48.6070 	EXP 	cue: autoDraw = False
48.6070 	EXP 	probe: autoDraw = True
48.8075 	DATA 	Keypress: left
48.8080 	EXP 	New trial (rep=2, index=1): {'cueSide': u'right', 'corrAns': u'right', 'targetX': 500, 'cueOri': 90}
48.8232 	EXP 	cue: autoDraw = False
48.8232 	EXP 	probe: autoDraw = False
48.8232 	EXP 	fixationITI: autoDraw = True
50.1241 	EXP 	fixationITI: autoDraw = False
50.1241 	EXP 	fixationITI: autoDraw = False
50.1241 	EXP 	cue: ori = 90.0
50.1241 	EXP 	probe: pos = array([ 500.,    0.])
50.1241 	EXP 	cue: autoDraw = True
50.3242 	EXP 	cue: autoDraw = False
50.3242 	EXP 	probe: autoDraw = True
50.5747 	DATA 	Keypress: right
50.5752 	EXP 	New trial (rep=2, index=2): {'cueSide': u'right', 'corrAns': u'right', 'targetX': 500, 'cueOri': 90}
50.5911 	EXP 	cue: autoDraw = False
50.5911 	EXP 	probe: autoDraw = False
50.5911 	EXP 	fixationITI: autoDraw = True
51.8074 	EXP 	fixationITI: autoDraw = False
51.8074 	EXP 	fixationITI: autoDraw = False
51.8074 	EXP 	cue: ori = 90.0
51.8074 	EXP 	probe: pos = array([ 500.,    0.])
51.8074 	EXP 	cue: autoDraw = True
52.0082 	EXP 	cue: autoDraw = False
52.0082 	EXP 	probe: autoDraw = True
52.2757 	DATA 	Keypress: right
52.2762 	EXP 	New trial (rep=2, index=3): {'cueSide': u'left', 'corrAns': u'left', 'targetX': -500, 'cueOri': -90}
52.2911 	EXP 	cue: autoDraw = False
52.2911 	EXP 	probe: autoDraw = False
52.2911 	EXP 	fixationITI: autoDraw = True
53.4584 	EXP 	fixationITI: autoDraw = False
53.4584 	EXP 	fixationITI: autoDraw = False
53.4584 	EXP 	cue: ori = -90.0
53.4584 	EXP 	probe: pos = array([-500.,    0.])
53.4584 	EXP 	cue: autoDraw = True
53.6583 	EXP 	cue: autoDraw = False
53.6583 	EXP 	probe: autoDraw = True
53.8928 	DATA 	Keypress: left
53.8933 	EXP 	New trial (rep=2, index=4): {'cueSide': u'left', 'corrAns': u'left', 'targetX': -500, 'cueOri': -90}
53.9083 	EXP 	cue: autoDraw = False
53.9083 	EXP 	probe: autoDraw = False
53.9083 	EXP 	fixationITI: autoDraw = True
55.0593 	EXP 	fixationITI: autoDraw = False
55.0593 	EXP 	fixationITI: autoDraw = False
55.0593 	EXP 	cue: ori = -90.0
55.0593 	EXP 	probe: pos = array([-500.,    0.])
55.0593 	EXP 	cue: autoDraw = True
55.2593 	EXP 	cue: autoDraw = False
55.2593 	EXP 	probe: autoDraw = True
55.4768 	DATA 	Keypress: left
55.4773 	EXP 	New trial (rep=2, index=5): {'cueSide': u'left', 'corrAns': u'right', 'targetX': 500, 'cueOri': -90}
55.4926 	EXP 	cue: autoDraw = False
55.4926 	EXP 	probe: autoDraw = False
55.4926 	EXP 	fixationITI: autoDraw = True
56.0102 	DATA 	Keypress: escape
