10.5800 	EXP 	Created window1 = Window(allowGUI=True, allowStencil=False, autoLog=True, bitsMode=UNKNOWN, blendMode='avg', color=array([ 0.,  0.,  0.]), colorSpace='rgb', fullscr=UNKNOWN, gamma=None, lms=UNKNOWN, monitor=<psychopy.monitors.calibTools.Monitor object at 0x1131f1090>, multiSample=False, name='window1', numSamples=2, pos=[768.0, 336.0], screen=0, size=array([1024,  768]), stereo=False, units='pix', useFBO=True, useRetina=True, viewOri=0.0, viewPos=None, viewScale=None, waitBlanking=True, winType='pyglet')
10.5800 	EXP 	window1: recordFrameIntervals = False
10.7462 	EXP 	window1: recordFrameIntervals = True
10.9309 	EXP 	window1: recordFrameIntervals = False
10.9326 	EXP 	Created image_1 = ImageStim(autoLog=True, color=array([ 1.,  1.,  1.]), colorSpace='rgb', contrast=1.0, depth=-1.0, flipHoriz=False, flipVert=False, image='sin', interpolate=True, mask=None, maskParams=None, name='image_1', opacity=1.0, ori=0.0, pos=array([ 0.,  0.]), size=array([ 200.,  200.]), texRes=128, units='pix', win=Window(...))
10.9337 	EXP 	Created image_2 = ImageStim(autoLog=True, color=array([ 1.,  1.,  1.]), colorSpace='rgb', contrast=1.0, depth=-2.0, flipHoriz=False, flipVert=False, image='sin', interpolate=True, mask=None, maskParams=None, name='image_2', opacity=1.0, ori=0.0, pos=array([ 0.,  0.]), size=array([ 200.,  200.]), texRes=128, units='pix', win=Window(...))
10.9349 	EXP 	Created image_3 = ImageStim(autoLog=True, color=array([ 1.,  1.,  1.]), colorSpace='rgb', contrast=1.0, depth=-3.0, flipHoriz=False, flipVert=False, image='sin', interpolate=True, mask=None, maskParams=None, name='image_3', opacity=1.0, ori=0.0, pos=array([ 0.,  0.]), size=array([ 200.,  200.]), texRes=128, units='pix', win=Window(...))
10.9877 	EXP 	Created instruct = TextStim(alignHoriz='center', alignVert='center', antialias=True, autoLog=True, bold=False, color=u'white', colorSpace='named', contrast=1.0, depth=-5.0, flipHoriz=False, flipVert=False, font=u'Arial', fontFiles=[], height=30, italic=False, name='instruct', opacity=1.0, ori=0, pos=array([   0., -200.]), rgb=array([ 255.,  255.,  255.]), text=newstr(...), units='pix', win=Window(...), wrapWidth=500)
10.9907 	EXP 	Imported conditions.xlsx as conditions, 2 conditions, 3 params
10.9911 	EXP 	Created sequence: random, trialTypes=2, nReps=5, seed=None
10.9914 	EXP 	New trial (rep=0, index=0): OrderedDict([('file1', u'stims/face01.jpg'), ('file2', u'stims/face02.jpg'), ('file3', u'stims/face03.jpg')])
11.1303 	EXP 	image_1: pos = array([-250.,    0.])
11.1303 	EXP 	image_1: image = u'stims/face01.jpg'
11.1303 	EXP 	image_2: pos = array([ 0.,  0.])
11.1303 	EXP 	image_2: image = u'stims/face02.jpg'
11.1303 	EXP 	image_3: pos = array([ 250.,    0.])
11.1303 	EXP 	image_3: image = u'stims/face03.jpg'
11.1303 	EXP 	image_1: autoDraw = True
11.1303 	EXP 	image_2: autoDraw = True
11.1303 	EXP 	image_3: autoDraw = True
11.1303 	EXP 	instruct: autoDraw = True
13.1313 	DATA 	Mouse: Left button down, pos=(286,456)
13.1466 	EXP 	image_1: pos = array([-226.,   72.])
13.1634 	EXP 	image_1: pos = array([-226.,   72.])
13.1799 	EXP 	image_1: pos = array([-226.,   72.])
13.1972 	EXP 	image_1: pos = array([-226.,   72.])
13.2133 	EXP 	image_1: pos = array([-227.,   73.])
13.2305 	EXP 	image_1: pos = array([-231.,   78.])
13.2474 	EXP 	image_1: pos = array([-240.,   90.])
13.2632 	EXP 	image_1: pos = array([-253.,  108.])
13.2804 	EXP 	image_1: pos = array([-270.,  128.])
13.2964 	EXP 	image_1: pos = array([-291.,  154.])
13.3137 	EXP 	image_1: pos = array([-312.,  187.])
13.3295 	EXP 	image_1: pos = array([-341.,  227.])
13.3474 	EXP 	image_1: pos = array([-351.,  238.])
13.3633 	EXP 	image_1: pos = array([-357.,  244.])
13.3799 	EXP 	image_1: pos = array([-361.,  249.])
13.3971 	EXP 	image_1: pos = array([-364.,  252.])
13.4130 	EXP 	image_1: pos = array([-366.,  255.])
13.4303 	EXP 	image_1: pos = array([-367.,  256.])
13.4465 	EXP 	image_1: pos = array([-367.,  256.])
13.4638 	EXP 	image_1: pos = array([-367.,  257.])
13.4804 	EXP 	image_1: pos = array([-367.,  257.])
13.4966 	EXP 	image_1: pos = array([-367.,  257.])
13.5135 	EXP 	image_1: pos = array([-367.,  257.])
13.5306 	EXP 	image_1: pos = array([-367.,  257.])
13.5473 	EXP 	image_1: pos = array([-367.,  257.])
13.5480 	DATA 	Mouse:  Left button up, pos=(145,641)
13.9478 	DATA 	Mouse: Left button down, pos=(414,447)
13.9636 	EXP 	image_2: pos = array([-98.,  63.])
13.9796 	EXP 	image_2: pos = array([-98.,  63.])
13.9973 	EXP 	image_2: pos = array([-98.,  63.])
14.0129 	EXP 	image_2: pos = array([-102.,   64.])
14.0304 	EXP 	image_2: pos = array([-111.,   66.])
14.0476 	EXP 	image_2: pos = array([-124.,   67.])
14.0629 	EXP 	image_2: pos = array([-141.,   68.])
14.0806 	EXP 	image_2: pos = array([-166.,   68.])
14.0972 	EXP 	image_2: pos = array([-215.,   67.])
14.1130 	EXP 	image_2: pos = array([-240.,   65.])
14.1302 	EXP 	image_2: pos = array([-257.,   63.])
14.1468 	EXP 	image_2: pos = array([-270.,   61.])
14.1633 	EXP 	image_2: pos = array([-278.,   61.])
14.1801 	EXP 	image_2: pos = array([-282.,   61.])
14.1978 	EXP 	image_2: pos = array([-283.,   61.])
14.2137 	EXP 	image_2: pos = array([-283.,   61.])
14.2298 	EXP 	image_2: pos = array([-283.,   61.])
14.2466 	EXP 	image_2: pos = array([-283.,   61.])
14.2635 	EXP 	image_2: pos = array([-283.,   61.])
14.2804 	EXP 	image_2: pos = array([-283.,   61.])
14.2823 	DATA 	Mouse:  Left button up, pos=(229,446)
14.2973 	EXP 	image_2: pos = array([-283.,   62.])
14.8142 	DATA 	Mouse: Left button down, pos=(697,412)
14.8301 	EXP 	image_3: pos = array([ 186.,   29.])
14.8473 	EXP 	image_3: pos = array([ 187.,   30.])
14.8633 	EXP 	image_3: pos = array([ 188.,   31.])
14.8805 	EXP 	image_3: pos = array([ 189.,   34.])
14.8966 	EXP 	image_3: pos = array([ 191.,   40.])
14.9134 	EXP 	image_3: pos = array([ 197.,   56.])
14.9307 	EXP 	image_3: pos = array([ 200.,   68.])
14.9474 	EXP 	image_3: pos = array([ 204.,   81.])
14.9633 	EXP 	image_3: pos = array([ 209.,   95.])
14.9798 	EXP 	image_3: pos = array([ 212.,  108.])
14.9972 	EXP 	image_3: pos = array([ 213.,  118.])
15.0130 	EXP 	image_3: pos = array([ 215.,  128.])
15.0302 	EXP 	image_3: pos = array([ 216.,  137.])
15.0477 	EXP 	image_3: pos = array([ 217.,  147.])
15.0630 	EXP 	image_3: pos = array([ 219.,  155.])
15.0805 	EXP 	image_3: pos = array([ 221.,  162.])
15.0966 	EXP 	image_3: pos = array([ 222.,  172.])
15.1132 	EXP 	image_3: pos = array([ 223.,  178.])
15.1298 	EXP 	image_3: pos = array([ 224.,  183.])
15.1469 	EXP 	image_3: pos = array([ 225.,  186.])
15.1633 	EXP 	image_3: pos = array([ 226.,  189.])
15.1797 	EXP 	image_3: pos = array([ 226.,  193.])
15.1972 	EXP 	image_3: pos = array([ 227.,  196.])
15.2140 	EXP 	image_3: pos = array([ 228.,  198.])
15.2305 	EXP 	image_3: pos = array([ 229.,  202.])
15.2474 	EXP 	image_3: pos = array([ 230.,  205.])
15.2633 	EXP 	image_3: pos = array([ 231.,  208.])
15.2805 	EXP 	image_3: pos = array([ 232.,  211.])
15.2822 	DATA 	Mouse:  Left button up, pos=(744,597)
15.2968 	EXP 	image_3: pos = array([ 232.,  213.])
16.2681 	DATA 	Keypress: space
16.2691 	EXP 	New trial (rep=0, index=1): OrderedDict([('file1', u'stims/house01.jpg'), ('file2', u'stims/house02.jpg'), ('file3', u'stims/house03.jpg')])
16.3986 	EXP 	image_1: autoDraw = False
16.3986 	EXP 	image_2: autoDraw = False
16.3986 	EXP 	image_3: autoDraw = False
16.3986 	EXP 	instruct: autoDraw = False
16.3986 	EXP 	image_1: pos = array([-250.,    0.])
16.3986 	EXP 	image_1: image = u'stims/house01.jpg'
16.3986 	EXP 	image_2: pos = array([ 0.,  0.])
16.3986 	EXP 	image_2: image = u'stims/house02.jpg'
16.3986 	EXP 	image_3: pos = array([ 250.,    0.])
16.3986 	EXP 	image_3: image = u'stims/house03.jpg'
16.3986 	EXP 	image_1: autoDraw = True
16.3986 	EXP 	image_2: autoDraw = True
16.3986 	EXP 	image_3: autoDraw = True
16.3986 	EXP 	instruct: autoDraw = True
17.3830 	DATA 	Mouse: Left button down, pos=(499,415)
17.3975 	EXP 	image_2: pos = array([-15.,  34.])
17.4145 	EXP 	image_2: pos = array([-21.,  39.])
17.4301 	EXP 	image_2: pos = array([-31.,  48.])
17.4479 	EXP 	image_2: pos = array([-49.,  59.])
17.4651 	EXP 	image_2: pos = array([-72.,  74.])
17.4806 	EXP 	image_2: pos = array([-121.,   89.])
17.4991 	EXP 	image_2: pos = array([-145.,   97.])
17.5159 	EXP 	image_2: pos = array([-168.,  104.])
17.5304 	EXP 	image_2: pos = array([-185.,  108.])
17.5480 	EXP 	image_2: pos = array([-197.,  111.])
17.5659 	EXP 	image_2: pos = array([-204.,  112.])
17.5668 	DATA 	Mouse:  Left button up, pos=(307,496)
18.4165 	DATA 	Mouse: Left button down, pos=(741,395)
18.4320 	EXP 	image_3: pos = array([ 230.,   11.])
18.4489 	EXP 	image_3: pos = array([ 230.,   11.])
18.4655 	EXP 	image_3: pos = array([ 231.,   11.])
18.4823 	EXP 	image_3: pos = array([ 232.,   11.])
18.4987 	EXP 	image_3: pos = array([ 234.,   11.])
18.5155 	EXP 	image_3: pos = array([ 238.,   11.])
18.5327 	EXP 	image_3: pos = array([ 245.,   10.])
18.5485 	EXP 	image_3: pos = array([ 251.,    9.])
18.5652 	EXP 	image_3: pos = array([ 257.,    8.])
18.5824 	EXP 	image_3: pos = array([ 262.,    7.])
18.5987 	EXP 	image_3: pos = array([ 265.,    5.])
18.6155 	EXP 	image_3: pos = array([ 268.,    4.])
18.6326 	EXP 	image_3: pos = array([ 272.,    1.])
18.6487 	EXP 	image_3: pos = array([ 279.,   -3.])
18.6656 	EXP 	image_3: pos = array([ 284.,   -6.])
18.6825 	EXP 	image_3: pos = array([ 288.,   -8.])
18.6987 	EXP 	image_3: pos = array([ 291.,  -10.])
18.7156 	EXP 	image_3: pos = array([ 296.,  -11.])
18.7317 	EXP 	image_3: pos = array([ 299.,  -11.])
18.7485 	EXP 	image_3: pos = array([ 301.,  -13.])
18.7652 	EXP 	image_3: pos = array([ 304.,  -14.])
18.7819 	EXP 	image_3: pos = array([ 306.,  -15.])
18.7988 	EXP 	image_3: pos = array([ 308.,  -16.])
18.8157 	EXP 	image_3: pos = array([ 311.,  -16.])
18.8325 	EXP 	image_3: pos = array([ 315.,  -17.])
18.8493 	EXP 	image_3: pos = array([ 320.,  -17.])
18.8656 	EXP 	image_3: pos = array([ 324.,  -16.])
18.8826 	EXP 	image_3: pos = array([ 327.,  -15.])
18.8990 	EXP 	image_3: pos = array([ 328.,  -13.])
18.9149 	EXP 	image_3: pos = array([ 330.,  -11.])
18.9327 	EXP 	image_3: pos = array([ 331.,   -9.])
18.9486 	EXP 	image_3: pos = array([ 332.,   -6.])
18.9652 	EXP 	image_3: pos = array([ 333.,   -3.])
18.9825 	EXP 	image_3: pos = array([ 335.,    1.])
18.9995 	EXP 	image_3: pos = array([ 337.,    6.])
19.0155 	EXP 	image_3: pos = array([ 338.,   11.])
19.0324 	EXP 	image_3: pos = array([ 341.,   18.])
19.0615 	EXP 	image_3: pos = array([ 344.,   28.])
19.0825 	EXP 	image_3: pos = array([ 346.,   35.])
19.0983 	EXP 	image_3: pos = array([ 347.,   40.])
19.1156 	EXP 	image_3: pos = array([ 347.,   42.])
19.1318 	EXP 	image_3: pos = array([ 347.,   43.])
19.1489 	EXP 	image_3: pos = array([ 347.,   43.])
19.1658 	EXP 	image_3: pos = array([ 347.,   43.])
19.1825 	EXP 	image_3: pos = array([ 347.,   43.])
19.1987 	EXP 	image_3: pos = array([ 347.,   43.])
19.2157 	EXP 	image_3: pos = array([ 347.,   43.])
19.2325 	EXP 	image_3: pos = array([ 347.,   43.])
19.2490 	EXP 	image_3: pos = array([ 347.,   43.])
19.2657 	EXP 	image_3: pos = array([ 347.,   43.])
19.2818 	EXP 	image_3: pos = array([ 347.,   43.])
19.2989 	EXP 	image_3: pos = array([ 347.,   43.])
19.3152 	EXP 	image_3: pos = array([ 347.,   43.])
19.3326 	EXP 	image_3: pos = array([ 347.,   43.])
19.3495 	EXP 	image_3: pos = array([ 347.,   43.])
19.3658 	EXP 	image_3: pos = array([ 347.,   43.])
19.3825 	EXP 	image_3: pos = array([ 347.,   43.])
19.3995 	EXP 	image_3: pos = array([ 347.,   43.])
19.4157 	EXP 	image_3: pos = array([ 347.,   43.])
19.4326 	EXP 	image_3: pos = array([ 347.,   43.])
19.4495 	EXP 	image_3: pos = array([ 347.,   43.])
19.4659 	EXP 	image_3: pos = array([ 347.,   43.])
19.4827 	EXP 	image_3: pos = array([ 347.,   43.])
19.4994 	EXP 	image_3: pos = array([ 347.,   43.])
19.5156 	EXP 	image_3: pos = array([ 347.,   43.])
19.5325 	EXP 	image_3: pos = array([ 347.,   43.])
19.5495 	EXP 	image_3: pos = array([ 347.,   43.])
19.5658 	EXP 	image_3: pos = array([ 347.,   43.])
19.5826 	EXP 	image_3: pos = array([ 347.,   43.])
19.5989 	EXP 	image_3: pos = array([ 347.,   43.])
19.5998 	DATA 	Mouse:  Left button up, pos=(859,427)
22.1854 	DATA 	Keypress: space
22.1863 	EXP 	New trial (rep=1, index=0): OrderedDict([('file1', u'stims/house01.jpg'), ('file2', u'stims/house02.jpg'), ('file3', u'stims/house03.jpg')])
22.3003 	EXP 	image_1: autoDraw = False
22.3003 	EXP 	image_2: autoDraw = False
22.3003 	EXP 	image_3: autoDraw = False
22.3003 	EXP 	instruct: autoDraw = False
22.3003 	EXP 	image_1: pos = array([-250.,    0.])
22.3003 	EXP 	image_1: image = u'stims/house01.jpg'
22.3003 	EXP 	image_2: pos = array([ 0.,  0.])
22.3003 	EXP 	image_2: image = u'stims/house02.jpg'
22.3003 	EXP 	image_3: pos = array([ 250.,    0.])
22.3003 	EXP 	image_3: image = u'stims/house03.jpg'
22.3003 	EXP 	image_1: autoDraw = True
22.3003 	EXP 	image_2: autoDraw = True
22.3003 	EXP 	image_3: autoDraw = True
22.3003 	EXP 	instruct: autoDraw = True
23.6019 	DATA 	Mouse: Left button down, pos=(535,367)
23.6332 	EXP 	image_2: pos = array([ 12., -17.])
23.6502 	EXP 	image_2: pos = array([  2., -16.])
23.6663 	EXP 	image_2: pos = array([ -9., -16.])
23.6833 	EXP 	image_2: pos = array([-21., -17.])
23.6999 	EXP 	image_2: pos = array([-33., -18.])
23.7169 	EXP 	image_2: pos = array([-44., -19.])
23.7333 	EXP 	image_2: pos = array([-54., -20.])
23.7501 	EXP 	image_2: pos = array([-63., -21.])
23.7663 	EXP 	image_2: pos = array([-70., -22.])
23.7832 	EXP 	image_2: pos = array([-79., -24.])
23.8003 	EXP 	image_2: pos = array([-85., -25.])
23.8165 	EXP 	image_2: pos = array([-90., -25.])
23.8334 	EXP 	image_2: pos = array([-97., -27.])
23.8503 	EXP 	image_2: pos = array([-102.,  -29.])
23.8667 	EXP 	image_2: pos = array([-105.,  -31.])
23.8832 	EXP 	image_2: pos = array([-109.,  -32.])
23.8998 	EXP 	image_2: pos = array([-114.,  -34.])
23.9170 	EXP 	image_2: pos = array([-118.,  -36.])
23.9331 	EXP 	image_2: pos = array([-123.,  -39.])
23.9504 	EXP 	image_2: pos = array([-129.,  -42.])
23.9673 	EXP 	image_2: pos = array([-136.,  -46.])
23.9834 	EXP 	image_2: pos = array([-143.,  -51.])
24.0005 	EXP 	image_2: pos = array([-151.,  -55.])
24.0163 	EXP 	image_1: pos = array([-159.,  -58.])
24.0336 	EXP 	image_1: pos = array([-165.,  -63.])
24.0496 	EXP 	image_1: pos = array([-178.,  -70.])
24.0664 	EXP 	image_1: pos = array([-187.,  -76.])
24.0834 	EXP 	image_1: pos = array([-194.,  -81.])
24.1001 	EXP 	image_1: pos = array([-200.,  -86.])
24.1171 	EXP 	image_1: pos = array([-205.,  -89.])
24.1329 	EXP 	image_1: pos = array([-207.,  -92.])
24.1504 	EXP 	image_1: pos = array([-208.,  -93.])
24.1516 	DATA 	Mouse:  Left button up, pos=(303,290)
25.1841 	DATA 	Mouse: Left button down, pos=(323,353)
25.2006 	EXP 	image_1: pos = array([-189.,  -30.])
25.2173 	EXP 	image_1: pos = array([-192.,  -24.])
25.2332 	EXP 	image_1: pos = array([-196.,  -19.])
25.2505 	EXP 	image_1: pos = array([-203.,  -14.])
25.2678 	EXP 	image_1: pos = array([-214.,   -7.])
25.2837 	EXP 	image_1: pos = array([-229.,    0.])
25.2999 	EXP 	image_1: pos = array([-244.,    6.])
25.3171 	EXP 	image_1: pos = array([-261.,   12.])
25.3331 	EXP 	image_1: pos = array([-277.,   17.])
25.3501 	EXP 	image_1: pos = array([-290.,   22.])
25.3668 	EXP 	image_1: pos = array([-303.,   25.])
25.3834 	EXP 	image_1: pos = array([-314.,   30.])
25.4004 	EXP 	image_1: pos = array([-323.,   33.])
25.4174 	EXP 	image_1: pos = array([-331.,   36.])
25.4333 	EXP 	image_1: pos = array([-339.,   40.])
25.4504 	EXP 	image_1: pos = array([-343.,   42.])
25.4679 	EXP 	image_1: pos = array([-346.,   43.])
25.4834 	EXP 	image_1: pos = array([-348.,   43.])
25.4999 	EXP 	image_1: pos = array([-351.,   44.])
25.5170 	EXP 	image_1: pos = array([-352.,   44.])
25.5333 	EXP 	image_1: pos = array([-353.,   44.])
25.5501 	EXP 	image_1: pos = array([-354.,   44.])
25.5672 	EXP 	image_1: pos = array([-354.,   44.])
25.5835 	EXP 	image_1: pos = array([-354.,   44.])
25.6003 	EXP 	image_1: pos = array([-354.,   44.])
25.6173 	EXP 	image_1: pos = array([-354.,   44.])
25.6180 	DATA 	Mouse:  Left button up, pos=(158,428)
25.9683 	DATA 	Mouse: Left button down, pos=(312,340)
25.9840 	EXP 	image_2: pos = array([-202.,  -48.])
26.0013 	EXP 	image_2: pos = array([-208.,  -57.])
26.0193 	EXP 	image_2: pos = array([-226.,  -73.])
26.0340 	EXP 	image_2: pos = array([-242.,  -82.])
26.0513 	EXP 	image_2: pos = array([-261.,  -88.])
26.0681 	EXP 	image_2: pos = array([-288.,  -95.])
26.0857 	EXP 	image_2: pos = array([-312.,  -99.])
26.1001 	EXP 	image_2: pos = array([-330., -102.])
26.1178 	EXP 	image_2: pos = array([-340., -105.])
26.1335 	EXP 	image_2: pos = array([-348., -107.])
26.1510 	EXP 	image_2: pos = array([-352., -108.])
26.1686 	EXP 	image_2: pos = array([-353., -108.])
26.1832 	EXP 	image_2: pos = array([-354., -108.])
26.2013 	EXP 	image_2: pos = array([-354., -108.])
26.2173 	EXP 	image_2: pos = array([-354., -108.])
26.2345 	EXP 	image_2: pos = array([-354., -108.])
26.2502 	EXP 	image_2: pos = array([-354., -108.])
26.2686 	EXP 	image_2: pos = array([-354., -108.])
26.2693 	DATA 	Mouse:  Left button up, pos=(158,276)
27.1012 	DATA 	Mouse: Left button down, pos=(695,386)
27.1185 	EXP 	image_3: pos = array([ 183.,    2.])
27.1356 	EXP 	image_3: pos = array([ 183.,    2.])
27.1501 	EXP 	image_3: pos = array([ 184.,    3.])
27.1686 	EXP 	image_3: pos = array([ 184.,    4.])
27.1854 	EXP 	image_3: pos = array([ 188.,    7.])
27.2006 	EXP 	image_3: pos = array([ 193.,   11.])
27.2195 	EXP 	image_3: pos = array([ 201.,   17.])
27.2352 	EXP 	image_3: pos = array([ 212.,   26.])
27.2505 	EXP 	image_3: pos = array([ 224.,   35.])
27.2678 	EXP 	image_3: pos = array([ 241.,   48.])
27.2852 	EXP 	image_3: pos = array([ 261.,   63.])
27.3010 	EXP 	image_3: pos = array([ 279.,   75.])
27.3182 	EXP 	image_3: pos = array([ 294.,   87.])
27.3353 	EXP 	image_3: pos = array([ 298.,   94.])
27.3512 	EXP 	image_3: pos = array([ 299.,   98.])
27.3695 	EXP 	image_3: pos = array([ 299.,   99.])
27.3833 	EXP 	image_3: pos = array([ 299.,   99.])
27.4012 	EXP 	image_3: pos = array([ 299.,   99.])
27.4186 	EXP 	image_3: pos = array([ 299.,   99.])
27.4346 	EXP 	image_3: pos = array([ 299.,   99.])
27.4524 	EXP 	image_3: pos = array([ 299.,   99.])
27.4531 	DATA 	Mouse:  Left button up, pos=(811,483)
28.4540 	DATA 	Keypress: space
28.4549 	EXP 	New trial (rep=1, index=1): OrderedDict([('file1', u'stims/face01.jpg'), ('file2', u'stims/face02.jpg'), ('file3', u'stims/face03.jpg')])
28.5185 	EXP 	image_1: autoDraw = False
28.5185 	EXP 	image_2: autoDraw = False
28.5185 	EXP 	image_3: autoDraw = False
28.5185 	EXP 	instruct: autoDraw = False
28.5185 	EXP 	image_1: pos = array([-250.,    0.])
28.5185 	EXP 	image_1: image = u'stims/face01.jpg'
28.5185 	EXP 	image_2: pos = array([ 0.,  0.])
28.5185 	EXP 	image_2: image = u'stims/face02.jpg'
28.5185 	EXP 	image_3: pos = array([ 250.,    0.])
28.5185 	EXP 	image_3: image = u'stims/face03.jpg'
28.5185 	EXP 	image_1: autoDraw = True
28.5185 	EXP 	image_2: autoDraw = True
28.5185 	EXP 	image_3: autoDraw = True
28.5185 	EXP 	instruct: autoDraw = True
29.1363 	DATA 	Mouse: Left button down, pos=(549,385)
29.1530 	EXP 	image_2: pos = array([ 42.,   5.])
29.1691 	EXP 	image_2: pos = array([ 56.,  12.])
29.1852 	EXP 	image_2: pos = array([ 68.,  18.])
29.2013 	EXP 	image_2: pos = array([ 83.,  26.])
29.2187 	EXP 	image_2: pos = array([ 99.,  35.])
29.2354 	EXP 	image_2: pos = array([ 116.,   44.])
29.2521 	EXP 	image_2: pos = array([ 129.,   54.])
29.2691 	EXP 	image_2: pos = array([ 137.,   61.])
29.2852 	EXP 	image_2: pos = array([ 142.,   65.])
29.3023 	EXP 	image_2: pos = array([ 144.,   67.])
29.3192 	EXP 	image_2: pos = array([ 145.,   68.])
29.3202 	DATA 	Mouse:  Left button up, pos=(657,452)
29.9540 	DATA 	Mouse: Left button down, pos=(732,431)
29.9689 	EXP 	image_2: pos = array([ 222.,   43.])
29.9855 	EXP 	image_2: pos = array([ 226.,   36.])
30.0014 	EXP 	image_2: pos = array([ 231.,   28.])
30.0194 	EXP 	image_2: pos = array([ 236.,   19.])
30.0360 	EXP 	image_2: pos = array([ 242.,    9.])
30.0523 	EXP 	image_2: pos = array([ 248.,    1.])
30.0684 	EXP 	image_2: pos = array([ 253.,   -4.])
30.0853 	EXP 	image_2: pos = array([ 258.,   -8.])
30.1023 	EXP 	image_2: pos = array([ 261.,  -10.])
30.1194 	EXP 	image_2: pos = array([ 264.,  -12.])
30.1353 	EXP 	image_2: pos = array([ 266.,  -13.])
30.1530 	EXP 	image_2: pos = array([ 267.,  -13.])
30.1694 	EXP 	image_2: pos = array([ 267.,  -13.])
30.1853 	EXP 	image_2: pos = array([ 267.,  -13.])
30.1861 	DATA 	Mouse:  Left button up, pos=(779,371)
31.1041 	DATA 	Mouse: Left button down, pos=(768,330)
31.1196 	EXP 	image_2: pos = array([ 246.,  -46.])
31.1364 	EXP 	image_2: pos = array([ 227.,  -32.])
31.1532 	EXP 	image_2: pos = array([ 207.,  -19.])
31.1694 	EXP 	image_2: pos = array([ 165.,    4.])
31.1863 	EXP 	image_2: pos = array([ 132.,   19.])
31.2033 	EXP 	image_2: pos = array([ 94.,  36.])
31.2192 	EXP 	image_2: pos = array([ 57.,  51.])
31.2362 	EXP 	image_2: pos = array([ 19.,  66.])
31.2530 	EXP 	image_2: pos = array([-19.,  76.])
31.2703 	EXP 	image_2: pos = array([-52.,  82.])
31.2864 	EXP 	image_2: pos = array([-79.,  87.])
31.3034 	EXP 	image_2: pos = array([-97.,  91.])
31.3195 	EXP 	image_2: pos = array([-109.,   93.])
31.3365 	EXP 	image_2: pos = array([-117.,   95.])
31.3531 	EXP 	image_2: pos = array([-121.,   97.])
31.3696 	EXP 	image_2: pos = array([-124.,   98.])
31.3860 	EXP 	image_2: pos = array([-124.,   99.])
31.4027 	EXP 	image_2: pos = array([-124.,   99.])
31.4200 	EXP 	image_2: pos = array([-124.,   99.])
31.4367 	EXP 	image_2: pos = array([-124.,   99.])
31.4529 	EXP 	image_2: pos = array([-124.,   99.])
31.4699 	EXP 	image_2: pos = array([-124.,   99.])
31.4864 	EXP 	image_2: pos = array([-124.,   99.])
31.5032 	EXP 	image_2: pos = array([-124.,   99.])
31.5193 	EXP 	image_2: pos = array([-124.,   99.])
31.5364 	EXP 	image_2: pos = array([-124.,   99.])
31.5533 	EXP 	image_2: pos = array([-124.,   99.])
31.5542 	DATA 	Mouse:  Left button up, pos=(388,483)
31.6545 	DATA 	Mouse: Left button down, pos=(388,483)
31.6699 	EXP 	image_2: pos = array([-124.,   99.])
31.6868 	EXP 	image_2: pos = array([-124.,   99.])
31.7029 	EXP 	image_2: pos = array([-124.,   99.])
31.7204 	EXP 	image_2: pos = array([-124.,   99.])
31.7366 	EXP 	image_2: pos = array([-124.,   99.])
31.7537 	EXP 	image_2: pos = array([-124.,   99.])
31.7697 	EXP 	image_2: pos = array([-124.,   99.])
31.7862 	EXP 	image_2: pos = array([-124.,   99.])
31.8034 	EXP 	image_2: pos = array([-124.,   99.])
31.8041 	DATA 	Mouse:  Left button up, pos=(388,483)
32.1205 	DATA 	Mouse: Left button down, pos=(439,466)
32.1363 	EXP 	image_2: pos = array([-74.,  85.])
32.1531 	EXP 	image_2: pos = array([-77.,  91.])
32.1697 	EXP 	image_2: pos = array([ -88.,  105.])
32.1862 	EXP 	image_2: pos = array([-100.,  115.])
32.2032 	EXP 	image_2: pos = array([-119.,  131.])
32.2201 	EXP 	image_2: pos = array([-142.,  144.])
32.2364 	EXP 	image_2: pos = array([-161.,  155.])
32.2528 	EXP 	image_2: pos = array([-181.,  166.])
32.2700 	EXP 	image_2: pos = array([-198.,  178.])
32.2862 	EXP 	image_2: pos = array([-211.,  187.])
32.3035 	EXP 	image_2: pos = array([-223.,  194.])
32.3202 	EXP 	image_2: pos = array([-229.,  198.])
32.3365 	EXP 	image_2: pos = array([-231.,  200.])
32.3535 	EXP 	image_2: pos = array([-232.,  201.])
32.3704 	EXP 	image_2: pos = array([-232.,  203.])
32.3862 	EXP 	image_2: pos = array([-233.,  204.])
32.3871 	DATA 	Mouse:  Left button up, pos=(279,589)
32.8713 	DATA 	Mouse: Left button down, pos=(780,468)
32.8873 	EXP 	image_3: pos = array([ 270.,   83.])
32.9027 	EXP 	image_3: pos = array([ 273.,   80.])
32.9204 	EXP 	image_3: pos = array([ 278.,   78.])
32.9364 	EXP 	image_3: pos = array([ 286.,   72.])
32.9531 	EXP 	image_3: pos = array([ 296.,   65.])
32.9704 	EXP 	image_3: pos = array([ 306.,   56.])
32.9861 	EXP 	image_3: pos = array([ 318.,   45.])
33.0034 	EXP 	image_3: pos = array([ 330.,   35.])
33.0199 	EXP 	image_3: pos = array([ 340.,   27.])
33.0370 	EXP 	image_3: pos = array([ 351.,   19.])
33.0533 	EXP 	image_3: pos = array([ 361.,   12.])
33.0699 	EXP 	image_3: pos = array([ 368.,    8.])
33.0862 	EXP 	image_3: pos = array([ 373.,    7.])
33.1034 	EXP 	image_3: pos = array([ 376.,    6.])
33.1201 	EXP 	image_3: pos = array([ 379.,    6.])
33.1370 	EXP 	image_3: pos = array([ 380.,    6.])
33.1537 	EXP 	image_3: pos = array([ 381.,    7.])
33.1696 	EXP 	image_3: pos = array([ 381.,    7.])
33.1868 	EXP 	image_3: pos = array([ 381.,    7.])
33.2028 	EXP 	image_3: pos = array([ 381.,    7.])
33.2203 	EXP 	image_3: pos = array([ 381.,    7.])
33.2370 	EXP 	image_3: pos = array([ 381.,    7.])
33.2535 	EXP 	image_3: pos = array([ 381.,    7.])
33.2699 	EXP 	image_3: pos = array([ 381.,    7.])
33.2861 	EXP 	image_3: pos = array([ 381.,    8.])
33.3034 	EXP 	image_3: pos = array([ 380.,    8.])
33.3193 	EXP 	image_3: pos = array([ 380.,    9.])
33.3364 	EXP 	image_3: pos = array([ 380.,   10.])
33.3531 	EXP 	image_3: pos = array([ 379.,   11.])
33.3705 	EXP 	image_3: pos = array([ 377.,   12.])
33.3864 	EXP 	image_3: pos = array([ 372.,   16.])
33.3872 	DATA 	Mouse:  Left button up, pos=(877,401)
33.8203 	DATA 	Mouse: Left button down, pos=(288,351)
33.8371 	EXP 	image_1: pos = array([-221.,  -32.])
33.8529 	EXP 	image_1: pos = array([-209.,  -26.])
33.8703 	EXP 	image_1: pos = array([-186.,  -17.])
33.8864 	EXP 	image_1: pos = array([-151.,   -2.])
33.9033 	EXP 	image_1: pos = array([-107.,   13.])
33.9201 	EXP 	image_1: pos = array([-51.,  30.])
33.9363 	EXP 	image_1: pos = array([  0.,  49.])
33.9533 	EXP 	image_1: pos = array([ 53.,  69.])
33.9698 	EXP 	image_1: pos = array([ 121.,   94.])
33.9872 	EXP 	image_1: pos = array([ 147.,  106.])
34.0034 	EXP 	image_1: pos = array([ 159.,  112.])
34.0198 	EXP 	image_1: pos = array([ 164.,  115.])
34.0371 	EXP 	image_1: pos = array([ 165.,  115.])
34.0530 	EXP 	image_1: pos = array([ 165.,  115.])
34.0699 	EXP 	image_1: pos = array([ 165.,  115.])
34.0873 	EXP 	image_1: pos = array([ 166.,  115.])
34.1035 	EXP 	image_1: pos = array([ 167.,  117.])
34.1203 	EXP 	image_1: pos = array([ 169.,  119.])
34.1369 	EXP 	image_1: pos = array([ 171.,  122.])
34.1534 	EXP 	image_1: pos = array([ 172.,  126.])
34.1697 	EXP 	image_1: pos = array([ 172.,  127.])
34.1867 	EXP 	image_1: pos = array([ 172.,  129.])
34.2034 	EXP 	image_1: pos = array([ 172.,  130.])
34.2200 	EXP 	image_1: pos = array([ 172.,  131.])
34.2371 	EXP 	image_1: pos = array([ 171.,  132.])
34.2528 	EXP 	image_1: pos = array([ 171.,  133.])
34.2699 	EXP 	image_1: pos = array([ 168.,  134.])
34.2872 	EXP 	image_1: pos = array([ 163.,  137.])
34.3031 	EXP 	image_1: pos = array([ 151.,  138.])
34.3201 	EXP 	image_1: pos = array([ 131.,  141.])
34.3372 	EXP 	image_1: pos = array([ 100.,  141.])
34.3532 	EXP 	image_1: pos = array([  41.,  142.])
34.3704 	EXP 	image_1: pos = array([  -1.,  143.])
34.3862 	EXP 	image_1: pos = array([ -36.,  143.])
34.4032 	EXP 	image_1: pos = array([ -64.,  141.])
34.4199 	EXP 	image_1: pos = array([ -81.,  141.])
34.4371 	EXP 	image_1: pos = array([ -90.,  141.])
34.4537 	EXP 	image_1: pos = array([ -93.,  141.])
34.4697 	EXP 	image_1: pos = array([ -93.,  141.])
34.4868 	EXP 	image_1: pos = array([ -93.,  141.])
34.5036 	EXP 	image_1: pos = array([ -93.,  141.])
34.5208 	EXP 	image_1: pos = array([ -93.,  141.])
34.5360 	EXP 	image_1: pos = array([ -93.,  141.])
34.5530 	EXP 	image_1: pos = array([ -92.,  141.])
34.5703 	EXP 	image_1: pos = array([ -90.,  140.])
34.5864 	EXP 	image_1: pos = array([ -89.,  140.])
34.6037 	EXP 	image_1: pos = array([ -88.,  139.])
34.6202 	EXP 	image_1: pos = array([ -88.,  139.])
34.6370 	EXP 	image_1: pos = array([ -87.,  138.])
34.6529 	EXP 	image_1: pos = array([ -87.,  137.])
34.6698 	EXP 	image_1: pos = array([ -87.,  136.])
34.6870 	EXP 	image_1: pos = array([ -87.,  134.])
34.7031 	EXP 	image_1: pos = array([ -88.,  131.])
34.7204 	EXP 	image_1: pos = array([ -91.,  127.])
34.7372 	EXP 	image_1: pos = array([ -93.,  122.])
34.7530 	EXP 	image_1: pos = array([ -97.,  113.])
34.7705 	EXP 	image_1: pos = array([ -98.,  110.])
34.7867 	EXP 	image_1: pos = array([ -98.,  109.])
34.8038 	EXP 	image_1: pos = array([ -98.,  109.])
34.8206 	EXP 	image_1: pos = array([ -98.,  109.])
34.8374 	EXP 	image_1: pos = array([ -98.,  109.])
34.8533 	EXP 	image_1: pos = array([ -98.,  109.])
34.8699 	EXP 	image_1: pos = array([ -97.,  112.])
34.8875 	EXP 	image_1: pos = array([ -95.,  114.])
34.9034 	EXP 	image_1: pos = array([ -93.,  116.])
34.9202 	EXP 	image_1: pos = array([ -91.,  117.])
34.9364 	EXP 	image_1: pos = array([ -88.,  118.])
34.9532 	EXP 	image_1: pos = array([ -84.,  120.])
34.9696 	EXP 	image_1: pos = array([ -74.,  125.])
34.9865 	EXP 	image_1: pos = array([ -67.,  128.])
35.0031 	EXP 	image_1: pos = array([ -58.,  132.])
35.0200 	EXP 	image_1: pos = array([ -48.,  136.])
35.0370 	EXP 	image_1: pos = array([ -40.,  140.])
35.0538 	EXP 	image_1: pos = array([ -32.,  144.])
35.0701 	EXP 	image_1: pos = array([ -25.,  147.])
35.0875 	EXP 	image_1: pos = array([ -20.,  150.])
35.1025 	EXP 	image_1: pos = array([ -16.,  153.])
35.1204 	EXP 	image_1: pos = array([ -11.,  155.])
35.1371 	EXP 	image_1: pos = array([  -6.,  158.])
35.1531 	EXP 	image_1: pos = array([   1.,  161.])
35.1705 	EXP 	image_1: pos = array([   5.,  163.])
35.1875 	EXP 	image_1: pos = array([  10.,  164.])
35.2024 	EXP 	image_1: pos = array([  14.,  166.])
35.2204 	EXP 	image_1: pos = array([  16.,  166.])
35.2368 	EXP 	image_1: pos = array([  17.,  167.])
35.2538 	EXP 	image_1: pos = array([  17.,  167.])
35.2705 	EXP 	image_1: pos = array([  17.,  167.])
35.2863 	EXP 	image_1: pos = array([  17.,  167.])
35.3040 	EXP 	image_1: pos = array([  17.,  167.])
35.3047 	DATA 	Mouse:  Left button up, pos=(529,551)
36.0400 	DATA 	Keypress: space
36.0408 	EXP 	New trial (rep=2, index=0): OrderedDict([('file1', u'stims/house01.jpg'), ('file2', u'stims/house02.jpg'), ('file3', u'stims/house03.jpg')])
36.1554 	EXP 	image_1: autoDraw = False
36.1554 	EXP 	image_2: autoDraw = False
36.1554 	EXP 	image_3: autoDraw = False
36.1554 	EXP 	instruct: autoDraw = False
36.1554 	EXP 	image_1: pos = array([-250.,    0.])
36.1554 	EXP 	image_1: image = u'stims/house01.jpg'
36.1554 	EXP 	image_2: pos = array([ 0.,  0.])
36.1554 	EXP 	image_2: image = u'stims/house02.jpg'
36.1554 	EXP 	image_3: pos = array([ 250.,    0.])
36.1554 	EXP 	image_3: image = u'stims/house03.jpg'
36.1554 	EXP 	image_1: autoDraw = True
36.1554 	EXP 	image_2: autoDraw = True
36.1554 	EXP 	image_3: autoDraw = True
36.1554 	EXP 	instruct: autoDraw = True
37.9733 	DATA 	Keypress: escape
37.9740 	EXP 	New trial (rep=2, index=1): OrderedDict([('file1', u'stims/face01.jpg'), ('file2', u'stims/face02.jpg'), ('file3', u'stims/face03.jpg')])
