3.9428 	EXP 	Created window1 = Window(allowGUI=True, allowStencil=False, autoLog=True, bitsMode=UNKNOWN, blendMode='avg', color=array([ 0.,  0.,  0.]), colorSpace='rgb', fullscr=UNKNOWN, gamma=None, lms=UNKNOWN, monitor=<psychopy.monitors.calibTools.Monitor object at 0x1119dddd0>, multiSample=False, name='window1', numSamples=2, pos=[0, 0], screen=0, size=array([2560, 1440]), stereo=False, units=u'norm', useFBO=True, useRetina=False, viewOri=0.0, viewPos=None, viewScale=None, waitBlanking=True, winType='pyglet')
3.9428 	EXP 	window1: recordFrameIntervals = False
4.1090 	EXP 	window1: recordFrameIntervals = True
4.2922 	EXP 	window1: recordFrameIntervals = False
4.3611 	EXP 	Created instrText = TextStim(alignHoriz='center', alignVert='center', antialias=True, autoLog=True, bold=False, color=array([ 1.,  1.,  1.]), colorSpace='rgb', contrast=1.0, depth=0.0, flipHoriz=False, flipVert=False, font=u'Arial', fontFiles=[], height=0.08, italic=False, name='instrText', opacity=1.0, ori=0, pos=array([ 0.,  0.]), rgb=array([ 1.,  1.,  1.]), text=unicode(...), units=u'norm', win=Window(...), wrapWidth=1)
4.3676 	EXP 	Created item = TextStim(alignHoriz='center', alignVert='center', antialias=True, autoLog=True, bold=False, color='white', colorSpace='named', contrast=1.0, depth=0.0, flipHoriz=False, flipVert=False, font='Arial', fontFiles=[], height=0.1, italic=False, name='item', opacity=1.0, ori=0, pos=array([ 0. ,  0.5]), rgb=array([ 255.,  255.,  255.]), text=u'default text', units='norm', win=Window(...), wrapWidth=1)
4.3841 	EXP 	Created rating = RatingScale(acceptKeys=['return'], acceptPreText=UNKNOWN, acceptSize=UNKNOWN, acceptText=UNKNOWN, autoLog=True, choices=False, depth=0, disappear=False, flipVert=False, high=1, kwargs=UNKNOWN, labels=list(...), leftKeys=['left'], lineColor='White', low=0, marker=ShapeStim(...), markerColor='DarkBlue', markerExpansion=UNKNOWN, markerStart=None, maxTime=0.0, minTime=0.4, mouseOnly=False, name='rating', noMouse=False, pos=[0.0, -0.2], precision=100, respKeys=['0', '1'], rightKeys=['right'], scale='', self=UNKNOWN, showAccept=False, showValue=False, singleClick=False, size=0.8999999999999999, skipKeys=['tab'], stretch=1.0, textColor='LightGray', textFont='Helvetica Bold', textSize=0.18, tickHeight=1.0, tickMarks=1.0, win=Window(...))
4.3975 	EXP 	Created msgContinue = TextStim(alignHoriz='center', alignVert='center', antialias=True, autoLog=True, bold=False, color='white', colorSpace='named', contrast=1.0, depth=-2.0, flipHoriz=False, flipVert=False, font='Arial', fontFiles=[], height=0.07, italic=False, name='msgContinue', opacity=1.0, ori=0, pos=array([ 0. , -0.8]), rgb=array([ 255.,  255.,  255.]), text=unicode(...), units=u'norm', win=Window(...), wrapWidth=1)
4.4269 	EXP 	Created thanksText = TextStim(alignHoriz='center', alignVert='center', antialias=True, autoLog=True, bold=False, color=array([ 1.,  1.,  1.]), colorSpace='rgb', contrast=1.0, depth=0.0, flipHoriz=False, flipVert=False, font='arial', fontFiles=[], height=0.3, italic=False, name='thanksText', opacity=1.0, ori=0, pos=array([ 0.,  0.]), rgb=array([ 1.,  1.,  1.]), text=unicode(...), units=u'norm', win=Window(...), wrapWidth=1)
4.4301 	EXP 	window1: blendMode = 'avg'
4.4422 	EXP 	rating: flipVert = False
4.4422 	EXP 	rating: autoLog = True
4.4422 	EXP 	instrText: autoDraw = True
4.4429 	EXP 	window1: blendMode = 'avg'
4.4595 	EXP 	window1: blendMode = 'avg'
4.4764 	EXP 	window1: blendMode = 'avg'
4.4926 	EXP 	window1: blendMode = 'avg'
4.5094 	EXP 	window1: blendMode = 'avg'
4.5266 	EXP 	window1: blendMode = 'avg'
4.5428 	EXP 	window1: blendMode = 'avg'
4.5595 	EXP 	window1: blendMode = 'avg'
4.5764 	EXP 	window1: blendMode = 'avg'
4.5927 	EXP 	window1: blendMode = 'avg'
4.6095 	EXP 	window1: blendMode = 'avg'
4.6267 	EXP 	window1: blendMode = 'avg'
4.6427 	EXP 	window1: blendMode = 'avg'
4.6595 	EXP 	window1: blendMode = 'avg'
4.6759 	EXP 	window1: blendMode = 'avg'
4.6925 	EXP 	window1: blendMode = 'avg'
4.7088 	EXP 	window1: blendMode = 'avg'
4.7267 	EXP 	window1: blendMode = 'avg'
4.7427 	EXP 	window1: blendMode = 'avg'
4.7596 	EXP 	window1: blendMode = 'avg'
4.7759 	EXP 	window1: blendMode = 'avg'
4.7926 	EXP 	window1: blendMode = 'avg'
4.8095 	EXP 	window1: blendMode = 'avg'
4.8267 	EXP 	window1: blendMode = 'avg'
4.8428 	EXP 	window1: blendMode = 'avg'
4.8596 	EXP 	window1: blendMode = 'avg'
4.8765 	EXP 	window1: blendMode = 'avg'
4.8927 	EXP 	window1: blendMode = 'avg'
4.9095 	EXP 	window1: blendMode = 'avg'
4.9267 	EXP 	window1: blendMode = 'avg'
4.9428 	EXP 	window1: blendMode = 'avg'
4.9595 	EXP 	window1: blendMode = 'avg'
4.9765 	EXP 	window1: blendMode = 'avg'
4.9928 	EXP 	window1: blendMode = 'avg'
5.0095 	EXP 	window1: blendMode = 'avg'
5.0267 	EXP 	window1: blendMode = 'avg'
5.0427 	EXP 	window1: blendMode = 'avg'
5.0596 	EXP 	window1: blendMode = 'avg'
5.0764 	EXP 	window1: blendMode = 'avg'
5.0928 	EXP 	window1: blendMode = 'avg'
5.1095 	EXP 	window1: blendMode = 'avg'
5.1268 	EXP 	window1: blendMode = 'avg'
5.1428 	EXP 	window1: blendMode = 'avg'
5.1596 	EXP 	window1: blendMode = 'avg'
5.1763 	EXP 	window1: blendMode = 'avg'
5.1928 	EXP 	window1: blendMode = 'avg'
5.2094 	EXP 	window1: blendMode = 'avg'
5.2263 	EXP 	window1: blendMode = 'avg'
5.2427 	EXP 	window1: blendMode = 'avg'
5.2594 	EXP 	window1: blendMode = 'avg'
5.2764 	EXP 	window1: blendMode = 'avg'
5.2928 	EXP 	window1: blendMode = 'avg'
5.3095 	EXP 	window1: blendMode = 'avg'
5.3265 	EXP 	window1: blendMode = 'avg'
5.3428 	EXP 	window1: blendMode = 'avg'
5.3596 	EXP 	window1: blendMode = 'avg'
5.3765 	EXP 	window1: blendMode = 'avg'
5.3927 	EXP 	window1: blendMode = 'avg'
5.4105 	EXP 	window1: blendMode = 'avg'
5.4267 	EXP 	window1: blendMode = 'avg'
5.4428 	EXP 	window1: blendMode = 'avg'
5.4597 	EXP 	window1: blendMode = 'avg'
5.4765 	EXP 	window1: blendMode = 'avg'
5.4927 	EXP 	window1: blendMode = 'avg'
5.5094 	EXP 	window1: blendMode = 'avg'
5.5267 	EXP 	window1: blendMode = 'avg'
5.5429 	EXP 	window1: blendMode = 'avg'
5.5596 	EXP 	window1: blendMode = 'avg'
5.5764 	EXP 	window1: blendMode = 'avg'
5.5928 	EXP 	window1: blendMode = 'avg'
5.6095 	EXP 	window1: blendMode = 'avg'
5.6266 	EXP 	window1: blendMode = 'avg'
5.6434 	EXP 	window1: blendMode = 'avg'
5.6597 	EXP 	window1: blendMode = 'avg'
5.6765 	EXP 	window1: blendMode = 'avg'
5.6941 	EXP 	window1: blendMode = 'avg'
5.7097 	EXP 	window1: blendMode = 'avg'
5.7267 	EXP 	window1: blendMode = 'avg'
5.7434 	EXP 	window1: blendMode = 'avg'
5.7596 	EXP 	window1: blendMode = 'avg'
5.7765 	EXP 	window1: blendMode = 'avg'
5.7933 	EXP 	window1: blendMode = 'avg'
5.8097 	EXP 	window1: blendMode = 'avg'
5.8267 	EXP 	window1: blendMode = 'avg'
5.8428 	EXP 	window1: blendMode = 'avg'
5.8605 	EXP 	window1: blendMode = 'avg'
5.8759 	EXP 	window1: blendMode = 'avg'
5.8928 	EXP 	window1: blendMode = 'avg'
5.9095 	EXP 	window1: blendMode = 'avg'
5.9268 	EXP 	window1: blendMode = 'avg'
5.9430 	EXP 	window1: blendMode = 'avg'
5.9597 	EXP 	window1: blendMode = 'avg'
5.9765 	EXP 	window1: blendMode = 'avg'
5.9934 	EXP 	window1: blendMode = 'avg'
6.0097 	EXP 	window1: blendMode = 'avg'
6.0267 	EXP 	window1: blendMode = 'avg'
6.0429 	EXP 	window1: blendMode = 'avg'
6.0596 	EXP 	window1: blendMode = 'avg'
6.0765 	EXP 	window1: blendMode = 'avg'
6.0934 	EXP 	window1: blendMode = 'avg'
6.1097 	EXP 	window1: blendMode = 'avg'
6.1266 	EXP 	window1: blendMode = 'avg'
6.1435 	EXP 	window1: blendMode = 'avg'
6.1597 	EXP 	window1: blendMode = 'avg'
6.1766 	EXP 	window1: blendMode = 'avg'
6.1934 	EXP 	window1: blendMode = 'avg'
6.2097 	EXP 	window1: blendMode = 'avg'
6.2266 	EXP 	window1: blendMode = 'avg'
6.2435 	EXP 	window1: blendMode = 'avg'
6.2596 	EXP 	window1: blendMode = 'avg'
6.2764 	EXP 	window1: blendMode = 'avg'
6.2928 	EXP 	window1: blendMode = 'avg'
6.3094 	EXP 	window1: blendMode = 'avg'
6.3265 	EXP 	window1: blendMode = 'avg'
6.3434 	EXP 	window1: blendMode = 'avg'
6.3597 	EXP 	window1: blendMode = 'avg'
6.3765 	EXP 	window1: blendMode = 'avg'
6.3934 	EXP 	window1: blendMode = 'avg'
6.4097 	EXP 	window1: blendMode = 'avg'
6.4265 	EXP 	window1: blendMode = 'avg'
6.4435 	EXP 	window1: blendMode = 'avg'
6.4595 	EXP 	window1: blendMode = 'avg'
6.4764 	EXP 	window1: blendMode = 'avg'
6.4928 	EXP 	window1: blendMode = 'avg'
6.5095 	EXP 	window1: blendMode = 'avg'
6.5266 	EXP 	window1: blendMode = 'avg'
6.5427 	EXP 	window1: blendMode = 'avg'
6.5595 	EXP 	window1: blendMode = 'avg'
6.5764 	EXP 	window1: blendMode = 'avg'
6.5933 	EXP 	window1: blendMode = 'avg'
6.6097 	EXP 	window1: blendMode = 'avg'
6.6266 	EXP 	window1: blendMode = 'avg'
6.6436 	EXP 	window1: blendMode = 'avg'
6.6593 	EXP 	window1: blendMode = 'avg'
6.6765 	EXP 	window1: blendMode = 'avg'
6.6934 	EXP 	window1: blendMode = 'avg'
6.7097 	EXP 	window1: blendMode = 'avg'
6.7266 	EXP 	window1: blendMode = 'avg'
6.7435 	EXP 	window1: blendMode = 'avg'
6.7597 	EXP 	window1: blendMode = 'avg'
6.7766 	EXP 	window1: blendMode = 'avg'
6.7935 	EXP 	window1: blendMode = 'avg'
6.8097 	EXP 	window1: blendMode = 'avg'
6.8266 	EXP 	window1: blendMode = 'avg'
6.8435 	EXP 	window1: blendMode = 'avg'
6.8597 	EXP 	window1: blendMode = 'avg'
6.8765 	EXP 	window1: blendMode = 'avg'
6.8933 	EXP 	window1: blendMode = 'avg'
6.9097 	EXP 	window1: blendMode = 'avg'
6.9265 	EXP 	window1: blendMode = 'avg'
6.9436 	EXP 	window1: blendMode = 'avg'
6.9598 	EXP 	window1: blendMode = 'avg'
6.9766 	EXP 	window1: blendMode = 'avg'
6.9934 	EXP 	window1: blendMode = 'avg'
7.0098 	EXP 	window1: blendMode = 'avg'
7.0267 	EXP 	window1: blendMode = 'avg'
7.0435 	EXP 	window1: blendMode = 'avg'
7.0604 	EXP 	window1: blendMode = 'avg'
7.0764 	EXP 	window1: blendMode = 'avg'
7.0928 	EXP 	window1: blendMode = 'avg'
7.1096 	EXP 	window1: blendMode = 'avg'
7.1266 	EXP 	window1: blendMode = 'avg'
7.1435 	EXP 	window1: blendMode = 'avg'
7.1604 	EXP 	window1: blendMode = 'avg'
7.1759 	EXP 	window1: blendMode = 'avg'
7.1936 	EXP 	window1: blendMode = 'avg'
7.2098 	EXP 	window1: blendMode = 'avg'
7.2266 	EXP 	window1: blendMode = 'avg'
7.2437 	EXP 	window1: blendMode = 'avg'
7.2595 	EXP 	window1: blendMode = 'avg'
7.2759 	EXP 	window1: blendMode = 'avg'
7.2936 	EXP 	window1: blendMode = 'avg'
7.3104 	EXP 	window1: blendMode = 'avg'
7.3266 	EXP 	window1: blendMode = 'avg'
7.3435 	EXP 	window1: blendMode = 'avg'
7.3604 	EXP 	window1: blendMode = 'avg'
7.3763 	EXP 	window1: blendMode = 'avg'
7.3928 	EXP 	window1: blendMode = 'avg'
7.4095 	EXP 	window1: blendMode = 'avg'
7.4266 	EXP 	window1: blendMode = 'avg'
7.4434 	EXP 	window1: blendMode = 'avg'
7.4604 	EXP 	window1: blendMode = 'avg'
7.4758 	EXP 	window1: blendMode = 'avg'
7.4935 	EXP 	window1: blendMode = 'avg'
7.5104 	EXP 	window1: blendMode = 'avg'
7.5266 	EXP 	window1: blendMode = 'avg'
7.5436 	EXP 	window1: blendMode = 'avg'
7.5595 	EXP 	window1: blendMode = 'avg'
7.5765 	EXP 	window1: blendMode = 'avg'
7.5928 	EXP 	window1: blendMode = 'avg'
7.6095 	EXP 	window1: blendMode = 'avg'
7.6267 	EXP 	window1: blendMode = 'avg'
7.6435 	EXP 	window1: blendMode = 'avg'
7.6604 	EXP 	window1: blendMode = 'avg'
7.6758 	EXP 	window1: blendMode = 'avg'
7.6935 	EXP 	window1: blendMode = 'avg'
7.7103 	EXP 	window1: blendMode = 'avg'
7.7267 	EXP 	window1: blendMode = 'avg'
7.7436 	EXP 	window1: blendMode = 'avg'
7.7604 	EXP 	window1: blendMode = 'avg'
7.7758 	EXP 	window1: blendMode = 'avg'
7.7936 	EXP 	window1: blendMode = 'avg'
7.8104 	EXP 	window1: blendMode = 'avg'
7.8266 	EXP 	window1: blendMode = 'avg'
7.8436 	EXP 	window1: blendMode = 'avg'
7.8605 	EXP 	window1: blendMode = 'avg'
7.8764 	EXP 	window1: blendMode = 'avg'
7.8928 	EXP 	window1: blendMode = 'avg'
7.9095 	EXP 	window1: blendMode = 'avg'
7.9265 	EXP 	window1: blendMode = 'avg'
7.9434 	EXP 	window1: blendMode = 'avg'
7.9604 	EXP 	window1: blendMode = 'avg'
7.9764 	EXP 	window1: blendMode = 'avg'
7.9927 	EXP 	window1: blendMode = 'avg'
8.0094 	EXP 	window1: blendMode = 'avg'
8.0266 	EXP 	window1: blendMode = 'avg'
8.0435 	EXP 	window1: blendMode = 'avg'
8.0605 	EXP 	window1: blendMode = 'avg'
8.0759 	EXP 	window1: blendMode = 'avg'
8.0936 	EXP 	window1: blendMode = 'avg'
8.1104 	EXP 	window1: blendMode = 'avg'
8.1274 	EXP 	window1: blendMode = 'avg'
8.1436 	EXP 	window1: blendMode = 'avg'
8.1604 	EXP 	window1: blendMode = 'avg'
8.1758 	EXP 	window1: blendMode = 'avg'
8.1936 	EXP 	window1: blendMode = 'avg'
8.2104 	EXP 	window1: blendMode = 'avg'
8.2268 	EXP 	window1: blendMode = 'avg'
8.2436 	EXP 	window1: blendMode = 'avg'
8.2605 	EXP 	window1: blendMode = 'avg'
8.2764 	EXP 	window1: blendMode = 'avg'
8.2929 	EXP 	window1: blendMode = 'avg'
8.3096 	EXP 	window1: blendMode = 'avg'
8.3266 	EXP 	window1: blendMode = 'avg'
8.3437 	EXP 	window1: blendMode = 'avg'
8.3606 	EXP 	window1: blendMode = 'avg'
8.3764 	EXP 	window1: blendMode = 'avg'
8.3928 	EXP 	window1: blendMode = 'avg'
8.4095 	EXP 	window1: blendMode = 'avg'
8.4266 	EXP 	window1: blendMode = 'avg'
8.4435 	EXP 	window1: blendMode = 'avg'
8.4604 	EXP 	window1: blendMode = 'avg'
8.4767 	EXP 	window1: blendMode = 'avg'
8.4936 	EXP 	window1: blendMode = 'avg'
8.5096 	EXP 	window1: blendMode = 'avg'
8.5265 	EXP 	window1: blendMode = 'avg'
8.5439 	EXP 	window1: blendMode = 'avg'
8.5596 	EXP 	window1: blendMode = 'avg'
8.5765 	EXP 	window1: blendMode = 'avg'
8.5933 	EXP 	window1: blendMode = 'avg'
8.6105 	EXP 	window1: blendMode = 'avg'
8.6269 	EXP 	window1: blendMode = 'avg'
8.6437 	EXP 	window1: blendMode = 'avg'
8.6606 	EXP 	window1: blendMode = 'avg'
8.6774 	EXP 	window1: blendMode = 'avg'
8.6937 	EXP 	window1: blendMode = 'avg'
8.7105 	EXP 	window1: blendMode = 'avg'
8.7269 	EXP 	window1: blendMode = 'avg'
8.7437 	EXP 	window1: blendMode = 'avg'
8.7607 	EXP 	window1: blendMode = 'avg'
8.7775 	EXP 	window1: blendMode = 'avg'
8.7937 	EXP 	window1: blendMode = 'avg'
8.8105 	EXP 	window1: blendMode = 'avg'
8.8275 	EXP 	window1: blendMode = 'avg'
8.8446 	EXP 	window1: blendMode = 'avg'
8.8606 	EXP 	window1: blendMode = 'avg'
8.8779 	EXP 	window1: blendMode = 'avg'
8.8937 	EXP 	window1: blendMode = 'avg'
8.9105 	EXP 	window1: blendMode = 'avg'
8.9274 	EXP 	window1: blendMode = 'avg'
8.9438 	EXP 	window1: blendMode = 'avg'
8.9606 	EXP 	window1: blendMode = 'avg'
8.9778 	EXP 	window1: blendMode = 'avg'
8.9939 	EXP 	window1: blendMode = 'avg'
9.0106 	EXP 	window1: blendMode = 'avg'
9.0275 	EXP 	window1: blendMode = 'avg'
9.0439 	EXP 	window1: blendMode = 'avg'
9.0607 	EXP 	window1: blendMode = 'avg'
9.0775 	EXP 	window1: blendMode = 'avg'
9.0938 	EXP 	window1: blendMode = 'avg'
9.1106 	EXP 	window1: blendMode = 'avg'
9.1276 	EXP 	window1: blendMode = 'avg'
9.1438 	EXP 	window1: blendMode = 'avg'
9.1606 	EXP 	window1: blendMode = 'avg'
9.1775 	EXP 	window1: blendMode = 'avg'
9.1938 	EXP 	window1: blendMode = 'avg'
9.2106 	EXP 	window1: blendMode = 'avg'
9.2275 	EXP 	window1: blendMode = 'avg'
9.2438 	EXP 	window1: blendMode = 'avg'
9.2607 	EXP 	window1: blendMode = 'avg'
9.2775 	EXP 	window1: blendMode = 'avg'
9.2938 	EXP 	window1: blendMode = 'avg'
9.3108 	EXP 	window1: blendMode = 'avg'
9.3278 	EXP 	window1: blendMode = 'avg'
9.3440 	EXP 	window1: blendMode = 'avg'
9.3607 	EXP 	window1: blendMode = 'avg'
9.3776 	EXP 	window1: blendMode = 'avg'
9.3938 	EXP 	window1: blendMode = 'avg'
9.4107 	EXP 	window1: blendMode = 'avg'
9.4274 	EXP 	window1: blendMode = 'avg'
9.4438 	EXP 	window1: blendMode = 'avg'
9.4608 	EXP 	window1: blendMode = 'avg'
9.4775 	EXP 	window1: blendMode = 'avg'
9.4937 	EXP 	window1: blendMode = 'avg'
9.5106 	EXP 	window1: blendMode = 'avg'
9.5275 	EXP 	window1: blendMode = 'avg'
9.5444 	EXP 	window1: blendMode = 'avg'
9.5607 	EXP 	window1: blendMode = 'avg'
9.5775 	EXP 	window1: blendMode = 'avg'
9.5938 	EXP 	window1: blendMode = 'avg'
9.6107 	EXP 	window1: blendMode = 'avg'
9.6275 	EXP 	window1: blendMode = 'avg'
9.6439 	EXP 	window1: blendMode = 'avg'
9.6612 	DATA 	Keypress: right
9.6752 	EXP 	Imported IPIP-NEO-PI-R-120-Johnson2014.xlsx as conditions, 120 conditions, 6 params
9.6757 	EXP 	Created sequence: random, trialTypes=120, nReps=1, seed=None
9.6760 	EXP 	New trial (rep=0, index=0): {'Scoring': u'+', 'Facet': u'Immoderation', 'Code': u'N5', 'Item': u'Go on binges.', 'Factor': u'Neuroticism', 'Number': 17}
9.6819 	EXP 	RatingScale rating: reset()
9.6825 	EXP 	window1: blendMode = 'avg'
9.6831 	EXP 	window1: blendMode = 'avg'
9.6838 	EXP 	window1: blendMode = 'avg'
9.6899 	EXP 	window1: blendMode = 'avg'
9.7101 	EXP 	instrText: autoDraw = False
9.7101 	EXP 	item: text = u'Go on binges.'
9.7101 	EXP 	item: autoDraw = True
9.7101 	EXP 	rating: autoDraw = True
9.7101 	EXP 	msgContinue: autoDraw = True
9.7105 	EXP 	window1: blendMode = 'avg'
9.7110 	EXP 	window1: blendMode = 'avg'
9.7114 	EXP 	window1: blendMode = 'avg'
9.7121 	EXP 	window1: blendMode = 'avg'
9.7274 	EXP 	window1: blendMode = 'avg'
9.7278 	EXP 	window1: blendMode = 'avg'
9.7282 	EXP 	window1: blendMode = 'avg'
9.7291 	EXP 	window1: blendMode = 'avg'
9.7443 	EXP 	window1: blendMode = 'avg'
9.7447 	EXP 	window1: blendMode = 'avg'
9.7451 	EXP 	window1: blendMode = 'avg'
9.7459 	EXP 	window1: blendMode = 'avg'
9.7606 	EXP 	window1: blendMode = 'avg'
9.7609 	EXP 	window1: blendMode = 'avg'
9.7613 	EXP 	window1: blendMode = 'avg'
9.7621 	EXP 	window1: blendMode = 'avg'
9.7775 	EXP 	window1: blendMode = 'avg'
9.7778 	EXP 	window1: blendMode = 'avg'
9.7781 	EXP 	window1: blendMode = 'avg'
9.7789 	EXP 	window1: blendMode = 'avg'
9.7948 	EXP 	window1: blendMode = 'avg'
9.7953 	EXP 	window1: blendMode = 'avg'
9.7958 	EXP 	window1: blendMode = 'avg'
9.7971 	EXP 	window1: blendMode = 'avg'
9.8118 	EXP 	window1: blendMode = 'avg'
9.8122 	EXP 	window1: blendMode = 'avg'
9.8125 	EXP 	window1: blendMode = 'avg'
9.8133 	EXP 	window1: blendMode = 'avg'
9.8275 	EXP 	window1: blendMode = 'avg'
9.8279 	EXP 	window1: blendMode = 'avg'
9.8283 	EXP 	window1: blendMode = 'avg'
9.8291 	EXP 	window1: blendMode = 'avg'
9.8444 	EXP 	window1: blendMode = 'avg'
9.8448 	EXP 	window1: blendMode = 'avg'
9.8453 	EXP 	window1: blendMode = 'avg'
9.8461 	EXP 	window1: blendMode = 'avg'
9.8606 	EXP 	window1: blendMode = 'avg'
9.8610 	EXP 	window1: blendMode = 'avg'
9.8614 	EXP 	window1: blendMode = 'avg'
9.8623 	EXP 	window1: blendMode = 'avg'
9.8775 	EXP 	window1: blendMode = 'avg'
9.8779 	EXP 	window1: blendMode = 'avg'
9.8783 	EXP 	window1: blendMode = 'avg'
9.8791 	EXP 	window1: blendMode = 'avg'
9.8943 	EXP 	window1: blendMode = 'avg'
9.8947 	EXP 	window1: blendMode = 'avg'
9.8951 	EXP 	window1: blendMode = 'avg'
9.8960 	EXP 	window1: blendMode = 'avg'
9.9107 	EXP 	window1: blendMode = 'avg'
9.9110 	EXP 	window1: blendMode = 'avg'
9.9114 	EXP 	window1: blendMode = 'avg'
9.9122 	EXP 	window1: blendMode = 'avg'
9.9274 	EXP 	window1: blendMode = 'avg'
9.9277 	EXP 	window1: blendMode = 'avg'
9.9281 	EXP 	window1: blendMode = 'avg'
9.9289 	EXP 	window1: blendMode = 'avg'
9.9443 	EXP 	window1: blendMode = 'avg'
9.9448 	EXP 	window1: blendMode = 'avg'
9.9452 	EXP 	window1: blendMode = 'avg'
9.9460 	EXP 	window1: blendMode = 'avg'
9.9606 	EXP 	window1: blendMode = 'avg'
9.9611 	EXP 	window1: blendMode = 'avg'
9.9614 	EXP 	window1: blendMode = 'avg'
9.9623 	EXP 	window1: blendMode = 'avg'
9.9775 	EXP 	window1: blendMode = 'avg'
9.9780 	EXP 	window1: blendMode = 'avg'
9.9784 	EXP 	window1: blendMode = 'avg'
9.9792 	EXP 	window1: blendMode = 'avg'
9.9937 	EXP 	window1: blendMode = 'avg'
9.9941 	EXP 	window1: blendMode = 'avg'
9.9944 	EXP 	window1: blendMode = 'avg'
9.9953 	EXP 	window1: blendMode = 'avg'
10.0106 	EXP 	window1: blendMode = 'avg'
10.0110 	EXP 	window1: blendMode = 'avg'
10.0113 	EXP 	window1: blendMode = 'avg'
10.0120 	EXP 	window1: blendMode = 'avg'
10.0275 	EXP 	window1: blendMode = 'avg'
10.0280 	EXP 	window1: blendMode = 'avg'
10.0284 	EXP 	window1: blendMode = 'avg'
10.0293 	EXP 	window1: blendMode = 'avg'
10.0446 	EXP 	window1: blendMode = 'avg'
10.0450 	EXP 	window1: blendMode = 'avg'
10.0454 	EXP 	window1: blendMode = 'avg'
10.0463 	EXP 	window1: blendMode = 'avg'
10.0605 	EXP 	window1: blendMode = 'avg'
10.0608 	EXP 	window1: blendMode = 'avg'
10.0612 	EXP 	window1: blendMode = 'avg'
10.0621 	EXP 	window1: blendMode = 'avg'
10.0775 	EXP 	window1: blendMode = 'avg'
10.0779 	EXP 	window1: blendMode = 'avg'
10.0783 	EXP 	window1: blendMode = 'avg'
10.0791 	EXP 	window1: blendMode = 'avg'
10.0943 	EXP 	window1: blendMode = 'avg'
10.0947 	EXP 	window1: blendMode = 'avg'
10.0951 	EXP 	window1: blendMode = 'avg'
10.0960 	EXP 	window1: blendMode = 'avg'
10.1114 	EXP 	window1: blendMode = 'avg'
10.1118 	EXP 	window1: blendMode = 'avg'
10.1122 	EXP 	window1: blendMode = 'avg'
10.1130 	EXP 	window1: blendMode = 'avg'
10.1274 	EXP 	window1: blendMode = 'avg'
10.1278 	EXP 	window1: blendMode = 'avg'
10.1281 	EXP 	window1: blendMode = 'avg'
10.1289 	EXP 	window1: blendMode = 'avg'
10.1443 	EXP 	window1: blendMode = 'avg'
10.1447 	EXP 	window1: blendMode = 'avg'
10.1451 	EXP 	window1: blendMode = 'avg'
10.1460 	EXP 	window1: blendMode = 'avg'
10.1605 	EXP 	window1: blendMode = 'avg'
10.1610 	EXP 	window1: blendMode = 'avg'
10.1614 	EXP 	window1: blendMode = 'avg'
10.1623 	EXP 	window1: blendMode = 'avg'
10.1778 	EXP 	window1: blendMode = 'avg'
10.1782 	EXP 	window1: blendMode = 'avg'
10.1785 	EXP 	window1: blendMode = 'avg'
10.1795 	EXP 	window1: blendMode = 'avg'
10.1946 	EXP 	window1: blendMode = 'avg'
10.1951 	EXP 	window1: blendMode = 'avg'
10.1954 	EXP 	window1: blendMode = 'avg'
10.1963 	EXP 	window1: blendMode = 'avg'
10.2116 	EXP 	window1: blendMode = 'avg'
10.2120 	EXP 	window1: blendMode = 'avg'
10.2124 	EXP 	window1: blendMode = 'avg'
10.2132 	EXP 	window1: blendMode = 'avg'
10.2274 	EXP 	window1: blendMode = 'avg'
10.2277 	EXP 	window1: blendMode = 'avg'
10.2281 	EXP 	window1: blendMode = 'avg'
10.2289 	EXP 	window1: blendMode = 'avg'
10.2438 	EXP 	window1: blendMode = 'avg'
10.2443 	EXP 	window1: blendMode = 'avg'
10.2447 	EXP 	window1: blendMode = 'avg'
10.2455 	EXP 	window1: blendMode = 'avg'
10.2607 	EXP 	window1: blendMode = 'avg'
10.2611 	EXP 	window1: blendMode = 'avg'
10.2615 	EXP 	window1: blendMode = 'avg'
10.2623 	EXP 	window1: blendMode = 'avg'
10.2776 	EXP 	window1: blendMode = 'avg'
10.2780 	EXP 	window1: blendMode = 'avg'
10.2784 	EXP 	window1: blendMode = 'avg'
10.2792 	EXP 	window1: blendMode = 'avg'
10.2944 	EXP 	window1: blendMode = 'avg'
10.2948 	EXP 	window1: blendMode = 'avg'
10.2952 	EXP 	window1: blendMode = 'avg'
10.2960 	EXP 	window1: blendMode = 'avg'
10.3107 	EXP 	window1: blendMode = 'avg'
10.3110 	EXP 	window1: blendMode = 'avg'
10.3113 	EXP 	window1: blendMode = 'avg'
10.3122 	EXP 	window1: blendMode = 'avg'
10.3275 	EXP 	window1: blendMode = 'avg'
10.3279 	EXP 	window1: blendMode = 'avg'
10.3283 	EXP 	window1: blendMode = 'avg'
10.3291 	EXP 	window1: blendMode = 'avg'
10.3444 	EXP 	window1: blendMode = 'avg'
10.3448 	EXP 	window1: blendMode = 'avg'
10.3452 	EXP 	window1: blendMode = 'avg'
10.3461 	EXP 	window1: blendMode = 'avg'
10.3606 	EXP 	window1: blendMode = 'avg'
10.3611 	EXP 	window1: blendMode = 'avg'
10.3614 	EXP 	window1: blendMode = 'avg'
10.3622 	EXP 	window1: blendMode = 'avg'
10.3775 	EXP 	window1: blendMode = 'avg'
10.3779 	EXP 	window1: blendMode = 'avg'
10.3783 	EXP 	window1: blendMode = 'avg'
10.3791 	EXP 	window1: blendMode = 'avg'
10.3944 	EXP 	window1: blendMode = 'avg'
10.3948 	EXP 	window1: blendMode = 'avg'
10.3952 	EXP 	window1: blendMode = 'avg'
10.3961 	EXP 	window1: blendMode = 'avg'
10.4106 	EXP 	window1: blendMode = 'avg'
10.4109 	EXP 	window1: blendMode = 'avg'
10.4113 	EXP 	window1: blendMode = 'avg'
10.4121 	EXP 	window1: blendMode = 'avg'
10.4275 	EXP 	window1: blendMode = 'avg'
10.4280 	EXP 	window1: blendMode = 'avg'
10.4284 	EXP 	window1: blendMode = 'avg'
10.4292 	EXP 	window1: blendMode = 'avg'
10.4444 	EXP 	window1: blendMode = 'avg'
10.4448 	EXP 	window1: blendMode = 'avg'
10.4452 	EXP 	window1: blendMode = 'avg'
10.4461 	EXP 	window1: blendMode = 'avg'
10.4606 	EXP 	window1: blendMode = 'avg'
10.4611 	EXP 	window1: blendMode = 'avg'
10.4615 	EXP 	window1: blendMode = 'avg'
10.4623 	EXP 	window1: blendMode = 'avg'
10.4776 	EXP 	window1: blendMode = 'avg'
10.4780 	EXP 	window1: blendMode = 'avg'
10.4784 	EXP 	window1: blendMode = 'avg'
10.4793 	EXP 	window1: blendMode = 'avg'
10.4944 	EXP 	window1: blendMode = 'avg'
10.4948 	EXP 	window1: blendMode = 'avg'
10.4952 	EXP 	window1: blendMode = 'avg'
10.4960 	EXP 	window1: blendMode = 'avg'
10.5107 	EXP 	window1: blendMode = 'avg'
10.5110 	EXP 	window1: blendMode = 'avg'
10.5114 	EXP 	window1: blendMode = 'avg'
10.5123 	EXP 	window1: blendMode = 'avg'
10.5275 	EXP 	window1: blendMode = 'avg'
10.5279 	EXP 	window1: blendMode = 'avg'
10.5283 	EXP 	window1: blendMode = 'avg'
10.5291 	EXP 	window1: blendMode = 'avg'
10.5447 	EXP 	window1: blendMode = 'avg'
10.5451 	EXP 	window1: blendMode = 'avg'
10.5455 	EXP 	window1: blendMode = 'avg'
10.5463 	EXP 	window1: blendMode = 'avg'
10.5607 	EXP 	window1: blendMode = 'avg'
10.5611 	EXP 	window1: blendMode = 'avg'
10.5614 	EXP 	window1: blendMode = 'avg'
10.5625 	EXP 	window1: blendMode = 'avg'
10.5776 	EXP 	window1: blendMode = 'avg'
10.5781 	EXP 	window1: blendMode = 'avg'
10.5785 	EXP 	window1: blendMode = 'avg'
10.5793 	EXP 	window1: blendMode = 'avg'
10.5944 	EXP 	window1: blendMode = 'avg'
10.5948 	EXP 	window1: blendMode = 'avg'
10.5952 	EXP 	window1: blendMode = 'avg'
10.5961 	EXP 	window1: blendMode = 'avg'
10.6106 	EXP 	window1: blendMode = 'avg'
10.6109 	EXP 	window1: blendMode = 'avg'
10.6113 	EXP 	window1: blendMode = 'avg'
10.6121 	EXP 	window1: blendMode = 'avg'
10.6275 	EXP 	window1: blendMode = 'avg'
10.6278 	EXP 	window1: blendMode = 'avg'
10.6282 	EXP 	window1: blendMode = 'avg'
10.6290 	EXP 	window1: blendMode = 'avg'
10.6445 	EXP 	window1: blendMode = 'avg'
10.6449 	EXP 	window1: blendMode = 'avg'
10.6453 	EXP 	window1: blendMode = 'avg'
10.6461 	EXP 	window1: blendMode = 'avg'
10.6616 	EXP 	window1: blendMode = 'avg'
10.6621 	EXP 	window1: blendMode = 'avg'
10.6625 	EXP 	window1: blendMode = 'avg'
10.6635 	EXP 	window1: blendMode = 'avg'
10.6776 	EXP 	window1: blendMode = 'avg'
10.6780 	EXP 	window1: blendMode = 'avg'
10.6783 	EXP 	window1: blendMode = 'avg'
10.6792 	EXP 	window1: blendMode = 'avg'
10.6946 	EXP 	window1: blendMode = 'avg'
10.6951 	EXP 	window1: blendMode = 'avg'
10.6955 	EXP 	window1: blendMode = 'avg'
10.6963 	EXP 	window1: blendMode = 'avg'
10.7112 	EXP 	window1: blendMode = 'avg'
10.7116 	EXP 	window1: blendMode = 'avg'
10.7120 	EXP 	window1: blendMode = 'avg'
10.7129 	EXP 	window1: blendMode = 'avg'
10.7276 	EXP 	window1: blendMode = 'avg'
10.7280 	EXP 	window1: blendMode = 'avg'
10.7284 	EXP 	window1: blendMode = 'avg'
10.7292 	EXP 	window1: blendMode = 'avg'
10.7444 	EXP 	window1: blendMode = 'avg'
10.7449 	EXP 	window1: blendMode = 'avg'
10.7453 	EXP 	window1: blendMode = 'avg'
10.7461 	EXP 	window1: blendMode = 'avg'
10.7606 	EXP 	window1: blendMode = 'avg'
10.7611 	EXP 	window1: blendMode = 'avg'
10.7615 	EXP 	window1: blendMode = 'avg'
10.7622 	EXP 	window1: blendMode = 'avg'
10.7784 	EXP 	window1: blendMode = 'avg'
10.7788 	EXP 	window1: blendMode = 'avg'
10.7792 	EXP 	window1: blendMode = 'avg'
10.7800 	EXP 	window1: blendMode = 'avg'
10.7944 	EXP 	window1: blendMode = 'avg'
10.7948 	EXP 	window1: blendMode = 'avg'
10.7952 	EXP 	window1: blendMode = 'avg'
10.7961 	EXP 	window1: blendMode = 'avg'
10.8114 	EXP 	window1: blendMode = 'avg'
10.8118 	EXP 	window1: blendMode = 'avg'
10.8122 	EXP 	window1: blendMode = 'avg'
10.8132 	EXP 	window1: blendMode = 'avg'
10.8275 	EXP 	window1: blendMode = 'avg'
10.8279 	EXP 	window1: blendMode = 'avg'
10.8283 	EXP 	window1: blendMode = 'avg'
10.8291 	EXP 	window1: blendMode = 'avg'
10.8449 	EXP 	window1: blendMode = 'avg'
10.8453 	EXP 	window1: blendMode = 'avg'
10.8457 	EXP 	window1: blendMode = 'avg'
10.8465 	EXP 	window1: blendMode = 'avg'
10.8613 	EXP 	window1: blendMode = 'avg'
10.8617 	EXP 	window1: blendMode = 'avg'
10.8621 	EXP 	window1: blendMode = 'avg'
10.8629 	EXP 	window1: blendMode = 'avg'
10.8776 	EXP 	window1: blendMode = 'avg'
10.8780 	EXP 	window1: blendMode = 'avg'
10.8783 	EXP 	window1: blendMode = 'avg'
10.8791 	EXP 	window1: blendMode = 'avg'
10.8944 	EXP 	window1: blendMode = 'avg'
10.8948 	EXP 	window1: blendMode = 'avg'
10.8952 	EXP 	window1: blendMode = 'avg'
10.8960 	EXP 	window1: blendMode = 'avg'
10.9105 	EXP 	window1: blendMode = 'avg'
10.9110 	EXP 	window1: blendMode = 'avg'
10.9114 	EXP 	window1: blendMode = 'avg'
10.9123 	EXP 	window1: blendMode = 'avg'
10.9282 	EXP 	window1: blendMode = 'avg'
10.9286 	EXP 	window1: blendMode = 'avg'
10.9289 	EXP 	window1: blendMode = 'avg'
10.9296 	EXP 	window1: blendMode = 'avg'
10.9437 	EXP 	window1: blendMode = 'avg'
10.9441 	EXP 	window1: blendMode = 'avg'
10.9445 	EXP 	window1: blendMode = 'avg'
10.9454 	EXP 	window1: blendMode = 'avg'
10.9607 	EXP 	window1: blendMode = 'avg'
10.9611 	EXP 	window1: blendMode = 'avg'
10.9615 	EXP 	window1: blendMode = 'avg'
10.9623 	EXP 	window1: blendMode = 'avg'
10.9776 	EXP 	window1: blendMode = 'avg'
10.9780 	EXP 	window1: blendMode = 'avg'
10.9784 	EXP 	window1: blendMode = 'avg'
10.9793 	EXP 	window1: blendMode = 'avg'
10.9945 	EXP 	window1: blendMode = 'avg'
10.9950 	EXP 	window1: blendMode = 'avg'
10.9954 	EXP 	window1: blendMode = 'avg'
10.9962 	EXP 	window1: blendMode = 'avg'
11.0107 	EXP 	window1: blendMode = 'avg'
11.0110 	EXP 	window1: blendMode = 'avg'
11.0114 	EXP 	window1: blendMode = 'avg'
11.0123 	EXP 	window1: blendMode = 'avg'
11.0275 	EXP 	window1: blendMode = 'avg'
11.0279 	EXP 	window1: blendMode = 'avg'
11.0284 	EXP 	window1: blendMode = 'avg'
11.0292 	EXP 	window1: blendMode = 'avg'
11.0445 	EXP 	window1: blendMode = 'avg'
11.0449 	EXP 	window1: blendMode = 'avg'
11.0453 	EXP 	window1: blendMode = 'avg'
11.0461 	EXP 	window1: blendMode = 'avg'
11.0606 	EXP 	window1: blendMode = 'avg'
11.0610 	EXP 	window1: blendMode = 'avg'
11.0613 	EXP 	window1: blendMode = 'avg'
11.0621 	EXP 	window1: blendMode = 'avg'
11.0777 	EXP 	window1: blendMode = 'avg'
11.0781 	EXP 	window1: blendMode = 'avg'
11.0785 	EXP 	window1: blendMode = 'avg'
11.0794 	EXP 	window1: blendMode = 'avg'
11.0939 	EXP 	window1: blendMode = 'avg'
11.0943 	EXP 	window1: blendMode = 'avg'
11.0947 	EXP 	window1: blendMode = 'avg'
11.0956 	EXP 	window1: blendMode = 'avg'
11.1114 	EXP 	window1: blendMode = 'avg'
11.1118 	EXP 	window1: blendMode = 'avg'
11.1122 	EXP 	window1: blendMode = 'avg'
11.1132 	EXP 	window1: blendMode = 'avg'
11.1276 	EXP 	window1: blendMode = 'avg'
11.1280 	EXP 	window1: blendMode = 'avg'
11.1284 	EXP 	window1: blendMode = 'avg'
11.1292 	EXP 	window1: blendMode = 'avg'
11.1448 	EXP 	window1: blendMode = 'avg'
11.1453 	EXP 	window1: blendMode = 'avg'
11.1456 	EXP 	window1: blendMode = 'avg'
11.1464 	EXP 	window1: blendMode = 'avg'
11.1607 	EXP 	window1: blendMode = 'avg'
11.1611 	EXP 	window1: blendMode = 'avg'
11.1615 	EXP 	window1: blendMode = 'avg'
11.1623 	EXP 	window1: blendMode = 'avg'
11.1776 	EXP 	window1: blendMode = 'avg'
11.1781 	EXP 	window1: blendMode = 'avg'
11.1784 	EXP 	window1: blendMode = 'avg'
11.1793 	EXP 	window1: blendMode = 'avg'
11.1946 	EXP 	window1: blendMode = 'avg'
11.1950 	EXP 	window1: blendMode = 'avg'
11.1954 	EXP 	window1: blendMode = 'avg'
11.1961 	EXP 	window1: blendMode = 'avg'
11.2115 	EXP 	window1: blendMode = 'avg'
11.2119 	EXP 	window1: blendMode = 'avg'
11.2123 	EXP 	window1: blendMode = 'avg'
11.2130 	EXP 	window1: blendMode = 'avg'
11.2284 	EXP 	window1: blendMode = 'avg'
11.2288 	EXP 	window1: blendMode = 'avg'
11.2292 	EXP 	window1: blendMode = 'avg'
11.2301 	EXP 	window1: blendMode = 'avg'
11.2444 	EXP 	window1: blendMode = 'avg'
11.2447 	EXP 	window1: blendMode = 'avg'
11.2450 	EXP 	window1: blendMode = 'avg'
11.2458 	EXP 	window1: blendMode = 'avg'
11.2606 	EXP 	window1: blendMode = 'avg'
11.2611 	EXP 	window1: blendMode = 'avg'
11.2615 	EXP 	window1: blendMode = 'avg'
11.2623 	EXP 	window1: blendMode = 'avg'
11.2777 	EXP 	window1: blendMode = 'avg'
11.2781 	EXP 	window1: blendMode = 'avg'
11.2785 	EXP 	window1: blendMode = 'avg'
11.2793 	EXP 	window1: blendMode = 'avg'
11.2945 	EXP 	window1: blendMode = 'avg'
11.2949 	EXP 	window1: blendMode = 'avg'
11.2953 	EXP 	window1: blendMode = 'avg'
11.2961 	EXP 	window1: blendMode = 'avg'
11.3105 	EXP 	window1: blendMode = 'avg'
11.3110 	EXP 	window1: blendMode = 'avg'
11.3113 	EXP 	window1: blendMode = 'avg'
11.3122 	EXP 	window1: blendMode = 'avg'
11.3277 	EXP 	window1: blendMode = 'avg'
11.3280 	EXP 	window1: blendMode = 'avg'
11.3284 	EXP 	window1: blendMode = 'avg'
11.3292 	EXP 	window1: blendMode = 'avg'
11.3441 	EXP 	window1: blendMode = 'avg'
11.3445 	EXP 	window1: blendMode = 'avg'
11.3448 	EXP 	window1: blendMode = 'avg'
11.3457 	EXP 	window1: blendMode = 'avg'
11.3610 	EXP 	window1: blendMode = 'avg'
11.3615 	EXP 	window1: blendMode = 'avg'
11.3618 	EXP 	window1: blendMode = 'avg'
11.3626 	EXP 	window1: blendMode = 'avg'
11.3779 	EXP 	window1: blendMode = 'avg'
11.3784 	EXP 	window1: blendMode = 'avg'
11.3788 	EXP 	window1: blendMode = 'avg'
11.3797 	EXP 	window1: blendMode = 'avg'
11.3949 	EXP 	window1: blendMode = 'avg'
11.3953 	EXP 	window1: blendMode = 'avg'
11.3957 	EXP 	window1: blendMode = 'avg'
11.3965 	EXP 	window1: blendMode = 'avg'
11.4117 	EXP 	window1: blendMode = 'avg'
11.4121 	EXP 	window1: blendMode = 'avg'
11.4125 	EXP 	window1: blendMode = 'avg'
11.4133 	EXP 	window1: blendMode = 'avg'
11.4278 	EXP 	window1: blendMode = 'avg'
11.4281 	EXP 	window1: blendMode = 'avg'
11.4285 	EXP 	window1: blendMode = 'avg'
11.4293 	EXP 	window1: blendMode = 'avg'
11.4447 	EXP 	window1: blendMode = 'avg'
11.4451 	EXP 	window1: blendMode = 'avg'
11.4455 	EXP 	window1: blendMode = 'avg'
11.4463 	EXP 	window1: blendMode = 'avg'
11.4616 	EXP 	window1: blendMode = 'avg'
11.4620 	EXP 	window1: blendMode = 'avg'
11.4623 	EXP 	window1: blendMode = 'avg'
11.4632 	EXP 	window1: blendMode = 'avg'
11.4774 	EXP 	window1: blendMode = 'avg'
11.4780 	EXP 	window1: blendMode = 'avg'
11.4784 	EXP 	window1: blendMode = 'avg'
11.4795 	EXP 	window1: blendMode = 'avg'
11.4943 	EXP 	window1: blendMode = 'avg'
11.4949 	EXP 	window1: blendMode = 'avg'
11.4953 	EXP 	window1: blendMode = 'avg'
11.4963 	EXP 	window1: blendMode = 'avg'
11.5119 	EXP 	window1: blendMode = 'avg'
11.5123 	EXP 	window1: blendMode = 'avg'
11.5127 	EXP 	window1: blendMode = 'avg'
11.5138 	EXP 	window1: blendMode = 'avg'
11.5274 	EXP 	window1: blendMode = 'avg'
11.5277 	EXP 	window1: blendMode = 'avg'
11.5281 	EXP 	window1: blendMode = 'avg'
11.5293 	EXP 	window1: blendMode = 'avg'
11.5448 	EXP 	window1: blendMode = 'avg'
11.5452 	EXP 	window1: blendMode = 'avg'
11.5457 	EXP 	window1: blendMode = 'avg'
11.5468 	EXP 	window1: blendMode = 'avg'
11.5615 	EXP 	window1: blendMode = 'avg'
11.5619 	EXP 	window1: blendMode = 'avg'
11.5625 	EXP 	window1: blendMode = 'avg'
11.5635 	EXP 	window1: blendMode = 'avg'
11.5784 	EXP 	window1: blendMode = 'avg'
11.5788 	EXP 	window1: blendMode = 'avg'
11.5793 	EXP 	window1: blendMode = 'avg'
11.5805 	EXP 	window1: blendMode = 'avg'
11.5943 	EXP 	window1: blendMode = 'avg'
11.5947 	EXP 	window1: blendMode = 'avg'
11.5951 	EXP 	window1: blendMode = 'avg'
11.5961 	EXP 	window1: blendMode = 'avg'
11.6115 	EXP 	window1: blendMode = 'avg'
11.6119 	EXP 	window1: blendMode = 'avg'
11.6124 	EXP 	window1: blendMode = 'avg'
11.6137 	EXP 	window1: blendMode = 'avg'
11.6273 	EXP 	window1: blendMode = 'avg'
11.6277 	EXP 	window1: blendMode = 'avg'
11.6281 	EXP 	window1: blendMode = 'avg'
11.6288 	EXP 	window1: blendMode = 'avg'
11.6447 	EXP 	window1: blendMode = 'avg'
11.6451 	EXP 	window1: blendMode = 'avg'
11.6455 	EXP 	window1: blendMode = 'avg'
11.6463 	EXP 	window1: blendMode = 'avg'
11.6606 	EXP 	window1: blendMode = 'avg'
11.6611 	EXP 	window1: blendMode = 'avg'
11.6615 	EXP 	window1: blendMode = 'avg'
11.6623 	EXP 	window1: blendMode = 'avg'
11.6779 	EXP 	window1: blendMode = 'avg'
11.6783 	EXP 	window1: blendMode = 'avg'
11.6786 	EXP 	window1: blendMode = 'avg'
11.6793 	EXP 	window1: blendMode = 'avg'
11.6946 	EXP 	window1: blendMode = 'avg'
11.6950 	EXP 	window1: blendMode = 'avg'
11.6954 	EXP 	window1: blendMode = 'avg'
11.6963 	EXP 	window1: blendMode = 'avg'
11.7117 	EXP 	window1: blendMode = 'avg'
11.7121 	EXP 	window1: blendMode = 'avg'
11.7125 	EXP 	window1: blendMode = 'avg'
11.7133 	EXP 	window1: blendMode = 'avg'
11.7279 	EXP 	window1: blendMode = 'avg'
11.7283 	EXP 	window1: blendMode = 'avg'
11.7287 	EXP 	window1: blendMode = 'avg'
11.7295 	EXP 	window1: blendMode = 'avg'
11.7446 	EXP 	window1: blendMode = 'avg'
11.7450 	EXP 	window1: blendMode = 'avg'
11.7453 	EXP 	window1: blendMode = 'avg'
11.7461 	EXP 	window1: blendMode = 'avg'
11.7619 	EXP 	window1: blendMode = 'avg'
11.7623 	EXP 	window1: blendMode = 'avg'
11.7627 	EXP 	window1: blendMode = 'avg'
11.7637 	EXP 	window1: blendMode = 'avg'
11.7778 	EXP 	window1: blendMode = 'avg'
11.7782 	EXP 	window1: blendMode = 'avg'
11.7786 	EXP 	window1: blendMode = 'avg'
11.7795 	EXP 	window1: blendMode = 'avg'
11.7940 	EXP 	window1: blendMode = 'avg'
11.7944 	EXP 	window1: blendMode = 'avg'
11.7948 	EXP 	window1: blendMode = 'avg'
11.7957 	EXP 	window1: blendMode = 'avg'
11.8119 	EXP 	window1: blendMode = 'avg'
11.8123 	EXP 	window1: blendMode = 'avg'
11.8127 	EXP 	window1: blendMode = 'avg'
11.8136 	EXP 	window1: blendMode = 'avg'
11.8287 	EXP 	window1: blendMode = 'avg'
11.8291 	EXP 	window1: blendMode = 'avg'
11.8295 	EXP 	window1: blendMode = 'avg'
11.8302 	EXP 	window1: blendMode = 'avg'
11.8454 	EXP 	window1: blendMode = 'avg'
11.8459 	EXP 	window1: blendMode = 'avg'
11.8462 	EXP 	window1: blendMode = 'avg'
11.8470 	EXP 	window1: blendMode = 'avg'
11.8606 	EXP 	window1: blendMode = 'avg'
11.8610 	EXP 	window1: blendMode = 'avg'
11.8614 	EXP 	window1: blendMode = 'avg'
11.8622 	EXP 	window1: blendMode = 'avg'
11.8778 	EXP 	window1: blendMode = 'avg'
11.8783 	EXP 	window1: blendMode = 'avg'
11.8786 	EXP 	window1: blendMode = 'avg'
11.8793 	EXP 	window1: blendMode = 'avg'
11.8948 	EXP 	window1: blendMode = 'avg'
11.8952 	EXP 	window1: blendMode = 'avg'
11.8956 	EXP 	window1: blendMode = 'avg'
11.8965 	EXP 	window1: blendMode = 'avg'
11.9112 	EXP 	window1: blendMode = 'avg'
11.9116 	EXP 	window1: blendMode = 'avg'
11.9119 	EXP 	window1: blendMode = 'avg'
11.9128 	EXP 	window1: blendMode = 'avg'
11.9278 	EXP 	window1: blendMode = 'avg'
11.9282 	EXP 	window1: blendMode = 'avg'
11.9286 	EXP 	window1: blendMode = 'avg'
11.9297 	EXP 	window1: blendMode = 'avg'
11.9447 	EXP 	window1: blendMode = 'avg'
11.9451 	EXP 	window1: blendMode = 'avg'
11.9455 	EXP 	window1: blendMode = 'avg'
11.9466 	EXP 	window1: blendMode = 'avg'
11.9606 	EXP 	window1: blendMode = 'avg'
11.9610 	EXP 	window1: blendMode = 'avg'
11.9614 	EXP 	window1: blendMode = 'avg'
11.9625 	EXP 	window1: blendMode = 'avg'
11.9775 	EXP 	window1: blendMode = 'avg'
11.9779 	EXP 	window1: blendMode = 'avg'
11.9783 	EXP 	window1: blendMode = 'avg'
11.9796 	EXP 	window1: blendMode = 'avg'
11.9946 	EXP 	window1: blendMode = 'avg'
11.9951 	EXP 	window1: blendMode = 'avg'
11.9955 	EXP 	window1: blendMode = 'avg'
11.9967 	EXP 	window1: blendMode = 'avg'
12.0114 	EXP 	window1: blendMode = 'avg'
12.0118 	EXP 	window1: blendMode = 'avg'
12.0122 	EXP 	window1: blendMode = 'avg'
12.0130 	EXP 	window1: blendMode = 'avg'
12.0277 	EXP 	window1: blendMode = 'avg'
12.0280 	EXP 	window1: blendMode = 'avg'
12.0285 	EXP 	window1: blendMode = 'avg'
12.0293 	EXP 	window1: blendMode = 'avg'
12.0448 	EXP 	window1: blendMode = 'avg'
12.0452 	EXP 	window1: blendMode = 'avg'
12.0456 	EXP 	window1: blendMode = 'avg'
12.0464 	EXP 	window1: blendMode = 'avg'
12.0612 	EXP 	window1: blendMode = 'avg'
12.0616 	EXP 	window1: blendMode = 'avg'
12.0620 	EXP 	window1: blendMode = 'avg'
12.0628 	EXP 	window1: blendMode = 'avg'
12.0778 	DATA 	Mouse: Left button down, pos=(1282,575)
12.0781 	EXP 	window1: blendMode = 'avg'
12.0785 	EXP 	window1: blendMode = 'avg'
12.0789 	EXP 	window1: blendMode = 'avg'
12.0798 	EXP 	window1: blendMode = 'avg'
12.0938 	EXP 	window1: blendMode = 'avg'
12.0942 	EXP 	window1: blendMode = 'avg'
12.0946 	EXP 	window1: blendMode = 'avg'
12.1009 	EXP 	window1: blendMode = 'avg'
12.1106 	EXP 	window1: blendMode = 'avg'
12.1109 	EXP 	window1: blendMode = 'avg'
12.1113 	EXP 	window1: blendMode = 'avg'
12.1122 	EXP 	window1: blendMode = 'avg'
12.1275 	EXP 	window1: blendMode = 'avg'
12.1279 	EXP 	window1: blendMode = 'avg'
12.1282 	EXP 	window1: blendMode = 'avg'
12.1292 	EXP 	window1: blendMode = 'avg'
12.1446 	EXP 	window1: blendMode = 'avg'
12.1450 	EXP 	window1: blendMode = 'avg'
12.1454 	EXP 	window1: blendMode = 'avg'
12.1464 	EXP 	window1: blendMode = 'avg'
12.1606 	EXP 	window1: blendMode = 'avg'
12.1610 	EXP 	window1: blendMode = 'avg'
12.1614 	EXP 	window1: blendMode = 'avg'
12.1624 	EXP 	window1: blendMode = 'avg'
12.1784 	DATA 	Mouse:  Left button up, pos=(1282,575)
12.1787 	EXP 	window1: blendMode = 'avg'
12.1791 	EXP 	window1: blendMode = 'avg'
12.1795 	EXP 	window1: blendMode = 'avg'
12.1805 	EXP 	window1: blendMode = 'avg'
12.1942 	EXP 	window1: blendMode = 'avg'
12.1946 	EXP 	window1: blendMode = 'avg'
12.1950 	EXP 	window1: blendMode = 'avg'
12.1960 	EXP 	window1: blendMode = 'avg'
12.2114 	EXP 	window1: blendMode = 'avg'
12.2118 	EXP 	window1: blendMode = 'avg'
12.2122 	EXP 	window1: blendMode = 'avg'
12.2132 	EXP 	window1: blendMode = 'avg'
12.2279 	EXP 	window1: blendMode = 'avg'
12.2283 	EXP 	window1: blendMode = 'avg'
12.2287 	EXP 	window1: blendMode = 'avg'
12.2299 	EXP 	window1: blendMode = 'avg'
12.2445 	EXP 	window1: blendMode = 'avg'
12.2448 	EXP 	window1: blendMode = 'avg'
12.2452 	EXP 	window1: blendMode = 'avg'
12.2462 	EXP 	window1: blendMode = 'avg'
12.2614 	EXP 	window1: blendMode = 'avg'
12.2618 	EXP 	window1: blendMode = 'avg'
12.2622 	EXP 	window1: blendMode = 'avg'
12.2631 	EXP 	window1: blendMode = 'avg'
12.2780 	EXP 	window1: blendMode = 'avg'
12.2784 	EXP 	window1: blendMode = 'avg'
12.2787 	EXP 	window1: blendMode = 'avg'
12.2797 	EXP 	window1: blendMode = 'avg'
12.2946 	EXP 	window1: blendMode = 'avg'
12.2950 	EXP 	window1: blendMode = 'avg'
12.2954 	EXP 	window1: blendMode = 'avg'
12.2965 	EXP 	window1: blendMode = 'avg'
12.3116 	EXP 	window1: blendMode = 'avg'
12.3120 	EXP 	window1: blendMode = 'avg'
12.3123 	EXP 	window1: blendMode = 'avg'
12.3133 	EXP 	window1: blendMode = 'avg'
12.3287 	EXP 	window1: blendMode = 'avg'
12.3290 	EXP 	window1: blendMode = 'avg'
12.3294 	EXP 	window1: blendMode = 'avg'
12.3304 	EXP 	window1: blendMode = 'avg'
12.3451 	EXP 	window1: blendMode = 'avg'
12.3455 	EXP 	window1: blendMode = 'avg'
12.3458 	EXP 	window1: blendMode = 'avg'
12.3468 	EXP 	window1: blendMode = 'avg'
12.3617 	EXP 	window1: blendMode = 'avg'
12.3622 	EXP 	window1: blendMode = 'avg'
12.3626 	EXP 	window1: blendMode = 'avg'
12.3634 	EXP 	window1: blendMode = 'avg'
12.3776 	EXP 	window1: blendMode = 'avg'
12.3780 	EXP 	window1: blendMode = 'avg'
12.3784 	EXP 	window1: blendMode = 'avg'
12.3797 	EXP 	window1: blendMode = 'avg'
12.3945 	EXP 	window1: blendMode = 'avg'
12.3948 	EXP 	window1: blendMode = 'avg'
12.3952 	EXP 	window1: blendMode = 'avg'
12.3965 	EXP 	window1: blendMode = 'avg'
12.4114 	EXP 	window1: blendMode = 'avg'
12.4118 	EXP 	window1: blendMode = 'avg'
12.4122 	EXP 	window1: blendMode = 'avg'
12.4134 	EXP 	window1: blendMode = 'avg'
12.4283 	EXP 	window1: blendMode = 'avg'
12.4287 	EXP 	window1: blendMode = 'avg'
12.4292 	EXP 	window1: blendMode = 'avg'
12.4304 	EXP 	window1: blendMode = 'avg'
12.4446 	EXP 	window1: blendMode = 'avg'
12.4450 	EXP 	window1: blendMode = 'avg'
12.4455 	EXP 	window1: blendMode = 'avg'
12.4468 	EXP 	window1: blendMode = 'avg'
12.4606 	EXP 	window1: blendMode = 'avg'
12.4610 	EXP 	window1: blendMode = 'avg'
12.4614 	EXP 	window1: blendMode = 'avg'
12.4623 	EXP 	window1: blendMode = 'avg'
12.4787 	EXP 	window1: blendMode = 'avg'
12.4791 	EXP 	window1: blendMode = 'avg'
12.4794 	EXP 	window1: blendMode = 'avg'
12.4806 	EXP 	window1: blendMode = 'avg'
12.4944 	EXP 	window1: blendMode = 'avg'
12.4948 	EXP 	window1: blendMode = 'avg'
12.4952 	EXP 	window1: blendMode = 'avg'
12.4962 	EXP 	window1: blendMode = 'avg'
12.5116 	EXP 	window1: blendMode = 'avg'
12.5120 	EXP 	window1: blendMode = 'avg'
12.5124 	EXP 	window1: blendMode = 'avg'
12.5134 	EXP 	window1: blendMode = 'avg'
12.5279 	EXP 	window1: blendMode = 'avg'
12.5283 	EXP 	window1: blendMode = 'avg'
12.5288 	EXP 	window1: blendMode = 'avg'
12.5297 	EXP 	window1: blendMode = 'avg'
12.5449 	EXP 	window1: blendMode = 'avg'
12.5453 	EXP 	window1: blendMode = 'avg'
12.5457 	EXP 	window1: blendMode = 'avg'
12.5467 	EXP 	window1: blendMode = 'avg'
12.5609 	EXP 	window1: blendMode = 'avg'
12.5613 	EXP 	window1: blendMode = 'avg'
12.5617 	EXP 	window1: blendMode = 'avg'
12.5627 	EXP 	window1: blendMode = 'avg'
12.5779 	EXP 	window1: blendMode = 'avg'
12.5783 	EXP 	window1: blendMode = 'avg'
12.5786 	EXP 	window1: blendMode = 'avg'
12.5795 	EXP 	window1: blendMode = 'avg'
12.5957 	EXP 	window1: blendMode = 'avg'
12.5961 	EXP 	window1: blendMode = 'avg'
12.5964 	EXP 	window1: blendMode = 'avg'
12.5974 	EXP 	window1: blendMode = 'avg'
12.6119 	EXP 	window1: blendMode = 'avg'
12.6123 	EXP 	window1: blendMode = 'avg'
12.6127 	EXP 	window1: blendMode = 'avg'
12.6137 	EXP 	window1: blendMode = 'avg'
12.6280 	EXP 	window1: blendMode = 'avg'
12.6284 	EXP 	window1: blendMode = 'avg'
12.6288 	EXP 	window1: blendMode = 'avg'
12.6297 	EXP 	window1: blendMode = 'avg'
12.6453 	EXP 	window1: blendMode = 'avg'
12.6458 	EXP 	window1: blendMode = 'avg'
12.6462 	EXP 	window1: blendMode = 'avg'
12.6472 	EXP 	window1: blendMode = 'avg'
12.6606 	EXP 	window1: blendMode = 'avg'
12.6610 	EXP 	window1: blendMode = 'avg'
12.6614 	EXP 	window1: blendMode = 'avg'
12.6624 	EXP 	window1: blendMode = 'avg'
12.6783 	EXP 	window1: blendMode = 'avg'
12.6787 	EXP 	window1: blendMode = 'avg'
12.6791 	EXP 	window1: blendMode = 'avg'
12.6801 	EXP 	window1: blendMode = 'avg'
12.6948 	DATA 	Mouse: Left button down, pos=(1085,594)
12.6951 	EXP 	window1: blendMode = 'avg'
12.6954 	EXP 	window1: blendMode = 'avg'
12.6958 	EXP 	window1: blendMode = 'avg'
12.6968 	EXP 	window1: blendMode = 'avg'
12.7114 	EXP 	window1: blendMode = 'avg'
12.7118 	EXP 	window1: blendMode = 'avg'
12.7122 	EXP 	window1: blendMode = 'avg'
12.7132 	EXP 	window1: blendMode = 'avg'
12.7277 	EXP 	window1: blendMode = 'avg'
12.7281 	EXP 	window1: blendMode = 'avg'
12.7285 	EXP 	window1: blendMode = 'avg'
12.7295 	EXP 	window1: blendMode = 'avg'
12.7443 	EXP 	window1: blendMode = 'avg'
12.7447 	EXP 	window1: blendMode = 'avg'
12.7451 	EXP 	window1: blendMode = 'avg'
12.7459 	EXP 	window1: blendMode = 'avg'
12.7606 	EXP 	window1: blendMode = 'avg'
12.7610 	EXP 	window1: blendMode = 'avg'
12.7614 	EXP 	window1: blendMode = 'avg'
12.7623 	EXP 	window1: blendMode = 'avg'
12.7784 	EXP 	window1: blendMode = 'avg'
12.7788 	EXP 	window1: blendMode = 'avg'
12.7792 	EXP 	window1: blendMode = 'avg'
12.7802 	EXP 	window1: blendMode = 'avg'
12.7945 	DATA 	Mouse:  Left button up, pos=(1085,594)
12.7949 	EXP 	window1: blendMode = 'avg'
12.7953 	EXP 	window1: blendMode = 'avg'
12.7957 	EXP 	window1: blendMode = 'avg'
12.7967 	EXP 	window1: blendMode = 'avg'
12.8114 	EXP 	window1: blendMode = 'avg'
12.8119 	EXP 	window1: blendMode = 'avg'
12.8123 	EXP 	window1: blendMode = 'avg'
12.8132 	EXP 	window1: blendMode = 'avg'
12.8278 	EXP 	window1: blendMode = 'avg'
12.8283 	EXP 	window1: blendMode = 'avg'
12.8287 	EXP 	window1: blendMode = 'avg'
12.8299 	EXP 	window1: blendMode = 'avg'
12.8443 	EXP 	window1: blendMode = 'avg'
12.8449 	EXP 	window1: blendMode = 'avg'
12.8453 	EXP 	window1: blendMode = 'avg'
12.8465 	EXP 	window1: blendMode = 'avg'
12.8606 	EXP 	window1: blendMode = 'avg'
12.8609 	EXP 	window1: blendMode = 'avg'
12.8613 	EXP 	window1: blendMode = 'avg'
12.8628 	EXP 	window1: blendMode = 'avg'
12.8775 	EXP 	window1: blendMode = 'avg'
12.8780 	EXP 	window1: blendMode = 'avg'
12.8783 	EXP 	window1: blendMode = 'avg'
12.8797 	EXP 	window1: blendMode = 'avg'
12.8944 	EXP 	window1: blendMode = 'avg'
12.8948 	EXP 	window1: blendMode = 'avg'
12.8951 	EXP 	window1: blendMode = 'avg'
12.8964 	EXP 	window1: blendMode = 'avg'
12.9114 	EXP 	window1: blendMode = 'avg'
12.9119 	EXP 	window1: blendMode = 'avg'
12.9122 	EXP 	window1: blendMode = 'avg'
12.9136 	EXP 	window1: blendMode = 'avg'
12.9276 	EXP 	window1: blendMode = 'avg'
12.9280 	EXP 	window1: blendMode = 'avg'
12.9284 	EXP 	window1: blendMode = 'avg'
12.9293 	EXP 	window1: blendMode = 'avg'
12.9447 	EXP 	window1: blendMode = 'avg'
12.9451 	EXP 	window1: blendMode = 'avg'
12.9455 	EXP 	window1: blendMode = 'avg'
12.9464 	EXP 	window1: blendMode = 'avg'
12.9607 	EXP 	window1: blendMode = 'avg'
12.9612 	EXP 	window1: blendMode = 'avg'
12.9615 	EXP 	window1: blendMode = 'avg'
12.9625 	EXP 	window1: blendMode = 'avg'
12.9779 	EXP 	window1: blendMode = 'avg'
12.9783 	EXP 	window1: blendMode = 'avg'
12.9786 	EXP 	window1: blendMode = 'avg'
12.9796 	EXP 	window1: blendMode = 'avg'
12.9945 	EXP 	window1: blendMode = 'avg'
12.9949 	EXP 	window1: blendMode = 'avg'
12.9954 	EXP 	window1: blendMode = 'avg'
12.9963 	EXP 	window1: blendMode = 'avg'
13.0117 	EXP 	window1: blendMode = 'avg'
13.0121 	EXP 	window1: blendMode = 'avg'
13.0125 	EXP 	window1: blendMode = 'avg'
13.0135 	EXP 	window1: blendMode = 'avg'
13.0285 	EXP 	window1: blendMode = 'avg'
13.0290 	EXP 	window1: blendMode = 'avg'
13.0293 	EXP 	window1: blendMode = 'avg'
13.0303 	EXP 	window1: blendMode = 'avg'
13.0447 	EXP 	window1: blendMode = 'avg'
13.0451 	EXP 	window1: blendMode = 'avg'
13.0456 	EXP 	window1: blendMode = 'avg'
13.0466 	EXP 	window1: blendMode = 'avg'
13.0608 	EXP 	window1: blendMode = 'avg'
13.0612 	EXP 	window1: blendMode = 'avg'
13.0616 	EXP 	window1: blendMode = 'avg'
13.0626 	EXP 	window1: blendMode = 'avg'
13.0777 	EXP 	window1: blendMode = 'avg'
13.0781 	EXP 	window1: blendMode = 'avg'
13.0785 	EXP 	window1: blendMode = 'avg'
13.0795 	EXP 	window1: blendMode = 'avg'
13.0949 	EXP 	window1: blendMode = 'avg'
13.0953 	EXP 	window1: blendMode = 'avg'
13.0957 	EXP 	window1: blendMode = 'avg'
13.0967 	EXP 	window1: blendMode = 'avg'
13.1114 	EXP 	window1: blendMode = 'avg'
13.1118 	EXP 	window1: blendMode = 'avg'
13.1122 	EXP 	window1: blendMode = 'avg'
13.1131 	EXP 	window1: blendMode = 'avg'
13.1276 	EXP 	window1: blendMode = 'avg'
13.1281 	EXP 	window1: blendMode = 'avg'
13.1284 	EXP 	window1: blendMode = 'avg'
13.1294 	EXP 	window1: blendMode = 'avg'
13.1454 	DATA 	Mouse: Left button down, pos=(975,590)
13.1457 	EXP 	window1: blendMode = 'avg'
13.1462 	EXP 	window1: blendMode = 'avg'
13.1466 	EXP 	window1: blendMode = 'avg'
13.1476 	EXP 	window1: blendMode = 'avg'
13.1603 	EXP 	window1: blendMode = 'avg'
13.1607 	EXP 	window1: blendMode = 'avg'
13.1611 	EXP 	window1: blendMode = 'avg'
13.1621 	EXP 	window1: blendMode = 'avg'
13.1776 	EXP 	window1: blendMode = 'avg'
13.1779 	EXP 	window1: blendMode = 'avg'
13.1784 	EXP 	window1: blendMode = 'avg'
13.1793 	EXP 	window1: blendMode = 'avg'
13.1947 	EXP 	window1: blendMode = 'avg'
13.1950 	EXP 	window1: blendMode = 'avg'
13.1954 	EXP 	window1: blendMode = 'avg'
13.1964 	EXP 	window1: blendMode = 'avg'
13.2107 	EXP 	window1: blendMode = 'avg'
13.2111 	EXP 	window1: blendMode = 'avg'
13.2115 	EXP 	window1: blendMode = 'avg'
13.2123 	DATA 	Mouse:  Left button up, pos=(975,590)
13.2130 	EXP 	window1: blendMode = 'avg'
13.2275 	EXP 	window1: blendMode = 'avg'
13.2279 	EXP 	window1: blendMode = 'avg'
13.2283 	EXP 	window1: blendMode = 'avg'
13.2293 	EXP 	window1: blendMode = 'avg'
13.2453 	EXP 	window1: blendMode = 'avg'
13.2457 	EXP 	window1: blendMode = 'avg'
13.2460 	EXP 	window1: blendMode = 'avg'
13.2470 	EXP 	window1: blendMode = 'avg'
13.2606 	EXP 	window1: blendMode = 'avg'
13.2611 	EXP 	window1: blendMode = 'avg'
13.2615 	EXP 	window1: blendMode = 'avg'
13.2624 	EXP 	window1: blendMode = 'avg'
13.2786 	EXP 	window1: blendMode = 'avg'
13.2790 	EXP 	window1: blendMode = 'avg'
13.2794 	EXP 	window1: blendMode = 'avg'
13.2804 	EXP 	window1: blendMode = 'avg'
13.2950 	EXP 	window1: blendMode = 'avg'
13.2954 	EXP 	window1: blendMode = 'avg'
13.2958 	EXP 	window1: blendMode = 'avg'
13.2967 	EXP 	window1: blendMode = 'avg'
13.3109 	EXP 	window1: blendMode = 'avg'
13.3113 	EXP 	window1: blendMode = 'avg'
13.3116 	EXP 	window1: blendMode = 'avg'
13.3128 	EXP 	window1: blendMode = 'avg'
13.3278 	EXP 	window1: blendMode = 'avg'
13.3282 	EXP 	window1: blendMode = 'avg'
13.3286 	EXP 	window1: blendMode = 'avg'
13.3298 	EXP 	window1: blendMode = 'avg'
13.3450 	EXP 	window1: blendMode = 'avg'
13.3454 	EXP 	window1: blendMode = 'avg'
13.3458 	EXP 	window1: blendMode = 'avg'
13.3469 	EXP 	window1: blendMode = 'avg'
13.3607 	EXP 	window1: blendMode = 'avg'
13.3611 	EXP 	window1: blendMode = 'avg'
13.3615 	EXP 	window1: blendMode = 'avg'
13.3628 	EXP 	window1: blendMode = 'avg'
13.3775 	EXP 	window1: blendMode = 'avg'
13.3779 	EXP 	window1: blendMode = 'avg'
13.3783 	EXP 	window1: blendMode = 'avg'
13.3799 	EXP 	window1: blendMode = 'avg'
13.3943 	EXP 	window1: blendMode = 'avg'
13.3948 	EXP 	window1: blendMode = 'avg'
13.3952 	EXP 	window1: blendMode = 'avg'
13.3967 	EXP 	window1: blendMode = 'avg'
13.4115 	EXP 	window1: blendMode = 'avg'
13.4120 	EXP 	window1: blendMode = 'avg'
13.4125 	EXP 	window1: blendMode = 'avg'
13.4137 	EXP 	window1: blendMode = 'avg'
13.4278 	EXP 	window1: blendMode = 'avg'
13.4282 	EXP 	window1: blendMode = 'avg'
13.4287 	EXP 	window1: blendMode = 'avg'
13.4301 	EXP 	window1: blendMode = 'avg'
13.4446 	EXP 	window1: blendMode = 'avg'
13.4450 	EXP 	window1: blendMode = 'avg'
13.4454 	EXP 	window1: blendMode = 'avg'
13.4468 	EXP 	window1: blendMode = 'avg'
13.4606 	EXP 	window1: blendMode = 'avg'
13.4610 	EXP 	window1: blendMode = 'avg'
13.4614 	EXP 	window1: blendMode = 'avg'
13.4624 	EXP 	window1: blendMode = 'avg'
13.4778 	EXP 	window1: blendMode = 'avg'
13.4782 	EXP 	window1: blendMode = 'avg'
13.4786 	EXP 	window1: blendMode = 'avg'
13.4796 	EXP 	window1: blendMode = 'avg'
13.4951 	DATA 	Keypress: escape
