12.2870 	EXP 	Created window1 = Window(allowGUI=True, allowStencil=False, autoLog=True, bitsMode=UNKNOWN, blendMode='avg', color=array([ 0.,  0.,  0.]), colorSpace='rgb', fullscr=UNKNOWN, gamma=None, lms=UNKNOWN, monitor=<psychopy.monitors.calibTools.Monitor object at 0x112440510>, multiSample=False, name='window1', numSamples=2, pos=[0, 0], screen=0, size=array([2560, 1440]), stereo=False, units=u'norm', useFBO=True, useRetina=False, viewOri=0.0, viewPos=None, viewScale=None, waitBlanking=True, winType='pyglet')
12.2870 	EXP 	window1: recordFrameIntervals = False
12.4514 	EXP 	window1: recordFrameIntervals = True
12.6356 	EXP 	window1: recordFrameIntervals = False
12.8232 	EXP 	Created instrText = TextStim(alignHoriz='center', alignVert='center', antialias=True, autoLog=True, bold=False, color=array([ 1.,  1.,  1.]), colorSpace='rgb', contrast=1.0, depth=0.0, flipHoriz=False, flipVert=False, font='Arial', fontFiles=[], height=0.1, italic=False, name='instrText', opacity=1.0, ori=0, pos=array([ 0.,  0.]), rgb=array([ 1.,  1.,  1.]), text=unicode(...), units=u'norm', win=Window(...), wrapWidth=1)
12.8293 	EXP 	Created item = TextStim(alignHoriz='center', alignVert='center', antialias=True, autoLog=True, bold=False, color='white', colorSpace='named', contrast=1.0, depth=0.0, flipHoriz=False, flipVert=False, font='Arial', fontFiles=[], height=0.1, italic=False, name='item', opacity=1.0, ori=0, pos=array([ 0. ,  0.5]), rgb=array([ 255.,  255.,  255.]), text=u'default text', units='norm', win=Window(...), wrapWidth=1)
12.9471 	EXP 	Created rating = RatingScale(acceptKeys=['return'], acceptPreText=UNKNOWN, acceptSize=UNKNOWN, acceptText=UNKNOWN, autoLog=True, choices=False, depth=0, disappear=False, flipVert=False, high=1, kwargs=UNKNOWN, labels=list(...), leftKeys=['left'], lineColor='White', low=0, marker=ShapeStim(...), markerColor='DarkBlue', markerExpansion=UNKNOWN, markerStart=None, maxTime=0.0, minTime=0.4, mouseOnly=False, name='rating', noMouse=False, pos=[0.0, -0.2], precision=100, respKeys=['0', '1'], rightKeys=['right'], scale='', self=UNKNOWN, showAccept=False, showValue=False, singleClick=False, size=0.8999999999999999, skipKeys=['tab'], stretch=1.0, textColor='LightGray', textFont='Helvetica Bold', textSize=0.18, tickHeight=1.0, tickMarks=1.0, win=Window(...))
12.9611 	EXP 	Created msgContinue = TextStim(alignHoriz='center', alignVert='center', antialias=True, autoLog=True, bold=False, color='white', colorSpace='named', contrast=1.0, depth=-2.0, flipHoriz=False, flipVert=False, font='Arial', fontFiles=[], height=0.07, italic=False, name='msgContinue', opacity=1.0, ori=0, pos=array([ 0. , -0.8]), rgb=array([ 255.,  255.,  255.]), text=unicode(...), units=u'norm', win=Window(...), wrapWidth=1)
12.9870 	EXP 	Created thanksText = TextStim(alignHoriz='center', alignVert='center', antialias=True, autoLog=True, bold=False, color=array([ 1.,  1.,  1.]), colorSpace='rgb', contrast=1.0, depth=0.0, flipHoriz=False, flipVert=False, font='arial', fontFiles=[], height=0.3, italic=False, name='thanksText', opacity=1.0, ori=0, pos=array([ 0.,  0.]), rgb=array([ 1.,  1.,  1.]), text=unicode(...), units=u'norm', win=Window(...), wrapWidth=1)
12.9896 	EXP 	window1: blendMode = 'avg'
13.0021 	EXP 	rating: flipVert = False
13.0021 	EXP 	rating: autoLog = True
13.0021 	EXP 	instrText: autoDraw = True
13.0027 	EXP 	window1: blendMode = 'avg'
13.0196 	EXP 	window1: blendMode = 'avg'
13.0359 	EXP 	window1: blendMode = 'avg'
13.0528 	EXP 	window1: blendMode = 'avg'
13.0697 	EXP 	window1: blendMode = 'avg'
13.0866 	EXP 	window1: blendMode = 'avg'
13.1030 	EXP 	window1: blendMode = 'avg'
13.1197 	EXP 	window1: blendMode = 'avg'
13.1365 	EXP 	window1: blendMode = 'avg'
13.1528 	EXP 	window1: blendMode = 'avg'
13.1697 	EXP 	window1: blendMode = 'avg'
13.1866 	EXP 	window1: blendMode = 'avg'
13.2029 	EXP 	window1: blendMode = 'avg'
13.2197 	EXP 	window1: blendMode = 'avg'
13.2369 	EXP 	window1: blendMode = 'avg'
13.2528 	EXP 	window1: blendMode = 'avg'
13.2697 	EXP 	window1: blendMode = 'avg'
13.2866 	EXP 	window1: blendMode = 'avg'
13.3029 	EXP 	window1: blendMode = 'avg'
13.3197 	EXP 	window1: blendMode = 'avg'
13.3366 	EXP 	window1: blendMode = 'avg'
13.3528 	EXP 	window1: blendMode = 'avg'
13.3697 	EXP 	window1: blendMode = 'avg'
13.3866 	EXP 	window1: blendMode = 'avg'
13.4029 	EXP 	window1: blendMode = 'avg'
13.4196 	EXP 	window1: blendMode = 'avg'
13.4367 	EXP 	window1: blendMode = 'avg'
13.4529 	EXP 	window1: blendMode = 'avg'
13.4698 	EXP 	window1: blendMode = 'avg'
13.4866 	EXP 	window1: blendMode = 'avg'
13.5036 	EXP 	window1: blendMode = 'avg'
13.5198 	EXP 	window1: blendMode = 'avg'
13.5375 	EXP 	window1: blendMode = 'avg'
13.5529 	EXP 	window1: blendMode = 'avg'
13.5697 	EXP 	window1: blendMode = 'avg'
13.5865 	EXP 	window1: blendMode = 'avg'
13.6032 	EXP 	window1: blendMode = 'avg'
13.6199 	EXP 	window1: blendMode = 'avg'
13.6367 	EXP 	window1: blendMode = 'avg'
13.6529 	EXP 	window1: blendMode = 'avg'
13.6697 	EXP 	window1: blendMode = 'avg'
13.6866 	EXP 	window1: blendMode = 'avg'
13.7029 	EXP 	window1: blendMode = 'avg'
13.7197 	EXP 	window1: blendMode = 'avg'
13.7367 	EXP 	window1: blendMode = 'avg'
13.7529 	EXP 	window1: blendMode = 'avg'
13.7698 	EXP 	window1: blendMode = 'avg'
13.7866 	EXP 	window1: blendMode = 'avg'
13.8034 	EXP 	window1: blendMode = 'avg'
13.8198 	EXP 	window1: blendMode = 'avg'
13.8368 	EXP 	window1: blendMode = 'avg'
13.8528 	EXP 	window1: blendMode = 'avg'
13.8697 	EXP 	window1: blendMode = 'avg'
13.8866 	EXP 	window1: blendMode = 'avg'
13.9029 	EXP 	window1: blendMode = 'avg'
13.9198 	EXP 	window1: blendMode = 'avg'
13.9366 	EXP 	window1: blendMode = 'avg'
13.9529 	EXP 	window1: blendMode = 'avg'
13.9697 	EXP 	window1: blendMode = 'avg'
13.9866 	EXP 	window1: blendMode = 'avg'
14.0038 	EXP 	window1: blendMode = 'avg'
14.0196 	EXP 	window1: blendMode = 'avg'
14.0366 	EXP 	window1: blendMode = 'avg'
14.0529 	EXP 	window1: blendMode = 'avg'
14.0697 	EXP 	window1: blendMode = 'avg'
14.0866 	EXP 	window1: blendMode = 'avg'
14.1035 	EXP 	window1: blendMode = 'avg'
14.1198 	EXP 	window1: blendMode = 'avg'
14.1375 	EXP 	window1: blendMode = 'avg'
14.1529 	EXP 	window1: blendMode = 'avg'
14.1697 	EXP 	window1: blendMode = 'avg'
14.1866 	EXP 	window1: blendMode = 'avg'
14.2035 	EXP 	window1: blendMode = 'avg'
14.2198 	EXP 	window1: blendMode = 'avg'
14.2367 	EXP 	window1: blendMode = 'avg'
14.2529 	EXP 	window1: blendMode = 'avg'
14.2697 	EXP 	window1: blendMode = 'avg'
14.2867 	EXP 	window1: blendMode = 'avg'
14.3030 	EXP 	window1: blendMode = 'avg'
14.3197 	EXP 	window1: blendMode = 'avg'
14.3370 	EXP 	window1: blendMode = 'avg'
14.3545 	EXP 	window1: blendMode = 'avg'
14.3699 	EXP 	window1: blendMode = 'avg'
14.3867 	EXP 	window1: blendMode = 'avg'
14.4035 	EXP 	window1: blendMode = 'avg'
14.4198 	EXP 	window1: blendMode = 'avg'
14.4369 	EXP 	window1: blendMode = 'avg'
14.4529 	EXP 	window1: blendMode = 'avg'
14.4698 	EXP 	window1: blendMode = 'avg'
14.4867 	EXP 	window1: blendMode = 'avg'
14.5036 	EXP 	window1: blendMode = 'avg'
14.5199 	EXP 	window1: blendMode = 'avg'
14.5388 	EXP 	window1: blendMode = 'avg'
14.5529 	EXP 	window1: blendMode = 'avg'
14.5698 	EXP 	window1: blendMode = 'avg'
14.5866 	EXP 	window1: blendMode = 'avg'
14.6035 	EXP 	window1: blendMode = 'avg'
14.6199 	EXP 	window1: blendMode = 'avg'
14.6368 	EXP 	window1: blendMode = 'avg'
14.6528 	EXP 	window1: blendMode = 'avg'
14.6700 	EXP 	window1: blendMode = 'avg'
14.6868 	EXP 	window1: blendMode = 'avg'
14.7036 	EXP 	window1: blendMode = 'avg'
14.7203 	EXP 	window1: blendMode = 'avg'
14.7368 	EXP 	window1: blendMode = 'avg'
14.7529 	EXP 	window1: blendMode = 'avg'
14.7708 	EXP 	window1: blendMode = 'avg'
14.7866 	EXP 	window1: blendMode = 'avg'
14.8035 	EXP 	window1: blendMode = 'avg'
14.8197 	EXP 	window1: blendMode = 'avg'
14.8367 	EXP 	window1: blendMode = 'avg'
14.8528 	EXP 	window1: blendMode = 'avg'
14.8698 	EXP 	window1: blendMode = 'avg'
14.8866 	EXP 	window1: blendMode = 'avg'
14.9036 	EXP 	window1: blendMode = 'avg'
14.9199 	EXP 	window1: blendMode = 'avg'
14.9367 	EXP 	window1: blendMode = 'avg'
14.9528 	EXP 	window1: blendMode = 'avg'
14.9699 	EXP 	window1: blendMode = 'avg'
14.9867 	EXP 	window1: blendMode = 'avg'
15.0036 	EXP 	window1: blendMode = 'avg'
15.0198 	EXP 	window1: blendMode = 'avg'
15.0366 	EXP 	window1: blendMode = 'avg'
15.0529 	EXP 	window1: blendMode = 'avg'
15.0705 	EXP 	window1: blendMode = 'avg'
15.0866 	EXP 	window1: blendMode = 'avg'
15.1036 	EXP 	window1: blendMode = 'avg'
15.1199 	EXP 	window1: blendMode = 'avg'
15.1367 	EXP 	window1: blendMode = 'avg'
15.1529 	EXP 	window1: blendMode = 'avg'
15.1697 	EXP 	window1: blendMode = 'avg'
15.1866 	EXP 	window1: blendMode = 'avg'
15.2036 	EXP 	window1: blendMode = 'avg'
15.2203 	EXP 	window1: blendMode = 'avg'
15.2368 	EXP 	window1: blendMode = 'avg'
15.2528 	EXP 	window1: blendMode = 'avg'
15.2705 	EXP 	window1: blendMode = 'avg'
15.2866 	EXP 	window1: blendMode = 'avg'
15.3036 	EXP 	window1: blendMode = 'avg'
15.3200 	EXP 	window1: blendMode = 'avg'
15.3370 	EXP 	window1: blendMode = 'avg'
15.3529 	EXP 	window1: blendMode = 'avg'
15.3706 	EXP 	window1: blendMode = 'avg'
15.3868 	EXP 	window1: blendMode = 'avg'
15.4036 	EXP 	window1: blendMode = 'avg'
15.4199 	EXP 	window1: blendMode = 'avg'
15.4367 	EXP 	window1: blendMode = 'avg'
15.4527 	EXP 	window1: blendMode = 'avg'
15.4708 	EXP 	window1: blendMode = 'avg'
15.4865 	EXP 	window1: blendMode = 'avg'
15.5036 	EXP 	window1: blendMode = 'avg'
15.5201 	EXP 	window1: blendMode = 'avg'
15.5368 	EXP 	window1: blendMode = 'avg'
15.5528 	EXP 	window1: blendMode = 'avg'
15.5705 	EXP 	window1: blendMode = 'avg'
15.5869 	EXP 	window1: blendMode = 'avg'
15.6029 	EXP 	window1: blendMode = 'avg'
15.6197 	EXP 	window1: blendMode = 'avg'
15.6368 	EXP 	window1: blendMode = 'avg'
15.6528 	EXP 	window1: blendMode = 'avg'
15.6706 	EXP 	window1: blendMode = 'avg'
15.6866 	EXP 	window1: blendMode = 'avg'
15.7035 	EXP 	window1: blendMode = 'avg'
15.7200 	EXP 	window1: blendMode = 'avg'
15.7368 	EXP 	window1: blendMode = 'avg'
15.7545 	EXP 	window1: blendMode = 'avg'
15.7698 	EXP 	window1: blendMode = 'avg'
15.7866 	EXP 	window1: blendMode = 'avg'
15.8035 	EXP 	window1: blendMode = 'avg'
15.8204 	EXP 	window1: blendMode = 'avg'
15.8369 	EXP 	window1: blendMode = 'avg'
15.8539 	EXP 	window1: blendMode = 'avg'
15.8697 	EXP 	window1: blendMode = 'avg'
15.8866 	EXP 	window1: blendMode = 'avg'
15.9036 	EXP 	window1: blendMode = 'avg'
15.9204 	EXP 	window1: blendMode = 'avg'
15.9369 	EXP 	window1: blendMode = 'avg'
15.9538 	EXP 	window1: blendMode = 'avg'
15.9706 	EXP 	window1: blendMode = 'avg'
15.9865 	EXP 	window1: blendMode = 'avg'
16.0035 	EXP 	window1: blendMode = 'avg'
16.0204 	EXP 	window1: blendMode = 'avg'
16.0369 	EXP 	window1: blendMode = 'avg'
16.0538 	EXP 	window1: blendMode = 'avg'
16.0705 	EXP 	window1: blendMode = 'avg'
16.0868 	EXP 	window1: blendMode = 'avg'
16.1037 	EXP 	window1: blendMode = 'avg'
16.1205 	EXP 	window1: blendMode = 'avg'
16.1368 	EXP 	window1: blendMode = 'avg'
16.1528 	EXP 	window1: blendMode = 'avg'
16.1706 	EXP 	window1: blendMode = 'avg'
16.1868 	EXP 	window1: blendMode = 'avg'
16.2037 	EXP 	window1: blendMode = 'avg'
16.2205 	EXP 	window1: blendMode = 'avg'
16.2369 	EXP 	window1: blendMode = 'avg'
16.2539 	EXP 	window1: blendMode = 'avg'
16.2696 	EXP 	window1: blendMode = 'avg'
16.2865 	EXP 	window1: blendMode = 'avg'
16.3030 	EXP 	window1: blendMode = 'avg'
16.3197 	EXP 	window1: blendMode = 'avg'
16.3365 	EXP 	window1: blendMode = 'avg'
16.3538 	EXP 	window1: blendMode = 'avg'
16.3699 	EXP 	window1: blendMode = 'avg'
16.3866 	EXP 	window1: blendMode = 'avg'
16.4028 	EXP 	window1: blendMode = 'avg'
16.4204 	EXP 	window1: blendMode = 'avg'
16.4367 	EXP 	window1: blendMode = 'avg'
16.4537 	EXP 	window1: blendMode = 'avg'
16.4706 	EXP 	window1: blendMode = 'avg'
16.4865 	EXP 	window1: blendMode = 'avg'
16.5029 	EXP 	window1: blendMode = 'avg'
16.5206 	EXP 	window1: blendMode = 'avg'
16.5375 	EXP 	window1: blendMode = 'avg'
16.5537 	EXP 	window1: blendMode = 'avg'
16.5705 	EXP 	window1: blendMode = 'avg'
16.5868 	EXP 	window1: blendMode = 'avg'
16.6036 	EXP 	window1: blendMode = 'avg'
16.6212 	EXP 	window1: blendMode = 'avg'
16.6367 	EXP 	window1: blendMode = 'avg'
16.6539 	EXP 	window1: blendMode = 'avg'
16.6699 	EXP 	window1: blendMode = 'avg'
16.6866 	EXP 	window1: blendMode = 'avg'
16.7039 	EXP 	window1: blendMode = 'avg'
16.7206 	EXP 	window1: blendMode = 'avg'
16.7367 	EXP 	window1: blendMode = 'avg'
16.7538 	EXP 	window1: blendMode = 'avg'
16.7697 	EXP 	window1: blendMode = 'avg'
16.7867 	EXP 	window1: blendMode = 'avg'
16.8028 	EXP 	window1: blendMode = 'avg'
16.8198 	EXP 	window1: blendMode = 'avg'
16.8366 	EXP 	window1: blendMode = 'avg'
16.8537 	EXP 	window1: blendMode = 'avg'
16.8704 	EXP 	window1: blendMode = 'avg'
16.8867 	EXP 	window1: blendMode = 'avg'
16.9035 	EXP 	window1: blendMode = 'avg'
16.9204 	EXP 	window1: blendMode = 'avg'
16.9368 	EXP 	window1: blendMode = 'avg'
16.9537 	EXP 	window1: blendMode = 'avg'
16.9705 	EXP 	window1: blendMode = 'avg'
16.9868 	EXP 	window1: blendMode = 'avg'
17.0036 	EXP 	window1: blendMode = 'avg'
17.0204 	EXP 	window1: blendMode = 'avg'
17.0374 	EXP 	window1: blendMode = 'avg'
17.0537 	EXP 	window1: blendMode = 'avg'
17.0705 	EXP 	window1: blendMode = 'avg'
17.0868 	EXP 	window1: blendMode = 'avg'
17.1036 	EXP 	window1: blendMode = 'avg'
17.1207 	EXP 	window1: blendMode = 'avg'
17.1367 	EXP 	window1: blendMode = 'avg'
17.1538 	EXP 	window1: blendMode = 'avg'
17.1706 	EXP 	window1: blendMode = 'avg'
17.1874 	EXP 	window1: blendMode = 'avg'
17.2039 	EXP 	window1: blendMode = 'avg'
17.2198 	EXP 	window1: blendMode = 'avg'
17.2366 	EXP 	window1: blendMode = 'avg'
17.2537 	EXP 	window1: blendMode = 'avg'
17.2705 	EXP 	window1: blendMode = 'avg'
17.2866 	EXP 	window1: blendMode = 'avg'
17.3036 	EXP 	window1: blendMode = 'avg'
17.3205 	EXP 	window1: blendMode = 'avg'
17.3374 	EXP 	window1: blendMode = 'avg'
17.3538 	EXP 	window1: blendMode = 'avg'
17.3706 	EXP 	window1: blendMode = 'avg'
17.3874 	EXP 	window1: blendMode = 'avg'
17.4034 	EXP 	window1: blendMode = 'avg'
17.4207 	EXP 	window1: blendMode = 'avg'
17.4368 	EXP 	window1: blendMode = 'avg'
17.4535 	EXP 	window1: blendMode = 'avg'
17.4699 	EXP 	window1: blendMode = 'avg'
17.4867 	EXP 	window1: blendMode = 'avg'
17.5029 	EXP 	window1: blendMode = 'avg'
17.5206 	EXP 	window1: blendMode = 'avg'
17.5375 	EXP 	window1: blendMode = 'avg'
17.5536 	EXP 	window1: blendMode = 'avg'
17.5705 	EXP 	window1: blendMode = 'avg'
17.5877 	EXP 	window1: blendMode = 'avg'
17.6038 	EXP 	window1: blendMode = 'avg'
17.6206 	EXP 	window1: blendMode = 'avg'
17.6386 	EXP 	window1: blendMode = 'avg'
17.6539 	EXP 	window1: blendMode = 'avg'
17.6707 	EXP 	window1: blendMode = 'avg'
17.6875 	EXP 	window1: blendMode = 'avg'
17.7048 	EXP 	window1: blendMode = 'avg'
17.7207 	EXP 	window1: blendMode = 'avg'
17.7377 	EXP 	window1: blendMode = 'avg'
17.7539 	EXP 	window1: blendMode = 'avg'
17.7718 	EXP 	window1: blendMode = 'avg'
17.7878 	EXP 	window1: blendMode = 'avg'
17.8046 	EXP 	window1: blendMode = 'avg'
17.8209 	EXP 	window1: blendMode = 'avg'
17.8377 	EXP 	window1: blendMode = 'avg'
17.8539 	EXP 	window1: blendMode = 'avg'
17.8709 	EXP 	window1: blendMode = 'avg'
17.8877 	EXP 	window1: blendMode = 'avg'
17.9046 	EXP 	window1: blendMode = 'avg'
17.9208 	EXP 	window1: blendMode = 'avg'
17.9376 	EXP 	window1: blendMode = 'avg'
17.9539 	EXP 	window1: blendMode = 'avg'
17.9708 	EXP 	window1: blendMode = 'avg'
17.9879 	EXP 	window1: blendMode = 'avg'
18.0048 	EXP 	window1: blendMode = 'avg'
18.0208 	EXP 	window1: blendMode = 'avg'
18.0376 	EXP 	window1: blendMode = 'avg'
18.0545 	EXP 	window1: blendMode = 'avg'
18.0709 	EXP 	window1: blendMode = 'avg'
18.0885 	EXP 	window1: blendMode = 'avg'
18.1045 	EXP 	window1: blendMode = 'avg'
18.1207 	EXP 	window1: blendMode = 'avg'
18.1377 	EXP 	window1: blendMode = 'avg'
18.1546 	EXP 	window1: blendMode = 'avg'
18.1708 	EXP 	window1: blendMode = 'avg'
18.1885 	EXP 	window1: blendMode = 'avg'
18.2045 	EXP 	window1: blendMode = 'avg'
18.2208 	EXP 	window1: blendMode = 'avg'
18.2376 	EXP 	window1: blendMode = 'avg'
18.2546 	EXP 	window1: blendMode = 'avg'
18.2709 	EXP 	window1: blendMode = 'avg'
18.2879 	EXP 	window1: blendMode = 'avg'
18.3048 	EXP 	window1: blendMode = 'avg'
18.3207 	EXP 	window1: blendMode = 'avg'
18.3377 	EXP 	window1: blendMode = 'avg'
18.3546 	EXP 	window1: blendMode = 'avg'
18.3709 	EXP 	window1: blendMode = 'avg'
18.3884 	EXP 	window1: blendMode = 'avg'
18.4045 	EXP 	window1: blendMode = 'avg'
18.4209 	EXP 	window1: blendMode = 'avg'
18.4377 	EXP 	window1: blendMode = 'avg'
18.4546 	EXP 	window1: blendMode = 'avg'
18.4709 	EXP 	window1: blendMode = 'avg'
18.4877 	EXP 	window1: blendMode = 'avg'
18.5046 	EXP 	window1: blendMode = 'avg'
18.5208 	EXP 	window1: blendMode = 'avg'
18.5377 	EXP 	window1: blendMode = 'avg'
18.5546 	EXP 	window1: blendMode = 'avg'
18.5709 	EXP 	window1: blendMode = 'avg'
18.5885 	EXP 	window1: blendMode = 'avg'
18.6049 	EXP 	window1: blendMode = 'avg'
18.6209 	EXP 	window1: blendMode = 'avg'
18.6385 	EXP 	window1: blendMode = 'avg'
18.6546 	EXP 	window1: blendMode = 'avg'
18.6714 	EXP 	window1: blendMode = 'avg'
18.6886 	EXP 	window1: blendMode = 'avg'
18.7046 	EXP 	window1: blendMode = 'avg'
18.7209 	EXP 	window1: blendMode = 'avg'
18.7377 	EXP 	window1: blendMode = 'avg'
18.7547 	EXP 	window1: blendMode = 'avg'
18.7710 	EXP 	window1: blendMode = 'avg'
18.7880 	EXP 	window1: blendMode = 'avg'
18.8046 	EXP 	window1: blendMode = 'avg'
18.8209 	EXP 	window1: blendMode = 'avg'
18.8377 	EXP 	window1: blendMode = 'avg'
18.8546 	EXP 	window1: blendMode = 'avg'
18.8709 	EXP 	window1: blendMode = 'avg'
18.8885 	EXP 	window1: blendMode = 'avg'
18.9048 	EXP 	window1: blendMode = 'avg'
18.9214 	EXP 	window1: blendMode = 'avg'
18.9378 	EXP 	window1: blendMode = 'avg'
18.9547 	EXP 	window1: blendMode = 'avg'
18.9709 	EXP 	window1: blendMode = 'avg'
18.9880 	EXP 	window1: blendMode = 'avg'
19.0047 	EXP 	window1: blendMode = 'avg'
19.0215 	EXP 	window1: blendMode = 'avg'
19.0378 	EXP 	window1: blendMode = 'avg'
19.0547 	EXP 	window1: blendMode = 'avg'
19.0708 	EXP 	window1: blendMode = 'avg'
19.0878 	EXP 	window1: blendMode = 'avg'
19.1046 	EXP 	window1: blendMode = 'avg'
19.1215 	EXP 	window1: blendMode = 'avg'
19.1378 	EXP 	window1: blendMode = 'avg'
19.1546 	EXP 	window1: blendMode = 'avg'
19.1709 	EXP 	window1: blendMode = 'avg'
19.1878 	EXP 	window1: blendMode = 'avg'
19.2048 	EXP 	window1: blendMode = 'avg'
19.2215 	EXP 	window1: blendMode = 'avg'
19.2378 	EXP 	window1: blendMode = 'avg'
19.2548 	EXP 	window1: blendMode = 'avg'
19.2709 	EXP 	window1: blendMode = 'avg'
19.2879 	EXP 	window1: blendMode = 'avg'
19.3048 	EXP 	window1: blendMode = 'avg'
19.3215 	EXP 	window1: blendMode = 'avg'
19.3378 	EXP 	window1: blendMode = 'avg'
19.3547 	EXP 	window1: blendMode = 'avg'
19.3713 	EXP 	window1: blendMode = 'avg'
19.3879 	EXP 	window1: blendMode = 'avg'
19.4047 	EXP 	window1: blendMode = 'avg'
19.4214 	EXP 	window1: blendMode = 'avg'
19.4379 	EXP 	window1: blendMode = 'avg'
19.4547 	EXP 	window1: blendMode = 'avg'
19.4715 	EXP 	window1: blendMode = 'avg'
19.4886 	EXP 	window1: blendMode = 'avg'
19.5045 	EXP 	window1: blendMode = 'avg'
19.5209 	EXP 	window1: blendMode = 'avg'
19.5378 	EXP 	window1: blendMode = 'avg'
19.5547 	EXP 	window1: blendMode = 'avg'
19.5709 	EXP 	window1: blendMode = 'avg'
19.5879 	EXP 	window1: blendMode = 'avg'
19.6052 	DATA 	Keypress: escape
19.6288 	EXP 	Imported IPIP-NEO-PI-R-120-Johnson2014.xlsx as conditions, 120 conditions, 6 params
19.6304 	EXP 	Created sequence: random, trialTypes=120, nReps=1, seed=None
19.6306 	EXP 	New trial (rep=0, index=0): {'Scoring': u'-', 'Facet': u'Modesty', 'Code': u'A5', 'Item': u'Boast about my virtues.', 'Factor': u'Agreeableness', 'Number': 92}
19.6370 	EXP 	RatingScale rating: reset()
